<?xml version="1.0" encoding="UTF-8"?>
<!-- Generated by org.testng.reporters.JUnitReportReporter -->
<testsuite hostname="LTIN523207" failures="0" tests="1" name="com.rest.assured.RA_handson" time="4.243" errors="1" timestamp="2025-11-19T15:48:18 IST" skipped="0">
  <testcase classname="com.rest.assured.RA_handson" name="header" time="4.243">
    <error type="java.lang.StackOverflowError">
      <![CDATA[java.lang.StackOverflowError
at com.rest.assured.RA_handson.equalTo(RA_handson.java:377)
at com.rest.assured.RA_handson.equalTo(RA_handson.java:377)
at com.rest.assured.RA_handson.equalTo(RA_handson.java:377)
at com.rest.assured.RA_handson.equalTo(RA_handson.java:377)
at com.rest.assured.RA_handson.equalTo(RA_handson.java:377)
at com.rest.assured.RA_handson.equalTo(RA_handson.java:377)
at com.rest.assured.RA_handson.equalTo(RA_handson.java:377)
at com.rest.assured.RA_handson.equalTo(RA_handson.java:377)
at com.rest.assured.RA_handson.equalTo(RA_handson.java:377)
at com.rest.assured.RA_handson.equalTo(RA_handson.java:377)
at com.rest.assured.RA_handson.equalTo(RA_handson.java:377)
at com.rest.assured.RA_handson.equalTo(RA_handson.java:377)
at com.rest.assured.RA_handson.equalTo(RA_handson.java:377)
at com.rest.assured.RA_handson.equalTo(RA_handson.java:377)
at com.rest.assured.RA_handson.equalTo(RA_handson.java:377)
at com.rest.assured.RA_handson.equalTo(RA_handson.java:377)
at com.rest.assured.RA_handson.equalTo(RA_handson.java:377)
at com.rest.assured.RA_handson.equalTo(RA_handson.java:377)
at com.rest.assured.RA_handson.equalTo(RA_handson.java:377)
at com.rest.assured.RA_handson.equalTo(RA_handson.java:377)
at com.rest.assured.RA_handson.equalTo(RA_handson.java:377)
at com.rest.assured.RA_handson.equalTo(RA_handson.java:377)
at com.rest.assured.RA_handson.equalTo(RA_handson.java:377)
at com.rest.assured.RA_handson.equalTo(RA_handson.java:377)
at com.rest.assured.RA_handson.equalTo(RA_handson.java:377)
at com.rest.assured.RA_handson.equalTo(RA_handson.java:377)
at com.rest.assured.RA_handson.equalTo(RA_handson.java:377)
at com.rest.assured.RA_handson.equalTo(RA_handson.java:377)
at com.rest.assured.RA_handson.equalTo(RA_handson.java:377)
at com.rest.assured.RA_handson.equalTo(RA_handson.java:377)
at com.rest.assured.RA_handson.equalTo(RA_handson.java:377)
at com.rest.assured.RA_handson.equalTo(RA_handson.java:377)
at com.rest.assured.RA_handson.equalTo(RA_handson.java:377)
at com.rest.assured.RA_handson.equalTo(RA_handson.java:377)
at com.rest.assured.RA_handson.equalTo(RA_handson.java:377)
at com.rest.assured.RA_handson.equalTo(RA_handson.java:377)
at com.rest.assured.RA_handson.equalTo(RA_handson.java:377)
at com.rest.assured.RA_handson.equalTo(RA_handson.java:377)
at com.rest.assured.RA_handson.equalTo(RA_handson.java:377)
at com.rest.assured.RA_handson.equalTo(RA_handson.java:377)
at com.rest.assured.RA_handson.equalTo(RA_handson.java:377)
at com.rest.assured.RA_handson.equalTo(RA_handson.java:377)
at com.rest.assured.RA_handson.equalTo(RA_handson.java:377)
at com.rest.assured.RA_handson.equalTo(RA_handson.java:377)
at com.rest.assured.RA_handson.equalTo(RA_handson.java:377)
at com.rest.assured.RA_handson.equalTo(RA_handson.java:377)
at com.rest.assured.RA_handson.equalTo(RA_handson.java:377)
at com.rest.assured.RA_handson.equalTo(RA_handson.java:377)
at com.rest.assured.RA_handson.equalTo(RA_handson.java:377)
at com.rest.assured.RA_handson.equalTo(RA_handson.java:377)
at com.rest.assured.RA_handson.equalTo(RA_handson.java:377)
at com.rest.assured.RA_handson.equalTo(RA_handson.java:377)
at com.rest.assured.RA_handson.equalTo(RA_handson.java:377)
at com.rest.assured.RA_handson.equalTo(RA_handson.java:377)
at com.rest.assured.RA_handson.equalTo(RA_handson.java:377)
at com.rest.assured.RA_handson.equalTo(RA_handson.java:377)
at com.rest.assured.RA_handson.equalTo(RA_handson.java:377)
at com.rest.assured.RA_handson.equalTo(RA_handson.java:377)
at com.rest.assured.RA_handson.equalTo(RA_handson.java:377)
at com.rest.assured.RA_handson.equalTo(RA_handson.java:377)
at com.rest.assured.RA_handson.equalTo(RA_handson.java:377)
at com.rest.assured.RA_handson.equalTo(RA_handson.java:377)
at com.rest.assured.RA_handson.equalTo(RA_handson.java:377)
at com.rest.assured.RA_handson.equalTo(RA_handson.java:377)
at com.rest.assured.RA_handson.equalTo(RA_handson.java:377)
at com.rest.assured.RA_handson.equalTo(RA_handson.java:377)
at com.rest.assured.RA_handson.equalTo(RA_handson.java:377)
at com.rest.assured.RA_handson.equalTo(RA_handson.java:377)
at com.rest.assured.RA_handson.equalTo(RA_handson.java:377)
at com.rest.assured.RA_handson.equalTo(RA_handson.java:377)
at com.rest.assured.RA_handson.equalTo(RA_handson.java:377)
at com.rest.assured.RA_handson.equalTo(RA_handson.java:377)
at com.rest.assured.RA_handson.equalTo(RA_handson.java:377)
at com.rest.assured.RA_handson.equalTo(RA_handson.java:377)
at com.rest.assured.RA_handson.equalTo(RA_handson.java:377)
at com.rest.assured.RA_handson.equalTo(RA_handson.java:377)
at com.rest.assured.RA_handson.equalTo(RA_handson.java:377)
at com.rest.assured.RA_handson.equalTo(RA_handson.java:377)
at com.rest.assured.RA_handson.equalTo(RA_handson.java:377)
at com.rest.assured.RA_handson.equalTo(RA_handson.java:377)
at com.rest.assured.RA_handson.equalTo(RA_handson.java:377)
at com.rest.assured.RA_handson.equalTo(RA_handson.java:377)
at com.rest.assured.RA_handson.equalTo(RA_handson.java:377)
at com.rest.assured.RA_handson.equalTo(RA_handson.java:377)
at com.rest.assured.RA_handson.equalTo(RA_handson.java:377)
at com.rest.assured.RA_handson.equalTo(RA_handson.java:377)
at com.rest.assured.RA_handson.equalTo(RA_handson.java:377)
at com.rest.assured.RA_handson.equalTo(RA_handson.java:377)
at com.rest.assured.RA_handson.equalTo(RA_handson.java:377)
at com.rest.assured.RA_handson.equalTo(RA_handson.java:377)
at com.rest.assured.RA_handson.equalTo(RA_handson.java:377)
at com.rest.assured.RA_handson.equalTo(RA_handson.java:377)
at com.rest.assured.RA_handson.equalTo(RA_handson.java:377)
at com.rest.assured.RA_handson.equalTo(RA_handson.java:377)
at com.rest.assured.RA_handson.equalTo(RA_handson.java:377)
at com.rest.assured.RA_handson.equalTo(RA_handson.java:377)
at com.rest.assured.RA_handson.equalTo(RA_handson.java:377)
at com.rest.assured.RA_handson.equalTo(RA_handson.java:377)
at com.rest.assured.RA_handson.equalTo(RA_handson.java:377)
at com.rest.assured.RA_handson.equalTo(RA_handson.java:377)
at com.rest.assured.RA_handson.equalTo(RA_handson.java:377)
at com.rest.assured.RA_handson.equalTo(RA_handson.java:377)
at com.rest.assured.RA_handson.equalTo(RA_handson.java:377)
at com.rest.assured.RA_handson.equalTo(RA_handson.java:377)
at com.rest.assured.RA_handson.equalTo(RA_handson.java:377)
at com.rest.assured.RA_handson.equalTo(RA_handson.java:377)
at com.rest.assured.RA_handson.equalTo(RA_handson.java:377)
at com.rest.assured.RA_handson.equalTo(RA_handson.java:377)
at com.rest.assured.RA_handson.equalTo(RA_handson.java:377)
at com.rest.assured.RA_handson.equalTo(RA_handson.java:377)
at com.rest.assured.RA_handson.equalTo(RA_handson.java:377)
at com.rest.assured.RA_handson.equalTo(RA_handson.java:377)
at com.rest.assured.RA_handson.equalTo(RA_handson.java:377)
at com.rest.assured.RA_handson.equalTo(RA_handson.java:377)
at com.rest.assured.RA_handson.equalTo(RA_handson.java:377)
at com.rest.assured.RA_handson.equalTo(RA_handson.java:377)
at com.rest.assured.RA_handson.equalTo(RA_handson.java:377)
at com.rest.assured.RA_handson.equalTo(RA_handson.java:377)
at com.rest.assured.RA_handson.equalTo(RA_handson.java:377)
at com.rest.assured.RA_handson.equalTo(RA_handson.java:377)
at com.rest.assured.RA_handson.equalTo(RA_handson.java:377)
at com.rest.assured.RA_handson.equalTo(RA_handson.java:377)
at com.rest.assured.RA_handson.equalTo(RA_handson.java:377)
at com.rest.assured.RA_handson.equalTo(RA_handson.java:377)
at com.rest.assured.RA_handson.equalTo(RA_handson.java:377)
at com.rest.assured.RA_handson.equalTo(RA_handson.java:377)
at com.rest.assured.RA_handson.equalTo(RA_handson.java:377)
at com.rest.assured.RA_handson.equalTo(RA_handson.java:377)
at com.rest.assured.RA_handson.equalTo(RA_handson.java:377)
at com.rest.assured.RA_handson.equalTo(RA_handson.java:377)
at com.rest.assured.RA_handson.equalTo(RA_handson.java:377)
at com.rest.assured.RA_handson.equalTo(RA_handson.java:377)
at com.rest.assured.RA_handson.equalTo(RA_handson.java:377)
at com.rest.assured.RA_handson.equalTo(RA_handson.java:377)
at com.rest.assured.RA_handson.equalTo(RA_handson.java:377)
at com.rest.assured.RA_handson.equalTo(RA_handson.java:377)
at com.rest.assured.RA_handson.equalTo(RA_handson.java:377)
at com.rest.assured.RA_handson.equalTo(RA_handson.java:377)
at com.rest.assured.RA_handson.equalTo(RA_handson.java:377)
at com.rest.assured.RA_handson.equalTo(RA_handson.java:377)
at com.rest.assured.RA_handson.equalTo(RA_handson.java:377)
at com.rest.assured.RA_handson.equalTo(RA_handson.java:377)
at com.rest.assured.RA_handson.equalTo(RA_handson.java:377)
at com.rest.assured.RA_handson.equalTo(RA_handson.java:377)
at com.rest.assured.RA_handson.equalTo(RA_handson.java:377)
at com.rest.assured.RA_handson.equalTo(RA_handson.java:377)
at com.rest.assured.RA_handson.equalTo(RA_handson.java:377)
at com.rest.assured.RA_handson.equalTo(RA_handson.java:377)
at com.rest.assured.RA_handson.equalTo(RA_handson.java:377)
at com.rest.assured.RA_handson.equalTo(RA_handson.java:377)
at com.rest.assured.RA_handson.equalTo(RA_handson.java:377)
at com.rest.assured.RA_handson.equalTo(RA_handson.java:377)
at com.rest.assured.RA_handson.equalTo(RA_handson.java:377)
at com.rest.assured.RA_handson.equalTo(RA_handson.java:377)
at com.rest.assured.RA_handson.equalTo(RA_handson.java:377)
at com.rest.assured.RA_handson.equalTo(RA_handson.java:377)
at com.rest.assured.RA_handson.equalTo(RA_handson.java:377)
at com.rest.assured.RA_handson.equalTo(RA_handson.java:377)
at com.rest.assured.RA_handson.equalTo(RA_handson.java:377)
at com.rest.assured.RA_handson.equalTo(RA_handson.java:377)
at com.rest.assured.RA_handson.equalTo(RA_handson.java:377)
at com.rest.assured.RA_handson.equalTo(RA_handson.java:377)
at com.rest.assured.RA_handson.equalTo(RA_handson.java:377)
at com.rest.assured.RA_handson.equalTo(RA_handson.java:377)
at com.rest.assured.RA_handson.equalTo(RA_handson.java:377)
at com.rest.assured.RA_handson.equalTo(RA_handson.java:377)
at com.rest.assured.RA_handson.equalTo(RA_handson.java:377)
at com.rest.assured.RA_handson.equalTo(RA_handson.java:377)
at com.rest.assured.RA_handson.equalTo(RA_handson.java:377)
at com.rest.assured.RA_handson.equalTo(RA_handson.java:377)
at com.rest.assured.RA_handson.equalTo(RA_handson.java:377)
at com.rest.assured.RA_handson.equalTo(RA_handson.java:377)
at com.rest.assured.RA_handson.equalTo(RA_handson.java:377)
at com.rest.assured.RA_handson.equalTo(RA_handson.java:377)
at com.rest.assured.RA_handson.equalTo(RA_handson.java:377)
at com.rest.assured.RA_handson.equalTo(RA_handson.java:377)
at com.rest.assured.RA_handson.equalTo(RA_handson.java:377)
at com.rest.assured.RA_handson.equalTo(RA_handson.java:377)
at com.rest.assured.RA_handson.equalTo(RA_handson.java:377)
at com.rest.assured.RA_handson.equalTo(RA_handson.java:377)
at com.rest.assured.RA_handson.equalTo(RA_handson.java:377)
at com.rest.assured.RA_handson.equalTo(RA_handson.java:377)
at com.rest.assured.RA_handson.equalTo(RA_handson.java:377)
at com.rest.assured.RA_handson.equalTo(RA_handson.java:377)
at com.rest.assured.RA_handson.equalTo(RA_handson.java:377)
at com.rest.assured.RA_handson.equalTo(RA_handson.java:377)
at com.rest.assured.RA_handson.equalTo(RA_handson.java:377)
at com.rest.assured.RA_handson.equalTo(RA_handson.java:377)
at com.rest.assured.RA_handson.equalTo(RA_handson.java:377)
at com.rest.assured.RA_handson.equalTo(RA_handson.java:377)
at com.rest.assured.RA_handson.equalTo(RA_handson.java:377)
at com.rest.assured.RA_handson.equalTo(RA_handson.java:377)
at com.rest.assured.RA_handson.equalTo(RA_handson.java:377)
at com.rest.assured.RA_handson.equalTo(RA_handson.java:377)
at com.rest.assured.RA_handson.equalTo(RA_handson.java:377)
at com.rest.assured.RA_handson.equalTo(RA_handson.java:377)
at com.rest.assured.RA_handson.equalTo(RA_handson.java:377)
at com.rest.assured.RA_handson.equalTo(RA_handson.java:377)
at com.rest.assured.RA_handson.equalTo(RA_handson.java:377)
at com.rest.assured.RA_handson.equalTo(RA_handson.java:377)
at com.rest.assured.RA_handson.equalTo(RA_handson.java:377)
at com.rest.assured.RA_handson.equalTo(RA_handson.java:377)
at com.rest.assured.RA_handson.equalTo(RA_handson.java:377)
at com.rest.assured.RA_handson.equalTo(RA_handson.java:377)
at com.rest.assured.RA_handson.equalTo(RA_handson.java:377)
at com.rest.assured.RA_handson.equalTo(RA_handson.java:377)
at com.rest.assured.RA_handson.equalTo(RA_handson.java:377)
at com.rest.assured.RA_handson.equalTo(RA_handson.java:377)
at com.rest.assured.RA_handson.equalTo(RA_handson.java:377)
at com.rest.assured.RA_handson.equalTo(RA_handson.java:377)
at com.rest.assured.RA_handson.equalTo(RA_handson.java:377)
at com.rest.assured.RA_handson.equalTo(RA_handson.java:377)
at com.rest.assured.RA_handson.equalTo(RA_handson.java:377)
at com.rest.assured.RA_handson.equalTo(RA_handson.java:377)
at com.rest.assured.RA_handson.equalTo(RA_handson.java:377)
at com.rest.assured.RA_handson.equalTo(RA_handson.java:377)
at com.rest.assured.RA_handson.equalTo(RA_handson.java:377)
at com.rest.assured.RA_handson.equalTo(RA_handson.java:377)
at com.rest.assured.RA_handson.equalTo(RA_handson.java:377)
at com.rest.assured.RA_handson.equalTo(RA_handson.java:377)
at com.rest.assured.RA_handson.equalTo(RA_handson.java:377)
at com.rest.assured.RA_handson.equalTo(RA_handson.java:377)
at com.rest.assured.RA_handson.equalTo(RA_handson.java:377)
at com.rest.assured.RA_handson.equalTo(RA_handson.java:377)
at com.rest.assured.RA_handson.equalTo(RA_handson.java:377)
at com.rest.assured.RA_handson.equalTo(RA_handson.java:377)
at com.rest.assured.RA_handson.equalTo(RA_handson.java:377)
at com.rest.assured.RA_handson.equalTo(RA_handson.java:377)
at com.rest.assured.RA_handson.equalTo(RA_handson.java:377)
at com.rest.assured.RA_handson.equalTo(RA_handson.java:377)
at com.rest.assured.RA_handson.equalTo(RA_handson.java:377)
at com.rest.assured.RA_handson.equalTo(RA_handson.java:377)
at com.rest.assured.RA_handson.equalTo(RA_handson.java:377)
at com.rest.assured.RA_handson.equalTo(RA_handson.java:377)
at com.rest.assured.RA_handson.equalTo(RA_handson.java:377)
at com.rest.assured.RA_handson.equalTo(RA_handson.java:377)
at com.rest.assured.RA_handson.equalTo(RA_handson.java:377)
at com.rest.assured.RA_handson.equalTo(RA_handson.java:377)
at com.rest.assured.RA_handson.equalTo(RA_handson.java:377)
at com.rest.assured.RA_handson.equalTo(RA_handson.java:377)
at com.rest.assured.RA_handson.equalTo(RA_handson.java:377)
at com.rest.assured.RA_handson.equalTo(RA_handson.java:377)
at com.rest.assured.RA_handson.equalTo(RA_handson.java:377)
at com.rest.assured.RA_handson.equalTo(RA_handson.java:377)
at com.rest.assured.RA_handson.equalTo(RA_handson.java:377)
at com.rest.assured.RA_handson.equalTo(RA_handson.java:377)
at com.rest.assured.RA_handson.equalTo(RA_handson.java:377)
at com.rest.assured.RA_handson.equalTo(RA_handson.java:377)
at com.rest.assured.RA_handson.equalTo(RA_handson.java:377)
at com.rest.assured.RA_handson.equalTo(RA_handson.java:377)
at com.rest.assured.RA_handson.equalTo(RA_handson.java:377)
at com.rest.assured.RA_handson.equalTo(RA_handson.java:377)
at com.rest.assured.RA_handson.equalTo(RA_handson.java:377)
at com.rest.assured.RA_handson.equalTo(RA_handson.java:377)
at com.rest.assured.RA_handson.equalTo(RA_handson.java:377)
at com.rest.assured.RA_handson.equalTo(RA_handson.java:377)
at com.rest.assured.RA_handson.equalTo(RA_handson.java:377)
at com.rest.assured.RA_handson.equalTo(RA_handson.java:377)
at com.rest.assured.RA_handson.equalTo(RA_handson.java:377)
at com.rest.assured.RA_handson.equalTo(RA_handson.java:377)
at com.rest.assured.RA_handson.equalTo(RA_handson.java:377)
at com.rest.assured.RA_handson.equalTo(RA_handson.java:377)
at com.rest.assured.RA_handson.equalTo(RA_handson.java:377)
at com.rest.assured.RA_handson.equalTo(RA_handson.java:377)
at com.rest.assured.RA_handson.equalTo(RA_handson.java:377)
at com.rest.assured.RA_handson.equalTo(RA_handson.java:377)
at com.rest.assured.RA_handson.equalTo(RA_handson.java:377)
at com.rest.assured.RA_handson.equalTo(RA_handson.java:377)
at com.rest.assured.RA_handson.equalTo(RA_handson.java:377)
at com.rest.assured.RA_handson.equalTo(RA_handson.java:377)
at com.rest.assured.RA_handson.equalTo(RA_handson.java:377)
at com.rest.assured.RA_handson.equalTo(RA_handson.java:377)
at com.rest.assured.RA_handson.equalTo(RA_handson.java:377)
at com.rest.assured.RA_handson.equalTo(RA_handson.java:377)
at com.rest.assured.RA_handson.equalTo(RA_handson.java:377)
at com.rest.assured.RA_handson.equalTo(RA_handson.java:377)
at com.rest.assured.RA_handson.equalTo(RA_handson.java:377)
at com.rest.assured.RA_handson.equalTo(RA_handson.java:377)
at com.rest.assured.RA_handson.equalTo(RA_handson.java:377)
at com.rest.assured.RA_handson.equalTo(RA_handson.java:377)
at com.rest.assured.RA_handson.equalTo(RA_handson.java:377)
at com.rest.assured.RA_handson.equalTo(RA_handson.java:377)
at com.rest.assured.RA_handson.equalTo(RA_handson.java:377)
at com.rest.assured.RA_handson.equalTo(RA_handson.java:377)
at com.rest.assured.RA_handson.equalTo(RA_handson.java:377)
at com.rest.assured.RA_handson.equalTo(RA_handson.java:377)
at com.rest.assured.RA_handson.equalTo(RA_handson.java:377)
at com.rest.assured.RA_handson.equalTo(RA_handson.java:377)
at com.rest.assured.RA_handson.equalTo(RA_handson.java:377)
at com.rest.assured.RA_handson.equalTo(RA_handson.java:377)
at com.rest.assured.RA_handson.equalTo(RA_handson.java:377)
at com.rest.assured.RA_handson.equalTo(RA_handson.java:377)
at com.rest.assured.RA_handson.equalTo(RA_handson.java:377)
at com.rest.assured.RA_handson.equalTo(RA_handson.java:377)
at com.rest.assured.RA_handson.equalTo(RA_handson.java:377)
at com.rest.assured.RA_handson.equalTo(RA_handson.java:377)
at com.rest.assured.RA_handson.equalTo(RA_handson.java:377)
at com.rest.assured.RA_handson.equalTo(RA_handson.java:377)
at com.rest.assured.RA_handson.equalTo(RA_handson.java:377)
at com.rest.assured.RA_handson.equalTo(RA_handson.java:377)
at com.rest.assured.RA_handson.equalTo(RA_handson.java:377)
at com.rest.assured.RA_handson.equalTo(RA_handson.java:377)
at com.rest.assured.RA_handson.equalTo(RA_handson.java:377)
at com.rest.assured.RA_handson.equalTo(RA_handson.java:377)
at com.rest.assured.RA_handson.equalTo(RA_handson.java:377)
at com.rest.assured.RA_handson.equalTo(RA_handson.java:377)
at com.rest.assured.RA_handson.equalTo(RA_handson.java:377)
at com.rest.assured.RA_handson.equalTo(RA_handson.java:377)
at com.rest.assured.RA_handson.equalTo(RA_handson.java:377)
at com.rest.assured.RA_handson.equalTo(RA_handson.java:377)
at com.rest.assured.RA_handson.equalTo(RA_handson.java:377)
at com.rest.assured.RA_handson.equalTo(RA_handson.java:377)
at com.rest.assured.RA_handson.equalTo(RA_handson.java:377)
at com.rest.assured.RA_handson.equalTo(RA_handson.java:377)
at com.rest.assured.RA_handson.equalTo(RA_handson.java:377)
at com.rest.assured.RA_handson.equalTo(RA_handson.java:377)
at com.rest.assured.RA_handson.equalTo(RA_handson.java:377)
at com.rest.assured.RA_handson.equalTo(RA_handson.java:377)
at com.rest.assured.RA_handson.equalTo(RA_handson.java:377)
at com.rest.assured.RA_handson.equalTo(RA_handson.java:377)
at com.rest.assured.RA_handson.equalTo(RA_handson.java:377)
at com.rest.assured.RA_handson.equalTo(RA_handson.java:377)
at com.rest.assured.RA_handson.equalTo(RA_handson.java:377)
at com.rest.assured.RA_handson.equalTo(RA_handson.java:377)
at com.rest.assured.RA_handson.equalTo(RA_handson.java:377)
at com.rest.assured.RA_handson.equalTo(RA_handson.java:377)
at com.rest.assured.RA_handson.equalTo(RA_handson.java:377)
at com.rest.assured.RA_handson.equalTo(RA_handson.java:377)
at com.rest.assured.RA_handson.equalTo(RA_handson.java:377)
at com.rest.assured.RA_handson.equalTo(RA_handson.java:377)
at com.rest.assured.RA_handson.equalTo(RA_handson.java:377)
at com.rest.assured.RA_handson.equalTo(RA_handson.java:377)
at com.rest.assured.RA_handson.equalTo(RA_handson.java:377)
at com.rest.assured.RA_handson.equalTo(RA_handson.java:377)
at com.rest.assured.RA_handson.equalTo(RA_handson.java:377)
at com.rest.assured.RA_handson.equalTo(RA_handson.java:377)
at com.rest.assured.RA_handson.equalTo(RA_handson.java:377)
at com.rest.assured.RA_handson.equalTo(RA_handson.java:377)
at com.rest.assured.RA_handson.equalTo(RA_handson.java:377)
at com.rest.assured.RA_handson.equalTo(RA_handson.java:377)
at com.rest.assured.RA_handson.equalTo(RA_handson.java:377)
at com.rest.assured.RA_handson.equalTo(RA_handson.java:377)
at com.rest.assured.RA_handson.equalTo(RA_handson.java:377)
at com.rest.assured.RA_handson.equalTo(RA_handson.java:377)
at com.rest.assured.RA_handson.equalTo(RA_handson.java:377)
at com.rest.assured.RA_handson.equalTo(RA_handson.java:377)
at com.rest.assured.RA_handson.equalTo(RA_handson.java:377)
at com.rest.assured.RA_handson.equalTo(RA_handson.java:377)
at com.rest.assured.RA_handson.equalTo(RA_handson.java:377)
at com.rest.assured.RA_handson.equalTo(RA_handson.java:377)
at com.rest.assured.RA_handson.equalTo(RA_handson.java:377)
at com.rest.assured.RA_handson.equalTo(RA_handson.java:377)
at com.rest.assured.RA_handson.equalTo(RA_handson.java:377)
at com.rest.assured.RA_handson.equalTo(RA_handson.java:377)
at com.rest.assured.RA_handson.equalTo(RA_handson.java:377)
at com.rest.assured.RA_handson.equalTo(RA_handson.java:377)
at com.rest.assured.RA_handson.equalTo(RA_handson.java:377)
at com.rest.assured.RA_handson.equalTo(RA_handson.java:377)
at com.rest.assured.RA_handson.equalTo(RA_handson.java:377)
at com.rest.assured.RA_handson.equalTo(RA_handson.java:377)
at com.rest.assured.RA_handson.equalTo(RA_handson.java:377)
at com.rest.assured.RA_handson.equalTo(RA_handson.java:377)
at com.rest.assured.RA_handson.equalTo(RA_handson.java:377)
at com.rest.assured.RA_handson.equalTo(RA_handson.java:377)
at com.rest.assured.RA_handson.equalTo(RA_handson.java:377)
at com.rest.assured.RA_handson.equalTo(RA_handson.java:377)
at com.rest.assured.RA_handson.equalTo(RA_handson.java:377)
at com.rest.assured.RA_handson.equalTo(RA_handson.java:377)
at com.rest.assured.RA_handson.equalTo(RA_handson.java:377)
at com.rest.assured.RA_handson.equalTo(RA_handson.java:377)
at com.rest.assured.RA_handson.equalTo(RA_handson.java:377)
at com.rest.assured.RA_handson.equalTo(RA_handson.java:377)
at com.rest.assured.RA_handson.equalTo(RA_handson.java:377)
at com.rest.assured.RA_handson.equalTo(RA_handson.java:377)
at com.rest.assured.RA_handson.equalTo(RA_handson.java:377)
at com.rest.assured.RA_handson.equalTo(RA_handson.java:377)
at com.rest.assured.RA_handson.equalTo(RA_handson.java:377)
at com.rest.assured.RA_handson.equalTo(RA_handson.java:377)
at com.rest.assured.RA_handson.equalTo(RA_handson.java:377)
at com.rest.assured.RA_handson.equalTo(RA_handson.java:377)
at com.rest.assured.RA_handson.equalTo(RA_handson.java:377)
at com.rest.assured.RA_handson.equalTo(RA_handson.java:377)
at com.rest.assured.RA_handson.equalTo(RA_handson.java:377)
at com.rest.assured.RA_handson.equalTo(RA_handson.java:377)
at com.rest.assured.RA_handson.equalTo(RA_handson.java:377)
at com.rest.assured.RA_handson.equalTo(RA_handson.java:377)
at com.rest.assured.RA_handson.equalTo(RA_handson.java:377)
at com.rest.assured.RA_handson.equalTo(RA_handson.java:377)
at com.rest.assured.RA_handson.equalTo(RA_handson.java:377)
at com.rest.assured.RA_handson.equalTo(RA_handson.java:377)
at com.rest.assured.RA_handson.equalTo(RA_handson.java:377)
at com.rest.assured.RA_handson.equalTo(RA_handson.java:377)
at com.rest.assured.RA_handson.equalTo(RA_handson.java:377)
at com.rest.assured.RA_handson.equalTo(RA_handson.java:377)
at com.rest.assured.RA_handson.equalTo(RA_handson.java:377)
at com.rest.assured.RA_handson.equalTo(RA_handson.java:377)
at com.rest.assured.RA_handson.equalTo(RA_handson.java:377)
at com.rest.assured.RA_handson.equalTo(RA_handson.java:377)
at com.rest.assured.RA_handson.equalTo(RA_handson.java:377)
at com.rest.assured.RA_handson.equalTo(RA_handson.java:377)
at com.rest.assured.RA_handson.equalTo(RA_handson.java:377)
at com.rest.assured.RA_handson.equalTo(RA_handson.java:377)
at com.rest.assured.RA_handson.equalTo(RA_handson.java:377)
at com.rest.assured.RA_handson.equalTo(RA_handson.java:377)
at com.rest.assured.RA_handson.equalTo(RA_handson.java:377)
at com.rest.assured.RA_handson.equalTo(RA_handson.java:377)
at com.rest.assured.RA_handson.equalTo(RA_handson.java:377)
at com.rest.assured.RA_handson.equalTo(RA_handson.java:377)
at com.rest.assured.RA_handson.equalTo(RA_handson.java:377)
at com.rest.assured.RA_handson.equalTo(RA_handson.java:377)
at com.rest.assured.RA_handson.equalTo(RA_handson.java:377)
at com.rest.assured.RA_handson.equalTo(RA_handson.java:377)
at com.rest.assured.RA_handson.equalTo(RA_handson.java:377)
at com.rest.assured.RA_handson.equalTo(RA_handson.java:377)
at com.rest.assured.RA_handson.equalTo(RA_handson.java:377)
at com.rest.assured.RA_handson.equalTo(RA_handson.java:377)
at com.rest.assured.RA_handson.equalTo(RA_handson.java:377)
at com.rest.assured.RA_handson.equalTo(RA_handson.java:377)
at com.rest.assured.RA_handson.equalTo(RA_handson.java:377)
at com.rest.assured.RA_handson.equalTo(RA_handson.java:377)
at com.rest.assured.RA_handson.equalTo(RA_handson.java:377)
at com.rest.assured.RA_handson.equalTo(RA_handson.java:377)
at com.rest.assured.RA_handson.equalTo(RA_handson.java:377)
at com.rest.assured.RA_handson.equalTo(RA_handson.java:377)
at com.rest.assured.RA_handson.equalTo(RA_handson.java:377)
at com.rest.assured.RA_handson.equalTo(RA_handson.java:377)
at com.rest.assured.RA_handson.equalTo(RA_handson.java:377)
at com.rest.assured.RA_handson.equalTo(RA_handson.java:377)
at com.rest.assured.RA_handson.equalTo(RA_handson.java:377)
at com.rest.assured.RA_handson.equalTo(RA_handson.java:377)
at com.rest.assured.RA_handson.equalTo(RA_handson.java:377)
at com.rest.assured.RA_handson.equalTo(RA_handson.java:377)
at com.rest.assured.RA_handson.equalTo(RA_handson.java:377)
at com.rest.assured.RA_handson.equalTo(RA_handson.java:377)
at com.rest.assured.RA_handson.equalTo(RA_handson.java:377)
at com.rest.assured.RA_handson.equalTo(RA_handson.java:377)
at com.rest.assured.RA_handson.equalTo(RA_handson.java:377)
at com.rest.assured.RA_handson.equalTo(RA_handson.java:377)
at com.rest.assured.RA_handson.equalTo(RA_handson.java:377)
at com.rest.assured.RA_handson.equalTo(RA_handson.java:377)
at com.rest.assured.RA_handson.equalTo(RA_handson.java:377)
at com.rest.assured.RA_handson.equalTo(RA_handson.java:377)
at com.rest.assured.RA_handson.equalTo(RA_handson.java:377)
at com.rest.assured.RA_handson.equalTo(RA_handson.java:377)
at com.rest.assured.RA_handson.equalTo(RA_handson.java:377)
at com.rest.assured.RA_handson.equalTo(RA_handson.java:377)
at com.rest.assured.RA_handson.equalTo(RA_handson.java:377)
at com.rest.assured.RA_handson.equalTo(RA_handson.java:377)
at com.rest.assured.RA_handson.equalTo(RA_handson.java:377)
at com.rest.assured.RA_handson.equalTo(RA_handson.java:377)
at com.rest.assured.RA_handson.equalTo(RA_handson.java:377)
at com.rest.assured.RA_handson.equalTo(RA_handson.java:377)
at com.rest.assured.RA_handson.equalTo(RA_handson.java:377)
at com.rest.assured.RA_handson.equalTo(RA_handson.java:377)
at com.rest.assured.RA_handson.equalTo(RA_handson.java:377)
at com.rest.assured.RA_handson.equalTo(RA_handson.java:377)
at com.rest.assured.RA_handson.equalTo(RA_handson.java:377)
at com.rest.assured.RA_handson.equalTo(RA_handson.java:377)
at com.rest.assured.RA_handson.equalTo(RA_handson.java:377)
at com.rest.assured.RA_handson.equalTo(RA_handson.java:377)
at com.rest.assured.RA_handson.equalTo(RA_handson.java:377)
at com.rest.assured.RA_handson.equalTo(RA_handson.java:377)
at com.rest.assured.RA_handson.equalTo(RA_handson.java:377)
at com.rest.assured.RA_handson.equalTo(RA_handson.java:377)
at com.rest.assured.RA_handson.equalTo(RA_handson.java:377)
at com.rest.assured.RA_handson.equalTo(RA_handson.java:377)
at com.rest.assured.RA_handson.equalTo(RA_handson.java:377)
at com.rest.assured.RA_handson.equalTo(RA_handson.java:377)
at com.rest.assured.RA_handson.equalTo(RA_handson.java:377)
at com.rest.assured.RA_handson.equalTo(RA_handson.java:377)
at com.rest.assured.RA_handson.equalTo(RA_handson.java:377)
at com.rest.assured.RA_handson.equalTo(RA_handson.java:377)
at com.rest.assured.RA_handson.equalTo(RA_handson.java:377)
at com.rest.assured.RA_handson.equalTo(RA_handson.java:377)
at com.rest.assured.RA_handson.equalTo(RA_handson.java:377)
at com.rest.assured.RA_handson.equalTo(RA_handson.java:377)
at com.rest.assured.RA_handson.equalTo(RA_handson.java:377)
at com.rest.assured.RA_handson.equalTo(RA_handson.java:377)
at com.rest.assured.RA_handson.equalTo(RA_handson.java:377)
at com.rest.assured.RA_handson.equalTo(RA_handson.java:377)
at com.rest.assured.RA_handson.equalTo(RA_handson.java:377)
at com.rest.assured.RA_handson.equalTo(RA_handson.java:377)
at com.rest.assured.RA_handson.equalTo(RA_handson.java:377)
at com.rest.assured.RA_handson.equalTo(RA_handson.java:377)
at com.rest.assured.RA_handson.equalTo(RA_handson.java:377)
at com.rest.assured.RA_handson.equalTo(RA_handson.java:377)
at com.rest.assured.RA_handson.equalTo(RA_handson.java:377)
at com.rest.assured.RA_handson.equalTo(RA_handson.java:377)
at com.rest.assured.RA_handson.equalTo(RA_handson.java:377)
at com.rest.assured.RA_handson.equalTo(RA_handson.java:377)
at com.rest.assured.RA_handson.equalTo(RA_handson.java:377)
at com.rest.assured.RA_handson.equalTo(RA_handson.java:377)
at com.rest.assured.RA_handson.equalTo(RA_handson.java:377)
at com.rest.assured.RA_handson.equalTo(RA_handson.java:377)
at com.rest.assured.RA_handson.equalTo(RA_handson.java:377)
at com.rest.assured.RA_handson.equalTo(RA_handson.java:377)
at com.rest.assured.RA_handson.equalTo(RA_handson.java:377)
at com.rest.assured.RA_handson.equalTo(RA_handson.java:377)
at com.rest.assured.RA_handson.equalTo(RA_handson.java:377)
at com.rest.assured.RA_handson.equalTo(RA_handson.java:377)
at com.rest.assured.RA_handson.equalTo(RA_handson.java:377)
at com.rest.assured.RA_handson.equalTo(RA_handson.java:377)
at com.rest.assured.RA_handson.equalTo(RA_handson.java:377)
at com.rest.assured.RA_handson.equalTo(RA_handson.java:377)
at com.rest.assured.RA_handson.equalTo(RA_handson.java:377)
at com.rest.assured.RA_handson.equalTo(RA_handson.java:377)
at com.rest.assured.RA_handson.equalTo(RA_handson.java:377)
at com.rest.assured.RA_handson.equalTo(RA_handson.java:377)
at com.rest.assured.RA_handson.equalTo(RA_handson.java:377)
at com.rest.assured.RA_handson.equalTo(RA_handson.java:377)
at com.rest.assured.RA_handson.equalTo(RA_handson.java:377)
at com.rest.assured.RA_handson.equalTo(RA_handson.java:377)
at com.rest.assured.RA_handson.equalTo(RA_handson.java:377)
at com.rest.assured.RA_handson.equalTo(RA_handson.java:377)
at com.rest.assured.RA_handson.equalTo(RA_handson.java:377)
at com.rest.assured.RA_handson.equalTo(RA_handson.java:377)
at com.rest.assured.RA_handson.equalTo(RA_handson.java:377)
at com.rest.assured.RA_handson.equalTo(RA_handson.java:377)
at com.rest.assured.RA_handson.equalTo(RA_handson.java:377)
at com.rest.assured.RA_handson.equalTo(RA_handson.java:377)
at com.rest.assured.RA_handson.equalTo(RA_handson.java:377)
at com.rest.assured.RA_handson.equalTo(RA_handson.java:377)
at com.rest.assured.RA_handson.equalTo(RA_handson.java:377)
at com.rest.assured.RA_handson.equalTo(RA_handson.java:377)
at com.rest.assured.RA_handson.equalTo(RA_handson.java:377)
at com.rest.assured.RA_handson.equalTo(RA_handson.java:377)
at com.rest.assured.RA_handson.equalTo(RA_handson.java:377)
at com.rest.assured.RA_handson.equalTo(RA_handson.java:377)
at com.rest.assured.RA_handson.equalTo(RA_handson.java:377)
at com.rest.assured.RA_handson.equalTo(RA_handson.java:377)
at com.rest.assured.RA_handson.equalTo(RA_handson.java:377)
at com.rest.assured.RA_handson.equalTo(RA_handson.java:377)
at com.rest.assured.RA_handson.equalTo(RA_handson.java:377)
at com.rest.assured.RA_handson.equalTo(RA_handson.java:377)
at com.rest.assured.RA_handson.equalTo(RA_handson.java:377)
at com.rest.assured.RA_handson.equalTo(RA_handson.java:377)
at com.rest.assured.RA_handson.equalTo(RA_handson.java:377)
at com.rest.assured.RA_handson.equalTo(RA_handson.java:377)
at com.rest.assured.RA_handson.equalTo(RA_handson.java:377)
at com.rest.assured.RA_handson.equalTo(RA_handson.java:377)
at com.rest.assured.RA_handson.equalTo(RA_handson.java:377)
at com.rest.assured.RA_handson.equalTo(RA_handson.java:377)
at com.rest.assured.RA_handson.equalTo(RA_handson.java:377)
at com.rest.assured.RA_handson.equalTo(RA_handson.java:377)
at com.rest.assured.RA_handson.equalTo(RA_handson.java:377)
at com.rest.assured.RA_handson.equalTo(RA_handson.java:377)
at com.rest.assured.RA_handson.equalTo(RA_handson.java:377)
at com.rest.assured.RA_handson.equalTo(RA_handson.java:377)
at com.rest.assured.RA_handson.equalTo(RA_handson.java:377)
at com.rest.assured.RA_handson.equalTo(RA_handson.java:377)
at com.rest.assured.RA_handson.equalTo(RA_handson.java:377)
at com.rest.assured.RA_handson.equalTo(RA_handson.java:377)
at com.rest.assured.RA_handson.equalTo(RA_handson.java:377)
at com.rest.assured.RA_handson.equalTo(RA_handson.java:377)
at com.rest.assured.RA_handson.equalTo(RA_handson.java:377)
at com.rest.assured.RA_handson.equalTo(RA_handson.java:377)
at com.rest.assured.RA_handson.equalTo(RA_handson.java:377)
at com.rest.assured.RA_handson.equalTo(RA_handson.java:377)
at com.rest.assured.RA_handson.equalTo(RA_handson.java:377)
at com.rest.assured.RA_handson.equalTo(RA_handson.java:377)
at com.rest.assured.RA_handson.equalTo(RA_handson.java:377)
at com.rest.assured.RA_handson.equalTo(RA_handson.java:377)
at com.rest.assured.RA_handson.equalTo(RA_handson.java:377)
at com.rest.assured.RA_handson.equalTo(RA_handson.java:377)
at com.rest.assured.RA_handson.equalTo(RA_handson.java:377)
at com.rest.assured.RA_handson.equalTo(RA_handson.java:377)
at com.rest.assured.RA_handson.equalTo(RA_handson.java:377)
at com.rest.assured.RA_handson.equalTo(RA_handson.java:377)
at com.rest.assured.RA_handson.equalTo(RA_handson.java:377)
at com.rest.assured.RA_handson.equalTo(RA_handson.java:377)
at com.rest.assured.RA_handson.equalTo(RA_handson.java:377)
at com.rest.assured.RA_handson.equalTo(RA_handson.java:377)
at com.rest.assured.RA_handson.equalTo(RA_handson.java:377)
at com.rest.assured.RA_handson.equalTo(RA_handson.java:377)
at com.rest.assured.RA_handson.equalTo(RA_handson.java:377)
at com.rest.assured.RA_handson.equalTo(RA_handson.java:377)
at com.rest.assured.RA_handson.equalTo(RA_handson.java:377)
at com.rest.assured.RA_handson.equalTo(RA_handson.java:377)
at com.rest.assured.RA_handson.equalTo(RA_handson.java:377)
at com.rest.assured.RA_handson.equalTo(RA_handson.java:377)
at com.rest.assured.RA_handson.equalTo(RA_handson.java:377)
at com.rest.assured.RA_handson.equalTo(RA_handson.java:377)
at com.rest.assured.RA_handson.equalTo(RA_handson.java:377)
at com.rest.assured.RA_handson.equalTo(RA_handson.java:377)
at com.rest.assured.RA_handson.equalTo(RA_handson.java:377)
at com.rest.assured.RA_handson.equalTo(RA_handson.java:377)
at com.rest.assured.RA_handson.equalTo(RA_handson.java:377)
at com.rest.assured.RA_handson.equalTo(RA_handson.java:377)
at com.rest.assured.RA_handson.equalTo(RA_handson.java:377)
at com.rest.assured.RA_handson.equalTo(RA_handson.java:377)
at com.rest.assured.RA_handson.equalTo(RA_handson.java:377)
at com.rest.assured.RA_handson.equalTo(RA_handson.java:377)
at com.rest.assured.RA_handson.equalTo(RA_handson.java:377)
at com.rest.assured.RA_handson.equalTo(RA_handson.java:377)
at com.rest.assured.RA_handson.equalTo(RA_handson.java:377)
at com.rest.assured.RA_handson.equalTo(RA_handson.java:377)
at com.rest.assured.RA_handson.equalTo(RA_handson.java:377)
at com.rest.assured.RA_handson.equalTo(RA_handson.java:377)
at com.rest.assured.RA_handson.equalTo(RA_handson.java:377)
at com.rest.assured.RA_handson.equalTo(RA_handson.java:377)
at com.rest.assured.RA_handson.equalTo(RA_handson.java:377)
at com.rest.assured.RA_handson.equalTo(RA_handson.java:377)
at com.rest.assured.RA_handson.equalTo(RA_handson.java:377)
at com.rest.assured.RA_handson.equalTo(RA_handson.java:377)
at com.rest.assured.RA_handson.equalTo(RA_handson.java:377)
at com.rest.assured.RA_handson.equalTo(RA_handson.java:377)
at com.rest.assured.RA_handson.equalTo(RA_handson.java:377)
at com.rest.assured.RA_handson.equalTo(RA_handson.java:377)
at com.rest.assured.RA_handson.equalTo(RA_handson.java:377)
at com.rest.assured.RA_handson.equalTo(RA_handson.java:377)
at com.rest.assured.RA_handson.equalTo(RA_handson.java:377)
at com.rest.assured.RA_handson.equalTo(RA_handson.java:377)
at com.rest.assured.RA_handson.equalTo(RA_handson.java:377)
at com.rest.assured.RA_handson.equalTo(RA_handson.java:377)
at com.rest.assured.RA_handson.equalTo(RA_handson.java:377)
at com.rest.assured.RA_handson.equalTo(RA_handson.java:377)
at com.rest.assured.RA_handson.equalTo(RA_handson.java:377)
at com.rest.assured.RA_handson.equalTo(RA_handson.java:377)
at com.rest.assured.RA_handson.equalTo(RA_handson.java:377)
at com.rest.assured.RA_handson.equalTo(RA_handson.java:377)
at com.rest.assured.RA_handson.equalTo(RA_handson.java:377)
at com.rest.assured.RA_handson.equalTo(RA_handson.java:377)
at com.rest.assured.RA_handson.equalTo(RA_handson.java:377)
at com.rest.assured.RA_handson.equalTo(RA_handson.java:377)
at com.rest.assured.RA_handson.equalTo(RA_handson.java:377)
at com.rest.assured.RA_handson.equalTo(RA_handson.java:377)
at com.rest.assured.RA_handson.equalTo(RA_handson.java:377)
at com.rest.assured.RA_handson.equalTo(RA_handson.java:377)
at com.rest.assured.RA_handson.equalTo(RA_handson.java:377)
at com.rest.assured.RA_handson.equalTo(RA_handson.java:377)
at com.rest.assured.RA_handson.equalTo(RA_handson.java:377)
at com.rest.assured.RA_handson.equalTo(RA_handson.java:377)
at com.rest.assured.RA_handson.equalTo(RA_handson.java:377)
at com.rest.assured.RA_handson.equalTo(RA_handson.java:377)
at com.rest.assured.RA_handson.equalTo(RA_handson.java:377)
at com.rest.assured.RA_handson.equalTo(RA_handson.java:377)
at com.rest.assured.RA_handson.equalTo(RA_handson.java:377)
at com.rest.assured.RA_handson.equalTo(RA_handson.java:377)
at com.rest.assured.RA_handson.equalTo(RA_handson.java:377)
at com.rest.assured.RA_handson.equalTo(RA_handson.java:377)
at com.rest.assured.RA_handson.equalTo(RA_handson.java:377)
at com.rest.assured.RA_handson.equalTo(RA_handson.java:377)
at com.rest.assured.RA_handson.equalTo(RA_handson.java:377)
at com.rest.assured.RA_handson.equalTo(RA_handson.java:377)
at com.rest.assured.RA_handson.equalTo(RA_handson.java:377)
at com.rest.assured.RA_handson.equalTo(RA_handson.java:377)
at com.rest.assured.RA_handson.equalTo(RA_handson.java:377)
at com.rest.assured.RA_handson.equalTo(RA_handson.java:377)
at com.rest.assured.RA_handson.equalTo(RA_handson.java:377)
at com.rest.assured.RA_handson.equalTo(RA_handson.java:377)
at com.rest.assured.RA_handson.equalTo(RA_handson.java:377)
at com.rest.assured.RA_handson.equalTo(RA_handson.java:377)
at com.rest.assured.RA_handson.equalTo(RA_handson.java:377)
at com.rest.assured.RA_handson.equalTo(RA_handson.java:377)
at com.rest.assured.RA_handson.equalTo(RA_handson.java:377)
at com.rest.assured.RA_handson.equalTo(RA_handson.java:377)
at com.rest.assured.RA_handson.equalTo(RA_handson.java:377)
at com.rest.assured.RA_handson.equalTo(RA_handson.java:377)
at com.rest.assured.RA_handson.equalTo(RA_handson.java:377)
at com.rest.assured.RA_handson.equalTo(RA_handson.java:377)
at com.rest.assured.RA_handson.equalTo(RA_handson.java:377)
at com.rest.assured.RA_handson.equalTo(RA_handson.java:377)
at com.rest.assured.RA_handson.equalTo(RA_handson.java:377)
at com.rest.assured.RA_handson.equalTo(RA_handson.java:377)
at com.rest.assured.RA_handson.equalTo(RA_handson.java:377)
at com.rest.assured.RA_handson.equalTo(RA_handson.java:377)
at com.rest.assured.RA_handson.equalTo(RA_handson.java:377)
at com.rest.assured.RA_handson.equalTo(RA_handson.java:377)
at com.rest.assured.RA_handson.equalTo(RA_handson.java:377)
at com.rest.assured.RA_handson.equalTo(RA_handson.java:377)
at com.rest.assured.RA_handson.equalTo(RA_handson.java:377)
at com.rest.assured.RA_handson.equalTo(RA_handson.java:377)
at com.rest.assured.RA_handson.equalTo(RA_handson.java:377)
at com.rest.assured.RA_handson.equalTo(RA_handson.java:377)
at com.rest.assured.RA_handson.equalTo(RA_handson.java:377)
at com.rest.assured.RA_handson.equalTo(RA_handson.java:377)
at com.rest.assured.RA_handson.equalTo(RA_handson.java:377)
at com.rest.assured.RA_handson.equalTo(RA_handson.java:377)
at com.rest.assured.RA_handson.equalTo(RA_handson.java:377)
at com.rest.assured.RA_handson.equalTo(RA_handson.java:377)
at com.rest.assured.RA_handson.equalTo(RA_handson.java:377)
at com.rest.assured.RA_handson.equalTo(RA_handson.java:377)
at com.rest.assured.RA_handson.equalTo(RA_handson.java:377)
at com.rest.assured.RA_handson.equalTo(RA_handson.java:377)
at com.rest.assured.RA_handson.equalTo(RA_handson.java:377)
at com.rest.assured.RA_handson.equalTo(RA_handson.java:377)
at com.rest.assured.RA_handson.equalTo(RA_handson.java:377)
at com.rest.assured.RA_handson.equalTo(RA_handson.java:377)
at com.rest.assured.RA_handson.equalTo(RA_handson.java:377)
at com.rest.assured.RA_handson.equalTo(RA_handson.java:377)
at com.rest.assured.RA_handson.equalTo(RA_handson.java:377)
at com.rest.assured.RA_handson.equalTo(RA_handson.java:377)
at com.rest.assured.RA_handson.equalTo(RA_handson.java:377)
at com.rest.assured.RA_handson.equalTo(RA_handson.java:377)
at com.rest.assured.RA_handson.equalTo(RA_handson.java:377)
at com.rest.assured.RA_handson.equalTo(RA_handson.java:377)
at com.rest.assured.RA_handson.equalTo(RA_handson.java:377)
at com.rest.assured.RA_handson.equalTo(RA_handson.java:377)
at com.rest.assured.RA_handson.equalTo(RA_handson.java:377)
at com.rest.assured.RA_handson.equalTo(RA_handson.java:377)
at com.rest.assured.RA_handson.equalTo(RA_handson.java:377)
at com.rest.assured.RA_handson.equalTo(RA_handson.java:377)
at com.rest.assured.RA_handson.equalTo(RA_handson.java:377)
at com.rest.assured.RA_handson.equalTo(RA_handson.java:377)
at com.rest.assured.RA_handson.equalTo(RA_handson.java:377)
at com.rest.assured.RA_handson.equalTo(RA_handson.java:377)
at com.rest.assured.RA_handson.equalTo(RA_handson.java:377)
at com.rest.assured.RA_handson.equalTo(RA_handson.java:377)
at com.rest.assured.RA_handson.equalTo(RA_handson.java:377)
at com.rest.assured.RA_handson.equalTo(RA_handson.java:377)
at com.rest.assured.RA_handson.equalTo(RA_handson.java:377)
at com.rest.assured.RA_handson.equalTo(RA_handson.java:377)
at com.rest.assured.RA_handson.equalTo(RA_handson.java:377)
at com.rest.assured.RA_handson.equalTo(RA_handson.java:377)
at com.rest.assured.RA_handson.equalTo(RA_handson.java:377)
at com.rest.assured.RA_handson.equalTo(RA_handson.java:377)
at com.rest.assured.RA_handson.equalTo(RA_handson.java:377)
at com.rest.assured.RA_handson.equalTo(RA_handson.java:377)
at com.rest.assured.RA_handson.equalTo(RA_handson.java:377)
at com.rest.assured.RA_handson.equalTo(RA_handson.java:377)
at com.rest.assured.RA_handson.equalTo(RA_handson.java:377)
at com.rest.assured.RA_handson.equalTo(RA_handson.java:377)
at com.rest.assured.RA_handson.equalTo(RA_handson.java:377)
at com.rest.assured.RA_handson.equalTo(RA_handson.java:377)
at com.rest.assured.RA_handson.equalTo(RA_handson.java:377)
at com.rest.assured.RA_handson.equalTo(RA_handson.java:377)
at com.rest.assured.RA_handson.equalTo(RA_handson.java:377)
at com.rest.assured.RA_handson.equalTo(RA_handson.java:377)
at com.rest.assured.RA_handson.equalTo(RA_handson.java:377)
at com.rest.assured.RA_handson.equalTo(RA_handson.java:377)
at com.rest.assured.RA_handson.equalTo(RA_handson.java:377)
at com.rest.assured.RA_handson.equalTo(RA_handson.java:377)
at com.rest.assured.RA_handson.equalTo(RA_handson.java:377)
at com.rest.assured.RA_handson.equalTo(RA_handson.java:377)
at com.rest.assured.RA_handson.equalTo(RA_handson.java:377)
at com.rest.assured.RA_handson.equalTo(RA_handson.java:377)
at com.rest.assured.RA_handson.equalTo(RA_handson.java:377)
at com.rest.assured.RA_handson.equalTo(RA_handson.java:377)
at com.rest.assured.RA_handson.equalTo(RA_handson.java:377)
at com.rest.assured.RA_handson.equalTo(RA_handson.java:377)
at com.rest.assured.RA_handson.equalTo(RA_handson.java:377)
at com.rest.assured.RA_handson.equalTo(RA_handson.java:377)
at com.rest.assured.RA_handson.equalTo(RA_handson.java:377)
at com.rest.assured.RA_handson.equalTo(RA_handson.java:377)
at com.rest.assured.RA_handson.equalTo(RA_handson.java:377)
at com.rest.assured.RA_handson.equalTo(RA_handson.java:377)
at com.rest.assured.RA_handson.equalTo(RA_handson.java:377)
at com.rest.assured.RA_handson.equalTo(RA_handson.java:377)
at com.rest.assured.RA_handson.equalTo(RA_handson.java:377)
at com.rest.assured.RA_handson.equalTo(RA_handson.java:377)
at com.rest.assured.RA_handson.equalTo(RA_handson.java:377)
at com.rest.assured.RA_handson.equalTo(RA_handson.java:377)
at com.rest.assured.RA_handson.equalTo(RA_handson.java:377)
at com.rest.assured.RA_handson.equalTo(RA_handson.java:377)
at com.rest.assured.RA_handson.equalTo(RA_handson.java:377)
at com.rest.assured.RA_handson.equalTo(RA_handson.java:377)
at com.rest.assured.RA_handson.equalTo(RA_handson.java:377)
at com.rest.assured.RA_handson.equalTo(RA_handson.java:377)
at com.rest.assured.RA_handson.equalTo(RA_handson.java:377)
at com.rest.assured.RA_handson.equalTo(RA_handson.java:377)
at com.rest.assured.RA_handson.equalTo(RA_handson.java:377)
at com.rest.assured.RA_handson.equalTo(RA_handson.java:377)
at com.rest.assured.RA_handson.equalTo(RA_handson.java:377)
at com.rest.assured.RA_handson.equalTo(RA_handson.java:377)
at com.rest.assured.RA_handson.equalTo(RA_handson.java:377)
at com.rest.assured.RA_handson.equalTo(RA_handson.java:377)
at com.rest.assured.RA_handson.equalTo(RA_handson.java:377)
at com.rest.assured.RA_handson.equalTo(RA_handson.java:377)
at com.rest.assured.RA_handson.equalTo(RA_handson.java:377)
at com.rest.assured.RA_handson.equalTo(RA_handson.java:377)
at com.rest.assured.RA_handson.equalTo(RA_handson.java:377)
at com.rest.assured.RA_handson.equalTo(RA_handson.java:377)
at com.rest.assured.RA_handson.equalTo(RA_handson.java:377)
at com.rest.assured.RA_handson.equalTo(RA_handson.java:377)
at com.rest.assured.RA_handson.equalTo(RA_handson.java:377)
at com.rest.assured.RA_handson.equalTo(RA_handson.java:377)
at com.rest.assured.RA_handson.equalTo(RA_handson.java:377)
at com.rest.assured.RA_handson.equalTo(RA_handson.java:377)
at com.rest.assured.RA_handson.equalTo(RA_handson.java:377)
at com.rest.assured.RA_handson.equalTo(RA_handson.java:377)
at com.rest.assured.RA_handson.equalTo(RA_handson.java:377)
at com.rest.assured.RA_handson.equalTo(RA_handson.java:377)
at com.rest.assured.RA_handson.equalTo(RA_handson.java:377)
at com.rest.assured.RA_handson.equalTo(RA_handson.java:377)
at com.rest.assured.RA_handson.equalTo(RA_handson.java:377)
at com.rest.assured.RA_handson.equalTo(RA_handson.java:377)
at com.rest.assured.RA_handson.equalTo(RA_handson.java:377)
at com.rest.assured.RA_handson.equalTo(RA_handson.java:377)
at com.rest.assured.RA_handson.equalTo(RA_handson.java:377)
at com.rest.assured.RA_handson.equalTo(RA_handson.java:377)
at com.rest.assured.RA_handson.equalTo(RA_handson.java:377)
at com.rest.assured.RA_handson.equalTo(RA_handson.java:377)
at com.rest.assured.RA_handson.equalTo(RA_handson.java:377)
at com.rest.assured.RA_handson.equalTo(RA_handson.java:377)
at com.rest.assured.RA_handson.equalTo(RA_handson.java:377)
at com.rest.assured.RA_handson.equalTo(RA_handson.java:377)
at com.rest.assured.RA_handson.equalTo(RA_handson.java:377)
at com.rest.assured.RA_handson.equalTo(RA_handson.java:377)
at com.rest.assured.RA_handson.equalTo(RA_handson.java:377)
at com.rest.assured.RA_handson.equalTo(RA_handson.java:377)
at com.rest.assured.RA_handson.equalTo(RA_handson.java:377)
at com.rest.assured.RA_handson.equalTo(RA_handson.java:377)
at com.rest.assured.RA_handson.equalTo(RA_handson.java:377)
at com.rest.assured.RA_handson.equalTo(RA_handson.java:377)
at com.rest.assured.RA_handson.equalTo(RA_handson.java:377)
at com.rest.assured.RA_handson.equalTo(RA_handson.java:377)
at com.rest.assured.RA_handson.equalTo(RA_handson.java:377)
at com.rest.assured.RA_handson.equalTo(RA_handson.java:377)
at com.rest.assured.RA_handson.equalTo(RA_handson.java:377)
at com.rest.assured.RA_handson.equalTo(RA_handson.java:377)
at com.rest.assured.RA_handson.equalTo(RA_handson.java:377)
at com.rest.assured.RA_handson.equalTo(RA_handson.java:377)
at com.rest.assured.RA_handson.equalTo(RA_handson.java:377)
at com.rest.assured.RA_handson.equalTo(RA_handson.java:377)
at com.rest.assured.RA_handson.equalTo(RA_handson.java:377)
at com.rest.assured.RA_handson.equalTo(RA_handson.java:377)
at com.rest.assured.RA_handson.equalTo(RA_handson.java:377)
at com.rest.assured.RA_handson.equalTo(RA_handson.java:377)
at com.rest.assured.RA_handson.equalTo(RA_handson.java:377)
at com.rest.assured.RA_handson.equalTo(RA_handson.java:377)
at com.rest.assured.RA_handson.equalTo(RA_handson.java:377)
at com.rest.assured.RA_handson.equalTo(RA_handson.java:377)
at com.rest.assured.RA_handson.equalTo(RA_handson.java:377)
at com.rest.assured.RA_handson.equalTo(RA_handson.java:377)
at com.rest.assured.RA_handson.equalTo(RA_handson.java:377)
at com.rest.assured.RA_handson.equalTo(RA_handson.java:377)
at com.rest.assured.RA_handson.equalTo(RA_handson.java:377)
at com.rest.assured.RA_handson.equalTo(RA_handson.java:377)
at com.rest.assured.RA_handson.equalTo(RA_handson.java:377)
at com.rest.assured.RA_handson.equalTo(RA_handson.java:377)
at com.rest.assured.RA_handson.equalTo(RA_handson.java:377)
at com.rest.assured.RA_handson.equalTo(RA_handson.java:377)
at com.rest.assured.RA_handson.equalTo(RA_handson.java:377)
at com.rest.assured.RA_handson.equalTo(RA_handson.java:377)
at com.rest.assured.RA_handson.equalTo(RA_handson.java:377)
at com.rest.assured.RA_handson.equalTo(RA_handson.java:377)
at com.rest.assured.RA_handson.equalTo(RA_handson.java:377)
at com.rest.assured.RA_handson.equalTo(RA_handson.java:377)
at com.rest.assured.RA_handson.equalTo(RA_handson.java:377)
at com.rest.assured.RA_handson.equalTo(RA_handson.java:377)
at com.rest.assured.RA_handson.equalTo(RA_handson.java:377)
at com.rest.assured.RA_handson.equalTo(RA_handson.java:377)
at com.rest.assured.RA_handson.equalTo(RA_handson.java:377)
at com.rest.assured.RA_handson.equalTo(RA_handson.java:377)
at com.rest.assured.RA_handson.equalTo(RA_handson.java:377)
at com.rest.assured.RA_handson.equalTo(RA_handson.java:377)
at com.rest.assured.RA_handson.equalTo(RA_handson.java:377)
at com.rest.assured.RA_handson.equalTo(RA_handson.java:377)
at com.rest.assured.RA_handson.equalTo(RA_handson.java:377)
at com.rest.assured.RA_handson.equalTo(RA_handson.java:377)
at com.rest.assured.RA_handson.equalTo(RA_handson.java:377)
at com.rest.assured.RA_handson.equalTo(RA_handson.java:377)
at com.rest.assured.RA_handson.equalTo(RA_handson.java:377)
at com.rest.assured.RA_handson.equalTo(RA_handson.java:377)
at com.rest.assured.RA_handson.equalTo(RA_handson.java:377)
at com.rest.assured.RA_handson.equalTo(RA_handson.java:377)
at com.rest.assured.RA_handson.equalTo(RA_handson.java:377)
at com.rest.assured.RA_handson.equalTo(RA_handson.java:377)
at com.rest.assured.RA_handson.equalTo(RA_handson.java:377)
at com.rest.assured.RA_handson.equalTo(RA_handson.java:377)
at com.rest.assured.RA_handson.equalTo(RA_handson.java:377)
at com.rest.assured.RA_handson.equalTo(RA_handson.java:377)
at com.rest.assured.RA_handson.equalTo(RA_handson.java:377)
at com.rest.assured.RA_handson.equalTo(RA_handson.java:377)
at com.rest.assured.RA_handson.equalTo(RA_handson.java:377)
at com.rest.assured.RA_handson.equalTo(RA_handson.java:377)
at com.rest.assured.RA_handson.equalTo(RA_handson.java:377)
at com.rest.assured.RA_handson.equalTo(RA_handson.java:377)
at com.rest.assured.RA_handson.equalTo(RA_handson.java:377)
at com.rest.assured.RA_handson.equalTo(RA_handson.java:377)
at com.rest.assured.RA_handson.equalTo(RA_handson.java:377)
at com.rest.assured.RA_handson.equalTo(RA_handson.java:377)
at com.rest.assured.RA_handson.equalTo(RA_handson.java:377)
at com.rest.assured.RA_handson.equalTo(RA_handson.java:377)
at com.rest.assured.RA_handson.equalTo(RA_handson.java:377)
at com.rest.assured.RA_handson.equalTo(RA_handson.java:377)
at com.rest.assured.RA_handson.equalTo(RA_handson.java:377)
at com.rest.assured.RA_handson.equalTo(RA_handson.java:377)
at com.rest.assured.RA_handson.equalTo(RA_handson.java:377)
at com.rest.assured.RA_handson.equalTo(RA_handson.java:377)
at com.rest.assured.RA_handson.equalTo(RA_handson.java:377)
at com.rest.assured.RA_handson.equalTo(RA_handson.java:377)
at com.rest.assured.RA_handson.equalTo(RA_handson.java:377)
at com.rest.assured.RA_handson.equalTo(RA_handson.java:377)
at com.rest.assured.RA_handson.equalTo(RA_handson.java:377)
at com.rest.assured.RA_handson.equalTo(RA_handson.java:377)
at com.rest.assured.RA_handson.equalTo(RA_handson.java:377)
at com.rest.assured.RA_handson.equalTo(RA_handson.java:377)
at com.rest.assured.RA_handson.equalTo(RA_handson.java:377)
at com.rest.assured.RA_handson.equalTo(RA_handson.java:377)
at com.rest.assured.RA_handson.equalTo(RA_handson.java:377)
at com.rest.assured.RA_handson.equalTo(RA_handson.java:377)
at com.rest.assured.RA_handson.equalTo(RA_handson.java:377)
at com.rest.assured.RA_handson.equalTo(RA_handson.java:377)
at com.rest.assured.RA_handson.equalTo(RA_handson.java:377)
at com.rest.assured.RA_handson.equalTo(RA_handson.java:377)
at com.rest.assured.RA_handson.equalTo(RA_handson.java:377)
at com.rest.assured.RA_handson.equalTo(RA_handson.java:377)
at com.rest.assured.RA_handson.equalTo(RA_handson.java:377)
at com.rest.assured.RA_handson.equalTo(RA_handson.java:377)
at com.rest.assured.RA_handson.equalTo(RA_handson.java:377)
at com.rest.assured.RA_handson.equalTo(RA_handson.java:377)
at com.rest.assured.RA_handson.equalTo(RA_handson.java:377)
at com.rest.assured.RA_handson.equalTo(RA_handson.java:377)
at com.rest.assured.RA_handson.equalTo(RA_handson.java:377)
at com.rest.assured.RA_handson.equalTo(RA_handson.java:377)
at com.rest.assured.RA_handson.equalTo(RA_handson.java:377)
at com.rest.assured.RA_handson.equalTo(RA_handson.java:377)
at com.rest.assured.RA_handson.equalTo(RA_handson.java:377)
at com.rest.assured.RA_handson.equalTo(RA_handson.java:377)
at com.rest.assured.RA_handson.equalTo(RA_handson.java:377)
at com.rest.assured.RA_handson.equalTo(RA_handson.java:377)
at com.rest.assured.RA_handson.equalTo(RA_handson.java:377)
at com.rest.assured.RA_handson.equalTo(RA_handson.java:377)
at com.rest.assured.RA_handson.equalTo(RA_handson.java:377)
at com.rest.assured.RA_handson.equalTo(RA_handson.java:377)
at com.rest.assured.RA_handson.equalTo(RA_handson.java:377)
at com.rest.assured.RA_handson.equalTo(RA_handson.java:377)
at com.rest.assured.RA_handson.equalTo(RA_handson.java:377)
at com.rest.assured.RA_handson.equalTo(RA_handson.java:377)
at com.rest.assured.RA_handson.equalTo(RA_handson.java:377)
at com.rest.assured.RA_handson.equalTo(RA_handson.java:377)
at com.rest.assured.RA_handson.equalTo(RA_handson.java:377)
at com.rest.assured.RA_handson.equalTo(RA_handson.java:377)
at com.rest.assured.RA_handson.equalTo(RA_handson.java:377)
at com.rest.assured.RA_handson.equalTo(RA_handson.java:377)
at com.rest.assured.RA_handson.equalTo(RA_handson.java:377)
at com.rest.assured.RA_handson.equalTo(RA_handson.java:377)
at com.rest.assured.RA_handson.equalTo(RA_handson.java:377)
at com.rest.assured.RA_handson.equalTo(RA_handson.java:377)
at com.rest.assured.RA_handson.equalTo(RA_handson.java:377)
at com.rest.assured.RA_handson.equalTo(RA_handson.java:377)
at com.rest.assured.RA_handson.equalTo(RA_handson.java:377)
at com.rest.assured.RA_handson.equalTo(RA_handson.java:377)
at com.rest.assured.RA_handson.equalTo(RA_handson.java:377)
at com.rest.assured.RA_handson.equalTo(RA_handson.java:377)
at com.rest.assured.RA_handson.equalTo(RA_handson.java:377)
at com.rest.assured.RA_handson.equalTo(RA_handson.java:377)
at com.rest.assured.RA_handson.equalTo(RA_handson.java:377)
at com.rest.assured.RA_handson.equalTo(RA_handson.java:377)
at com.rest.assured.RA_handson.equalTo(RA_handson.java:377)
at com.rest.assured.RA_handson.equalTo(RA_handson.java:377)
at com.rest.assured.RA_handson.equalTo(RA_handson.java:377)
at com.rest.assured.RA_handson.equalTo(RA_handson.java:377)
at com.rest.assured.RA_handson.equalTo(RA_handson.java:377)
at com.rest.assured.RA_handson.equalTo(RA_handson.java:377)
at com.rest.assured.RA_handson.equalTo(RA_handson.java:377)
at com.rest.assured.RA_handson.equalTo(RA_handson.java:377)
at com.rest.assured.RA_handson.equalTo(RA_handson.java:377)
at com.rest.assured.RA_handson.equalTo(RA_handson.java:377)
at com.rest.assured.RA_handson.equalTo(RA_handson.java:377)
at com.rest.assured.RA_handson.equalTo(RA_handson.java:377)
at com.rest.assured.RA_handson.equalTo(RA_handson.java:377)
at com.rest.assured.RA_handson.equalTo(RA_handson.java:377)
at com.rest.assured.RA_handson.equalTo(RA_handson.java:377)
at com.rest.assured.RA_handson.equalTo(RA_handson.java:377)
at com.rest.assured.RA_handson.equalTo(RA_handson.java:377)
at com.rest.assured.RA_handson.equalTo(RA_handson.java:377)
at com.rest.assured.RA_handson.equalTo(RA_handson.java:377)
at com.rest.assured.RA_handson.equalTo(RA_handson.java:377)
at com.rest.assured.RA_handson.equalTo(RA_handson.java:377)
at com.rest.assured.RA_handson.equalTo(RA_handson.java:377)
at com.rest.assured.RA_handson.equalTo(RA_handson.java:377)
at com.rest.assured.RA_handson.equalTo(RA_handson.java:377)
at com.rest.assured.RA_handson.equalTo(RA_handson.java:377)
at com.rest.assured.RA_handson.equalTo(RA_handson.java:377)
at com.rest.assured.RA_handson.equalTo(RA_handson.java:377)
at com.rest.assured.RA_handson.equalTo(RA_handson.java:377)
at com.rest.assured.RA_handson.equalTo(RA_handson.java:377)
at com.rest.assured.RA_handson.equalTo(RA_handson.java:377)
at com.rest.assured.RA_handson.equalTo(RA_handson.java:377)
at com.rest.assured.RA_handson.equalTo(RA_handson.java:377)
at com.rest.assured.RA_handson.equalTo(RA_handson.java:377)
at com.rest.assured.RA_handson.equalTo(RA_handson.java:377)
at com.rest.assured.RA_handson.equalTo(RA_handson.java:377)
at com.rest.assured.RA_handson.equalTo(RA_handson.java:377)
at com.rest.assured.RA_handson.equalTo(RA_handson.java:377)
at com.rest.assured.RA_handson.equalTo(RA_handson.java:377)
at com.rest.assured.RA_handson.equalTo(RA_handson.java:377)
at com.rest.assured.RA_handson.equalTo(RA_handson.java:377)
at com.rest.assured.RA_handson.equalTo(RA_handson.java:377)
at com.rest.assured.RA_handson.equalTo(RA_handson.java:377)
at com.rest.assured.RA_handson.equalTo(RA_handson.java:377)
at com.rest.assured.RA_handson.equalTo(RA_handson.java:377)
at com.rest.assured.RA_handson.equalTo(RA_handson.java:377)
at com.rest.assured.RA_handson.equalTo(RA_handson.java:377)
at com.rest.assured.RA_handson.equalTo(RA_handson.java:377)
at com.rest.assured.RA_handson.equalTo(RA_handson.java:377)
at com.rest.assured.RA_handson.equalTo(RA_handson.java:377)
at com.rest.assured.RA_handson.equalTo(RA_handson.java:377)
at com.rest.assured.RA_handson.equalTo(RA_handson.java:377)
at com.rest.assured.RA_handson.equalTo(RA_handson.java:377)
at com.rest.assured.RA_handson.equalTo(RA_handson.java:377)
at com.rest.assured.RA_handson.equalTo(RA_handson.java:377)
at com.rest.assured.RA_handson.equalTo(RA_handson.java:377)
at com.rest.assured.RA_handson.equalTo(RA_handson.java:377)
at com.rest.assured.RA_handson.equalTo(RA_handson.java:377)
at com.rest.assured.RA_handson.equalTo(RA_handson.java:377)
at com.rest.assured.RA_handson.equalTo(RA_handson.java:377)
at com.rest.assured.RA_handson.equalTo(RA_handson.java:377)
at com.rest.assured.RA_handson.equalTo(RA_handson.java:377)
at com.rest.assured.RA_handson.equalTo(RA_handson.java:377)
at com.rest.assured.RA_handson.equalTo(RA_handson.java:377)
at com.rest.assured.RA_handson.equalTo(RA_handson.java:377)
at com.rest.assured.RA_handson.equalTo(RA_handson.java:377)
at com.rest.assured.RA_handson.equalTo(RA_handson.java:377)
at com.rest.assured.RA_handson.equalTo(RA_handson.java:377)
at com.rest.assured.RA_handson.equalTo(RA_handson.java:377)
at com.rest.assured.RA_handson.equalTo(RA_handson.java:377)
at com.rest.assured.RA_handson.equalTo(RA_handson.java:377)
at com.rest.assured.RA_handson.equalTo(RA_handson.java:377)
at com.rest.assured.RA_handson.equalTo(RA_handson.java:377)
at com.rest.assured.RA_handson.equalTo(RA_handson.java:377)
at com.rest.assured.RA_handson.equalTo(RA_handson.java:377)
at com.rest.assured.RA_handson.equalTo(RA_handson.java:377)
at com.rest.assured.RA_handson.equalTo(RA_handson.java:377)
at com.rest.assured.RA_handson.equalTo(RA_handson.java:377)
at com.rest.assured.RA_handson.equalTo(RA_handson.java:377)
at com.rest.assured.RA_handson.equalTo(RA_handson.java:377)
at com.rest.assured.RA_handson.equalTo(RA_handson.java:377)
at com.rest.assured.RA_handson.equalTo(RA_handson.java:377)
at com.rest.assured.RA_handson.equalTo(RA_handson.java:377)
at com.rest.assured.RA_handson.equalTo(RA_handson.java:377)
at com.rest.assured.RA_handson.equalTo(RA_handson.java:377)
]]>
    </error>
  </testcase> <!-- header -->
</testsuite> <!-- com.rest.assured.RA_handson -->
