<?xml version="1.0" encoding="UTF-8"?>
<!-- Generated by org.testng.reporters.JUnitXMLReporter -->
<testsuite ignored="18" hostname="LTIN523207" failures="1" tests="1" name="Default test" time="4.318" errors="0" timestamp="2025-11-19T15:48:18 IST">
  <testcase classname="com.rest.assured.RA_handson" name="header" time="4.243">
    <failure type="java.lang.StackOverflowError">
      <![CDATA[java.lang.StackOverflowError
at com.rest.assured.RA_handson.equalTo(RA_handson.java:377)
at com.rest.assured.RA_handson.equalTo(RA_handson.java:377)
at com.rest.assured.RA_handson.equalTo(RA_handson.java:377)
at com.rest.assured.RA_handson.equalTo(RA_handson.java:377)
at com.rest.assured.RA_handson.equalTo(RA_handson.java:377)
at com.rest.assured.RA_handson.equalTo(RA_handson.java:377)
at com.rest.assured.RA_handson.equalTo(RA_handson.java:377)
at com.rest.assured.RA_handson.equalTo(RA_handson.java:377)
at com.rest.assured.RA_handson.equalTo(RA_handson.java:377)
at com.rest.assured.RA_handson.equalTo(RA_handson.java:377)
at com.rest.assured.RA_handson.equalTo(RA_handson.java:377)
at com.rest.assured.RA_handson.equalTo(RA_handson.java:377)
at com.rest.assured.RA_handson.equalTo(RA_handson.java:377)
at com.rest.assured.RA_handson.equalTo(RA_handson.java:377)
at com.rest.assured.RA_handson.equalTo(RA_handson.java:377)
at com.rest.assured.RA_handson.equalTo(RA_handson.java:377)
at com.rest.assured.RA_handson.equalTo(RA_handson.java:377)
at com.rest.assured.RA_handson.equalTo(RA_handson.java:377)
at com.rest.assured.RA_handson.equalTo(RA_handson.java:377)
at com.rest.assured.RA_handson.equalTo(RA_handson.java:377)
at com.rest.assured.RA_handson.equalTo(RA_handson.java:377)
at com.rest.assured.RA_handson.equalTo(RA_handson.java:377)
at com.rest.assured.RA_handson.equalTo(RA_handson.java:377)
at com.rest.assured.RA_handson.equalTo(RA_handson.java:377)
at com.rest.assured.RA_handson.equalTo(RA_handson.java:377)
at com.rest.assured.RA_handson.equalTo(RA_handson.java:377)
at com.rest.assured.RA_handson.equalTo(RA_handson.java:377)
at com.rest.assured.RA_handson.equalTo(RA_handson.java:377)
at com.rest.assured.RA_handson.equalTo(RA_handson.java:377)
at com.rest.assured.RA_handson.equalTo(RA_handson.java:377)
at com.rest.assured.RA_handson.equalTo(RA_handson.java:377)
at com.rest.assured.RA_handson.equalTo(RA_handson.java:377)
at com.rest.assured.RA_handson.equalTo(RA_handson.java:377)
at com.rest.assured.RA_handson.equalTo(RA_handson.java:377)
at com.rest.assured.RA_handson.equalTo(RA_handson.java:377)
at com.rest.assured.RA_handson.equalTo(RA_handson.java:377)
at com.rest.assured.RA_handson.equalTo(RA_handson.java:377)
at com.rest.assured.RA_handson.equalTo(RA_handson.java:377)
at com.rest.assured.RA_handson.equalTo(RA_handson.java:377)
at com.rest.assured.RA_handson.equalTo(RA_handson.java:377)
at com.rest.assured.RA_handson.equalTo(RA_handson.java:377)
at com.rest.assured.RA_handson.equalTo(RA_handson.java:377)
at com.rest.assured.RA_handson.equalTo(RA_handson.java:377)
at com.rest.assured.RA_handson.equalTo(RA_handson.java:377)
at com.rest.assured.RA_handson.equalTo(RA_handson.java:377)
at com.rest.assured.RA_handson.equalTo(RA_handson.java:377)
at com.rest.assured.RA_handson.equalTo(RA_handson.java:377)
at com.rest.assured.RA_handson.equalTo(RA_handson.java:377)
at com.rest.assured.RA_handson.equalTo(RA_handson.java:377)
at com.rest.assured.RA_handson.equalTo(RA_handson.java:377)
at com.rest.assured.RA_handson.equalTo(RA_handson.java:377)
at com.rest.assured.RA_handson.equalTo(RA_handson.java:377)
at com.rest.assured.RA_handson.equalTo(RA_handson.java:377)
at com.rest.assured.RA_handson.equalTo(RA_handson.java:377)
at com.rest.assured.RA_handson.equalTo(RA_handson.java:377)
at com.rest.assured.RA_handson.equalTo(RA_handson.java:377)
at com.rest.assured.RA_handson.equalTo(RA_handson.java:377)
at com.rest.assured.RA_handson.equalTo(RA_handson.java:377)
at com.rest.assured.RA_handson.equalTo(RA_handson.java:377)
at com.rest.assured.RA_handson.equalTo(RA_handson.java:377)
at com.rest.assured.RA_handson.equalTo(RA_handson.java:377)
at com.rest.assured.RA_handson.equalTo(RA_handson.java:377)
at com.rest.assured.RA_handson.equalTo(RA_handson.java:377)
at com.rest.assured.RA_handson.equalTo(RA_handson.java:377)
at com.rest.assured.RA_handson.equalTo(RA_handson.java:377)
at com.rest.assured.RA_handson.equalTo(RA_handson.java:377)
at com.rest.assured.RA_handson.equalTo(RA_handson.java:377)
at com.rest.assured.RA_handson.equalTo(RA_handson.java:377)
at com.rest.assured.RA_handson.equalTo(RA_handson.java:377)
at com.rest.assured.RA_handson.equalTo(RA_handson.java:377)
at com.rest.assured.RA_handson.equalTo(RA_handson.java:377)
at com.rest.assured.RA_handson.equalTo(RA_handson.java:377)
at com.rest.assured.RA_handson.equalTo(RA_handson.java:377)
at com.rest.assured.RA_handson.equalTo(RA_handson.java:377)
at com.rest.assured.RA_handson.equalTo(RA_handson.java:377)
at com.rest.assured.RA_handson.equalTo(RA_handson.java:377)
at com.rest.assured.RA_handson.equalTo(RA_handson.java:377)
at com.rest.assured.RA_handson.equalTo(RA_handson.java:377)
at com.rest.assured.RA_handson.equalTo(RA_handson.java:377)
at com.rest.assured.RA_handson.equalTo(RA_handson.java:377)
at com.rest.assured.RA_handson.equalTo(RA_handson.java:377)
at com.rest.assured.RA_handson.equalTo(RA_handson.java:377)
at com.rest.assured.RA_handson.equalTo(RA_handson.java:377)
at com.rest.assured.RA_handson.equalTo(RA_handson.java:377)
at com.rest.assured.RA_handson.equalTo(RA_handson.java:377)
at com.rest.assured.RA_handson.equalTo(RA_handson.java:377)
at com.rest.assured.RA_handson.equalTo(RA_handson.java:377)
at com.rest.assured.RA_handson.equalTo(RA_handson.java:377)
at com.rest.assured.RA_handson.equalTo(RA_handson.java:377)
at com.rest.assured.RA_handson.equalTo(RA_handson.java:377)
at com.rest.assured.RA_handson.equalTo(RA_handson.java:377)
at com.rest.assured.RA_handson.equalTo(RA_handson.java:377)
at com.rest.assured.RA_handson.equalTo(RA_handson.java:377)
at com.rest.assured.RA_handson.equalTo(RA_handson.java:377)
at com.rest.assured.RA_handson.equalTo(RA_handson.java:377)
at com.rest.assured.RA_handson.equalTo(RA_handson.java:377)
at com.rest.assured.RA_handson.equalTo(RA_handson.java:377)
at com.rest.assured.RA_handson.equalTo(RA_handson.java:377)
at com.rest.assured.RA_handson.equalTo(RA_handson.java:377)
at com.rest.assured.RA_handson.equalTo(RA_handson.java:377)
at com.rest.assured.RA_handson.equalTo(RA_handson.java:377)
at com.rest.assured.RA_handson.equalTo(RA_handson.java:377)
at com.rest.assured.RA_handson.equalTo(RA_handson.java:377)
at com.rest.assured.RA_handson.equalTo(RA_handson.java:377)
at com.rest.assured.RA_handson.equalTo(RA_handson.java:377)
at com.rest.assured.RA_handson.equalTo(RA_handson.java:377)
at com.rest.assured.RA_handson.equalTo(RA_handson.java:377)
at com.rest.assured.RA_handson.equalTo(RA_handson.java:377)
at com.rest.assured.RA_handson.equalTo(RA_handson.java:377)
at com.rest.assured.RA_handson.equalTo(RA_handson.java:377)
at com.rest.assured.RA_handson.equalTo(RA_handson.java:377)
at com.rest.assured.RA_handson.equalTo(RA_handson.java:377)
at com.rest.assured.RA_handson.equalTo(RA_handson.java:377)
at com.rest.assured.RA_handson.equalTo(RA_handson.java:377)
at com.rest.assured.RA_handson.equalTo(RA_handson.java:377)
at com.rest.assured.RA_handson.equalTo(RA_handson.java:377)
at com.rest.assured.RA_handson.equalTo(RA_handson.java:377)
at com.rest.assured.RA_handson.equalTo(RA_handson.java:377)
at com.rest.assured.RA_handson.equalTo(RA_handson.java:377)
at com.rest.assured.RA_handson.equalTo(RA_handson.java:377)
at com.rest.assured.RA_handson.equalTo(RA_handson.java:377)
at com.rest.assured.RA_handson.equalTo(RA_handson.java:377)
at com.rest.assured.RA_handson.equalTo(RA_handson.java:377)
at com.rest.assured.RA_handson.equalTo(RA_handson.java:377)
at com.rest.assured.RA_handson.equalTo(RA_handson.java:377)
at com.rest.assured.RA_handson.equalTo(RA_handson.java:377)
at com.rest.assured.RA_handson.equalTo(RA_handson.java:377)
at com.rest.assured.RA_handson.equalTo(RA_handson.java:377)
at com.rest.assured.RA_handson.equalTo(RA_handson.java:377)
at com.rest.assured.RA_handson.equalTo(RA_handson.java:377)
at com.rest.assured.RA_handson.equalTo(RA_handson.java:377)
at com.rest.assured.RA_handson.equalTo(RA_handson.java:377)
at com.rest.assured.RA_handson.equalTo(RA_handson.java:377)
at com.rest.assured.RA_handson.equalTo(RA_handson.java:377)
at com.rest.assured.RA_handson.equalTo(RA_handson.java:377)
at com.rest.assured.RA_handson.equalTo(RA_handson.java:377)
at com.rest.assured.RA_handson.equalTo(RA_handson.java:377)
at com.rest.assured.RA_handson.equalTo(RA_handson.java:377)
at com.rest.assured.RA_handson.equalTo(RA_handson.java:377)
at com.rest.assured.RA_handson.equalTo(RA_handson.java:377)
at com.rest.assured.RA_handson.equalTo(RA_handson.java:377)
at com.rest.assured.RA_handson.equalTo(RA_handson.java:377)
at com.rest.assured.RA_handson.equalTo(RA_handson.java:377)
at com.rest.assured.RA_handson.equalTo(RA_handson.java:377)
at com.rest.assured.RA_handson.equalTo(RA_handson.java:377)
at com.rest.assured.RA_handson.equalTo(RA_handson.java:377)
at com.rest.assured.RA_handson.equalTo(RA_handson.java:377)
at com.rest.assured.RA_handson.equalTo(RA_handson.java:377)
at com.rest.assured.RA_handson.equalTo(RA_handson.java:377)
at com.rest.assured.RA_handson.equalTo(RA_handson.java:377)
at com.rest.assured.RA_handson.equalTo(RA_handson.java:377)
at com.rest.assured.RA_handson.equalTo(RA_handson.java:377)
at com.rest.assured.RA_handson.equalTo(RA_handson.java:377)
at com.rest.assured.RA_handson.equalTo(RA_handson.java:377)
at com.rest.assured.RA_handson.equalTo(RA_handson.java:377)
at com.rest.assured.RA_handson.equalTo(RA_handson.java:377)
at com.rest.assured.RA_handson.equalTo(RA_handson.java:377)
at com.rest.assured.RA_handson.equalTo(RA_handson.java:377)
at com.rest.assured.RA_handson.equalTo(RA_handson.java:377)
at com.rest.assured.RA_handson.equalTo(RA_handson.java:377)
at com.rest.assured.RA_handson.equalTo(RA_handson.java:377)
at com.rest.assured.RA_handson.equalTo(RA_handson.java:377)
at com.rest.assured.RA_handson.equalTo(RA_handson.java:377)
at com.rest.assured.RA_handson.equalTo(RA_handson.java:377)
at com.rest.assured.RA_handson.equalTo(RA_handson.java:377)
at com.rest.assured.RA_handson.equalTo(RA_handson.java:377)
at com.rest.assured.RA_handson.equalTo(RA_handson.java:377)
at com.rest.assured.RA_handson.equalTo(RA_handson.java:377)
at com.rest.assured.RA_handson.equalTo(RA_handson.java:377)
at com.rest.assured.RA_handson.equalTo(RA_handson.java:377)
at com.rest.assured.RA_handson.equalTo(RA_handson.java:377)
at com.rest.assured.RA_handson.equalTo(RA_handson.java:377)
at com.rest.assured.RA_handson.equalTo(RA_handson.java:377)
at com.rest.assured.RA_handson.equalTo(RA_handson.java:377)
at com.rest.assured.RA_handson.equalTo(RA_handson.java:377)
at com.rest.assured.RA_handson.equalTo(RA_handson.java:377)
at com.rest.assured.RA_handson.equalTo(RA_handson.java:377)
at com.rest.assured.RA_handson.equalTo(RA_handson.java:377)
at com.rest.assured.RA_handson.equalTo(RA_handson.java:377)
at com.rest.assured.RA_handson.equalTo(RA_handson.java:377)
at com.rest.assured.RA_handson.equalTo(RA_handson.java:377)
at com.rest.assured.RA_handson.equalTo(RA_handson.java:377)
at com.rest.assured.RA_handson.equalTo(RA_handson.java:377)
at com.rest.assured.RA_handson.equalTo(RA_handson.java:377)
at com.rest.assured.RA_handson.equalTo(RA_handson.java:377)
at com.rest.assured.RA_handson.equalTo(RA_handson.java:377)
at com.rest.assured.RA_handson.equalTo(RA_handson.java:377)
at com.rest.assured.RA_handson.equalTo(RA_handson.java:377)
at com.rest.assured.RA_handson.equalTo(RA_handson.java:377)
at com.rest.assured.RA_handson.equalTo(RA_handson.java:377)
at com.rest.assured.RA_handson.equalTo(RA_handson.java:377)
at com.rest.assured.RA_handson.equalTo(RA_handson.java:377)
at com.rest.assured.RA_handson.equalTo(RA_handson.java:377)
at com.rest.assured.RA_handson.equalTo(RA_handson.java:377)
at com.rest.assured.RA_handson.equalTo(RA_handson.java:377)
at com.rest.assured.RA_handson.equalTo(RA_handson.java:377)
at com.rest.assured.RA_handson.equalTo(RA_handson.java:377)
at com.rest.assured.RA_handson.equalTo(RA_handson.java:377)
at com.rest.assured.RA_handson.equalTo(RA_handson.java:377)
at com.rest.assured.RA_handson.equalTo(RA_handson.java:377)
at com.rest.assured.RA_handson.equalTo(RA_handson.java:377)
at com.rest.assured.RA_handson.equalTo(RA_handson.java:377)
at com.rest.assured.RA_handson.equalTo(RA_handson.java:377)
at com.rest.assured.RA_handson.equalTo(RA_handson.java:377)
at com.rest.assured.RA_handson.equalTo(RA_handson.java:377)
at com.rest.assured.RA_handson.equalTo(RA_handson.java:377)
at com.rest.assured.RA_handson.equalTo(RA_handson.java:377)
at com.rest.assured.RA_handson.equalTo(RA_handson.java:377)
at com.rest.assured.RA_handson.equalTo(RA_handson.java:377)
at com.rest.assured.RA_handson.equalTo(RA_handson.java:377)
at com.rest.assured.RA_handson.equalTo(RA_handson.java:377)
at com.rest.assured.RA_handson.equalTo(RA_handson.java:377)
at com.rest.assured.RA_handson.equalTo(RA_handson.java:377)
at com.rest.assured.RA_handson.equalTo(RA_handson.java:377)
at com.rest.assured.RA_handson.equalTo(RA_handson.java:377)
at com.rest.assured.RA_handson.equalTo(RA_handson.java:377)
at com.rest.assured.RA_handson.equalTo(RA_handson.java:377)
at com.rest.assured.RA_handson.equalTo(RA_handson.java:377)
at com.rest.assured.RA_handson.equalTo(RA_handson.java:377)
at com.rest.assured.RA_handson.equalTo(RA_handson.java:377)
at com.rest.assured.RA_handson.equalTo(RA_handson.java:377)
at com.rest.assured.RA_handson.equalTo(RA_handson.java:377)
at com.rest.assured.RA_handson.equalTo(RA_handson.java:377)
at com.rest.assured.RA_handson.equalTo(RA_handson.java:377)
at com.rest.assured.RA_handson.equalTo(RA_handson.java:377)
at com.rest.assured.RA_handson.equalTo(RA_handson.java:377)
at com.rest.assured.RA_handson.equalTo(RA_handson.java:377)
at com.rest.assured.RA_handson.equalTo(RA_handson.java:377)
at com.rest.assured.RA_handson.equalTo(RA_handson.java:377)
at com.rest.assured.RA_handson.equalTo(RA_handson.java:377)
at com.rest.assured.RA_handson.equalTo(RA_handson.java:377)
at com.rest.assured.RA_handson.equalTo(RA_handson.java:377)
at com.rest.assured.RA_handson.equalTo(RA_handson.java:377)
at com.rest.assured.RA_handson.equalTo(RA_handson.java:377)
at com.rest.assured.RA_handson.equalTo(RA_handson.java:377)
at com.rest.assured.RA_handson.equalTo(RA_handson.java:377)
at com.rest.assured.RA_handson.equalTo(RA_handson.java:377)
at com.rest.assured.RA_handson.equalTo(RA_handson.java:377)
at com.rest.assured.RA_handson.equalTo(RA_handson.java:377)
at com.rest.assured.RA_handson.equalTo(RA_handson.java:377)
at com.rest.assured.RA_handson.equalTo(RA_handson.java:377)
at com.rest.assured.RA_handson.equalTo(RA_handson.java:377)
at com.rest.assured.RA_handson.equalTo(RA_handson.java:377)
at com.rest.assured.RA_handson.equalTo(RA_handson.java:377)
at com.rest.assured.RA_handson.equalTo(RA_handson.java:377)
at com.rest.assured.RA_handson.equalTo(RA_handson.java:377)
at com.rest.assured.RA_handson.equalTo(RA_handson.java:377)
at com.rest.assured.RA_handson.equalTo(RA_handson.java:377)
at com.rest.assured.RA_handson.equalTo(RA_handson.java:377)
at com.rest.assured.RA_handson.equalTo(RA_handson.java:377)
at com.rest.assured.RA_handson.equalTo(RA_handson.java:377)
at com.rest.assured.RA_handson.equalTo(RA_handson.java:377)
at com.rest.assured.RA_handson.equalTo(RA_handson.java:377)
at com.rest.assured.RA_handson.equalTo(RA_handson.java:377)
at com.rest.assured.RA_handson.equalTo(RA_handson.java:377)
at com.rest.assured.RA_handson.equalTo(RA_handson.java:377)
at com.rest.assured.RA_handson.equalTo(RA_handson.java:377)
at com.rest.assured.RA_handson.equalTo(RA_handson.java:377)
at com.rest.assured.RA_handson.equalTo(RA_handson.java:377)
at com.rest.assured.RA_handson.equalTo(RA_handson.java:377)
at com.rest.assured.RA_handson.equalTo(RA_handson.java:377)
at com.rest.assured.RA_handson.equalTo(RA_handson.java:377)
at com.rest.assured.RA_handson.equalTo(RA_handson.java:377)
at com.rest.assured.RA_handson.equalTo(RA_handson.java:377)
at com.rest.assured.RA_handson.equalTo(RA_handson.java:377)
at com.rest.assured.RA_handson.equalTo(RA_handson.java:377)
at com.rest.assured.RA_handson.equalTo(RA_handson.java:377)
at com.rest.assured.RA_handson.equalTo(RA_handson.java:377)
at com.rest.assured.RA_handson.equalTo(RA_handson.java:377)
at com.rest.assured.RA_handson.equalTo(RA_handson.java:377)
at com.rest.assured.RA_handson.equalTo(RA_handson.java:377)
at com.rest.assured.RA_handson.equalTo(RA_handson.java:377)
at com.rest.assured.RA_handson.equalTo(RA_handson.java:377)
at com.rest.assured.RA_handson.equalTo(RA_handson.java:377)
at com.rest.assured.RA_handson.equalTo(RA_handson.java:377)
at com.rest.assured.RA_handson.equalTo(RA_handson.java:377)
at com.rest.assured.RA_handson.equalTo(RA_handson.java:377)
at com.rest.assured.RA_handson.equalTo(RA_handson.java:377)
at com.rest.assured.RA_handson.equalTo(RA_handson.java:377)
at com.rest.assured.RA_handson.equalTo(RA_handson.java:377)
at com.rest.assured.RA_handson.equalTo(RA_handson.java:377)
at com.rest.assured.RA_handson.equalTo(RA_handson.java:377)
at com.rest.assured.RA_handson.equalTo(RA_handson.java:377)
at com.rest.assured.RA_handson.equalTo(RA_handson.java:377)
at com.rest.assured.RA_handson.equalTo(RA_handson.java:377)
at com.rest.assured.RA_handson.equalTo(RA_handson.java:377)
at com.rest.assured.RA_handson.equalTo(RA_handson.java:377)
at com.rest.assured.RA_handson.equalTo(RA_handson.java:377)
at com.rest.assured.RA_handson.equalTo(RA_handson.java:377)
at com.rest.assured.RA_handson.equalTo(RA_handson.java:377)
at com.rest.assured.RA_handson.equalTo(RA_handson.java:377)
at com.rest.assured.RA_handson.equalTo(RA_handson.java:377)
at com.rest.assured.RA_handson.equalTo(RA_handson.java:377)
at com.rest.assured.RA_handson.equalTo(RA_handson.java:377)
at com.rest.assured.RA_handson.equalTo(RA_handson.java:377)
at com.rest.assured.RA_handson.equalTo(RA_handson.java:377)
at com.rest.assured.RA_handson.equalTo(RA_handson.java:377)
at com.rest.assured.RA_handson.equalTo(RA_handson.java:377)
at com.rest.assured.RA_handson.equalTo(RA_handson.java:377)
at com.rest.assured.RA_handson.equalTo(RA_handson.java:377)
at com.rest.assured.RA_handson.equalTo(RA_handson.java:377)
at com.rest.assured.RA_handson.equalTo(RA_handson.java:377)
at com.rest.assured.RA_handson.equalTo(RA_handson.java:377)
at com.rest.assured.RA_handson.equalTo(RA_handson.java:377)
at com.rest.assured.RA_handson.equalTo(RA_handson.java:377)
at com.rest.assured.RA_handson.equalTo(RA_handson.java:377)
at com.rest.assured.RA_handson.equalTo(RA_handson.java:377)
at com.rest.assured.RA_handson.equalTo(RA_handson.java:377)
at com.rest.assured.RA_handson.equalTo(RA_handson.java:377)
at com.rest.assured.RA_handson.equalTo(RA_handson.java:377)
at com.rest.assured.RA_handson.equalTo(RA_handson.java:377)
at com.rest.assured.RA_handson.equalTo(RA_handson.java:377)
at com.rest.assured.RA_handson.equalTo(RA_handson.java:377)
at com.rest.assured.RA_handson.equalTo(RA_handson.java:377)
at com.rest.assured.RA_handson.equalTo(RA_handson.java:377)
at com.rest.assured.RA_handson.equalTo(RA_handson.java:377)
at com.rest.assured.RA_handson.equalTo(RA_handson.java:377)
at com.rest.assured.RA_handson.equalTo(RA_handson.java:377)
at com.rest.assured.RA_handson.equalTo(RA_handson.java:377)
at com.rest.assured.RA_handson.equalTo(RA_handson.java:377)
at com.rest.assured.RA_handson.equalTo(RA_handson.java:377)
at com.rest.assured.RA_handson.equalTo(RA_handson.java:377)
at com.rest.assured.RA_handson.equalTo(RA_handson.java:377)
at com.rest.assured.RA_handson.equalTo(RA_handson.java:377)
at com.rest.assured.RA_handson.equalTo(RA_handson.java:377)
at com.rest.assured.RA_handson.equalTo(RA_handson.java:377)
at com.rest.assured.RA_handson.equalTo(RA_handson.java:377)
at com.rest.assured.RA_handson.equalTo(RA_handson.java:377)
at com.rest.assured.RA_handson.equalTo(RA_handson.java:377)
at com.rest.assured.RA_handson.equalTo(RA_handson.java:377)
at com.rest.assured.RA_handson.equalTo(RA_handson.java:377)
at com.rest.assured.RA_handson.equalTo(RA_handson.java:377)
at com.rest.assured.RA_handson.equalTo(RA_handson.java:377)
at com.rest.assured.RA_handson.equalTo(RA_handson.java:377)
at com.rest.assured.RA_handson.equalTo(RA_handson.java:377)
at com.rest.assured.RA_handson.equalTo(RA_handson.java:377)
at com.rest.assured.RA_handson.equalTo(RA_handson.java:377)
at com.rest.assured.RA_handson.equalTo(RA_handson.java:377)
at com.rest.assured.RA_handson.equalTo(RA_handson.java:377)
at com.rest.assured.RA_handson.equalTo(RA_handson.java:377)
at com.rest.assured.RA_handson.equalTo(RA_handson.java:377)
at com.rest.assured.RA_handson.equalTo(RA_handson.java:377)
at com.rest.assured.RA_handson.equalTo(RA_handson.java:377)
at com.rest.assured.RA_handson.equalTo(RA_handson.java:377)
at com.rest.assured.RA_handson.equalTo(RA_handson.java:377)
at com.rest.assured.RA_handson.equalTo(RA_handson.java:377)
at com.rest.assured.RA_handson.equalTo(RA_handson.java:377)
at com.rest.assured.RA_handson.equalTo(RA_handson.java:377)
at com.rest.assured.RA_handson.equalTo(RA_handson.java:377)
at com.rest.assured.RA_handson.equalTo(RA_handson.java:377)
at com.rest.assured.RA_handson.equalTo(RA_handson.java:377)
at com.rest.assured.RA_handson.equalTo(RA_handson.java:377)
at com.rest.assured.RA_handson.equalTo(RA_handson.java:377)
at com.rest.assured.RA_handson.equalTo(RA_handson.java:377)
at com.rest.assured.RA_handson.equalTo(RA_handson.java:377)
at com.rest.assured.RA_handson.equalTo(RA_handson.java:377)
at com.rest.assured.RA_handson.equalTo(RA_handson.java:377)
at com.rest.assured.RA_handson.equalTo(RA_handson.java:377)
at com.rest.assured.RA_handson.equalTo(RA_handson.java:377)
at com.rest.assured.RA_handson.equalTo(RA_handson.java:377)
at com.rest.assured.RA_handson.equalTo(RA_handson.java:377)
at com.rest.assured.RA_handson.equalTo(RA_handson.java:377)
at com.rest.assured.RA_handson.equalTo(RA_handson.java:377)
at com.rest.assured.RA_handson.equalTo(RA_handson.java:377)
at com.rest.assured.RA_handson.equalTo(RA_handson.java:377)
at com.rest.assured.RA_handson.equalTo(RA_handson.java:377)
at com.rest.assured.RA_handson.equalTo(RA_handson.java:377)
at com.rest.assured.RA_handson.equalTo(RA_handson.java:377)
at com.rest.assured.RA_handson.equalTo(RA_handson.java:377)
at com.rest.assured.RA_handson.equalTo(RA_handson.java:377)
at com.rest.assured.RA_handson.equalTo(RA_handson.java:377)
at com.rest.assured.RA_handson.equalTo(RA_handson.java:377)
at com.rest.assured.RA_handson.equalTo(RA_handson.java:377)
at com.rest.assured.RA_handson.equalTo(RA_handson.java:377)
at com.rest.assured.RA_handson.equalTo(RA_handson.java:377)
at com.rest.assured.RA_handson.equalTo(RA_handson.java:377)
at com.rest.assured.RA_handson.equalTo(RA_handson.java:377)
at com.rest.assured.RA_handson.equalTo(RA_handson.java:377)
at com.rest.assured.RA_handson.equalTo(RA_handson.java:377)
at com.rest.assured.RA_handson.equalTo(RA_handson.java:377)
at com.rest.assured.RA_handson.equalTo(RA_handson.java:377)
at com.rest.assured.RA_handson.equalTo(RA_handson.java:377)
at com.rest.assured.RA_handson.equalTo(RA_handson.java:377)
at com.rest.assured.RA_handson.equalTo(RA_handson.java:377)
at com.rest.assured.RA_handson.equalTo(RA_handson.java:377)
at com.rest.assured.RA_handson.equalTo(RA_handson.java:377)
at com.rest.assured.RA_handson.equalTo(RA_handson.java:377)
at com.rest.assured.RA_handson.equalTo(RA_handson.java:377)
at com.rest.assured.RA_handson.equalTo(RA_handson.java:377)
at com.rest.assured.RA_handson.equalTo(RA_handson.java:377)
at com.rest.assured.RA_handson.equalTo(RA_handson.java:377)
at com.rest.assured.RA_handson.equalTo(RA_handson.java:377)
at com.rest.assured.RA_handson.equalTo(RA_handson.java:377)
at com.rest.assured.RA_handson.equalTo(RA_handson.java:377)
at com.rest.assured.RA_handson.equalTo(RA_handson.java:377)
at com.rest.assured.RA_handson.equalTo(RA_handson.java:377)
at com.rest.assured.RA_handson.equalTo(RA_handson.java:377)
at com.rest.assured.RA_handson.equalTo(RA_handson.java:377)
at com.rest.assured.RA_handson.equalTo(RA_handson.java:377)
at com.rest.assured.RA_handson.equalTo(RA_handson.java:377)
at com.rest.assured.RA_handson.equalTo(RA_handson.java:377)
at com.rest.assured.RA_handson.equalTo(RA_handson.java:377)
at com.rest.assured.RA_handson.equalTo(RA_handson.java:377)
at com.rest.assured.RA_handson.equalTo(RA_handson.java:377)
at com.rest.assured.RA_handson.equalTo(RA_handson.java:377)
at com.rest.assured.RA_handson.equalTo(RA_handson.java:377)
at com.rest.assured.RA_handson.equalTo(RA_handson.java:377)
at com.rest.assured.RA_handson.equalTo(RA_handson.java:377)
at com.rest.assured.RA_handson.equalTo(RA_handson.java:377)
at com.rest.assured.RA_handson.equalTo(RA_handson.java:377)
at com.rest.assured.RA_handson.equalTo(RA_handson.java:377)
at com.rest.assured.RA_handson.equalTo(RA_handson.java:377)
at com.rest.assured.RA_handson.equalTo(RA_handson.java:377)
at com.rest.assured.RA_handson.equalTo(RA_handson.java:377)
at com.rest.assured.RA_handson.equalTo(RA_handson.java:377)
at com.rest.assured.RA_handson.equalTo(RA_handson.java:377)
at com.rest.assured.RA_handson.equalTo(RA_handson.java:377)
at com.rest.assured.RA_handson.equalTo(RA_handson.java:377)
at com.rest.assured.RA_handson.equalTo(RA_handson.java:377)
at com.rest.assured.RA_handson.equalTo(RA_handson.java:377)
at com.rest.assured.RA_handson.equalTo(RA_handson.java:377)
at com.rest.assured.RA_handson.equalTo(RA_handson.java:377)
at com.rest.assured.RA_handson.equalTo(RA_handson.java:377)
at com.rest.assured.RA_handson.equalTo(RA_handson.java:377)
at com.rest.assured.RA_handson.equalTo(RA_handson.java:377)
at com.rest.assured.RA_handson.equalTo(RA_handson.java:377)
at com.rest.assured.RA_handson.equalTo(RA_handson.java:377)
at com.rest.assured.RA_handson.equalTo(RA_handson.java:377)
at com.rest.assured.RA_handson.equalTo(RA_handson.java:377)
at com.rest.assured.RA_handson.equalTo(RA_handson.java:377)
at com.rest.assured.RA_handson.equalTo(RA_handson.java:377)
at com.rest.assured.RA_handson.equalTo(RA_handson.java:377)
at com.rest.assured.RA_handson.equalTo(RA_handson.java:377)
at com.rest.assured.RA_handson.equalTo(RA_handson.java:377)
at com.rest.assured.RA_handson.equalTo(RA_handson.java:377)
at com.rest.assured.RA_handson.equalTo(RA_handson.java:377)
at com.rest.assured.RA_handson.equalTo(RA_handson.java:377)
at com.rest.assured.RA_handson.equalTo(RA_handson.java:377)
at com.rest.assured.RA_handson.equalTo(RA_handson.java:377)
at com.rest.assured.RA_handson.equalTo(RA_handson.java:377)
at com.rest.assured.RA_handson.equalTo(RA_handson.java:377)
at com.rest.assured.RA_handson.equalTo(RA_handson.java:377)
at com.rest.assured.RA_handson.equalTo(RA_handson.java:377)
at com.rest.assured.RA_handson.equalTo(RA_handson.java:377)
at com.rest.assured.RA_handson.equalTo(RA_handson.java:377)
at com.rest.assured.RA_handson.equalTo(RA_handson.java:377)
at com.rest.assured.RA_handson.equalTo(RA_handson.java:377)
at com.rest.assured.RA_handson.equalTo(RA_handson.java:377)
at com.rest.assured.RA_handson.equalTo(RA_handson.java:377)
at com.rest.assured.RA_handson.equalTo(RA_handson.java:377)
at com.rest.assured.RA_handson.equalTo(RA_handson.java:377)
at com.rest.assured.RA_handson.equalTo(RA_handson.java:377)
at com.rest.assured.RA_handson.equalTo(RA_handson.java:377)
at com.rest.assured.RA_handson.equalTo(RA_handson.java:377)
at com.rest.assured.RA_handson.equalTo(RA_handson.java:377)
at com.rest.assured.RA_handson.equalTo(RA_handson.java:377)
at com.rest.assured.RA_handson.equalTo(RA_handson.java:377)
at com.rest.assured.RA_handson.equalTo(RA_handson.java:377)
at com.rest.assured.RA_handson.equalTo(RA_handson.java:377)
at com.rest.assured.RA_handson.equalTo(RA_handson.java:377)
at com.rest.assured.RA_handson.equalTo(RA_handson.java:377)
at com.rest.assured.RA_handson.equalTo(RA_handson.java:377)
at com.rest.assured.RA_handson.equalTo(RA_handson.java:377)
at com.rest.assured.RA_handson.equalTo(RA_handson.java:377)
at com.rest.assured.RA_handson.equalTo(RA_handson.java:377)
at com.rest.assured.RA_handson.equalTo(RA_handson.java:377)
at com.rest.assured.RA_handson.equalTo(RA_handson.java:377)
at com.rest.assured.RA_handson.equalTo(RA_handson.java:377)
at com.rest.assured.RA_handson.equalTo(RA_handson.java:377)
at com.rest.assured.RA_handson.equalTo(RA_handson.java:377)
at com.rest.assured.RA_handson.equalTo(RA_handson.java:377)
at com.rest.assured.RA_handson.equalTo(RA_handson.java:377)
at com.rest.assured.RA_handson.equalTo(RA_handson.java:377)
at com.rest.assured.RA_handson.equalTo(RA_handson.java:377)
at com.rest.assured.RA_handson.equalTo(RA_handson.java:377)
at com.rest.assured.RA_handson.equalTo(RA_handson.java:377)
at com.rest.assured.RA_handson.equalTo(RA_handson.java:377)
at com.rest.assured.RA_handson.equalTo(RA_handson.java:377)
at com.rest.assured.RA_handson.equalTo(RA_handson.java:377)
at com.rest.assured.RA_handson.equalTo(RA_handson.java:377)
at com.rest.assured.RA_handson.equalTo(RA_handson.java:377)
at com.rest.assured.RA_handson.equalTo(RA_handson.java:377)
at com.rest.assured.RA_handson.equalTo(RA_handson.java:377)
at com.rest.assured.RA_handson.equalTo(RA_handson.java:377)
at com.rest.assured.RA_handson.equalTo(RA_handson.java:377)
at com.rest.assured.RA_handson.equalTo(RA_handson.java:377)
at com.rest.assured.RA_handson.equalTo(RA_handson.java:377)
at com.rest.assured.RA_handson.equalTo(RA_handson.java:377)
at com.rest.assured.RA_handson.equalTo(RA_handson.java:377)
at com.rest.assured.RA_handson.equalTo(RA_handson.java:377)
at com.rest.assured.RA_handson.equalTo(RA_handson.java:377)
at com.rest.assured.RA_handson.equalTo(RA_handson.java:377)
at com.rest.assured.RA_handson.equalTo(RA_handson.java:377)
at com.rest.assured.RA_handson.equalTo(RA_handson.java:377)
at com.rest.assured.RA_handson.equalTo(RA_handson.java:377)
at com.rest.assured.RA_handson.equalTo(RA_handson.java:377)
at com.rest.assured.RA_handson.equalTo(RA_handson.java:377)
at com.rest.assured.RA_handson.equalTo(RA_handson.java:377)
at com.rest.assured.RA_handson.equalTo(RA_handson.java:377)
at com.rest.assured.RA_handson.equalTo(RA_handson.java:377)
at com.rest.assured.RA_handson.equalTo(RA_handson.java:377)
at com.rest.assured.RA_handson.equalTo(RA_handson.java:377)
at com.rest.assured.RA_handson.equalTo(RA_handson.java:377)
at com.rest.assured.RA_handson.equalTo(RA_handson.java:377)
at com.rest.assured.RA_handson.equalTo(RA_handson.java:377)
at com.rest.assured.RA_handson.equalTo(RA_handson.java:377)
at com.rest.assured.RA_handson.equalTo(RA_handson.java:377)
at com.rest.assured.RA_handson.equalTo(RA_handson.java:377)
at com.rest.assured.RA_handson.equalTo(RA_handson.java:377)
at com.rest.assured.RA_handson.equalTo(RA_handson.java:377)
at com.rest.assured.RA_handson.equalTo(RA_handson.java:377)
at com.rest.assured.RA_handson.equalTo(RA_handson.java:377)
at com.rest.assured.RA_handson.equalTo(RA_handson.java:377)
at com.rest.assured.RA_handson.equalTo(RA_handson.java:377)
at com.rest.assured.RA_handson.equalTo(RA_handson.java:377)
at com.rest.assured.RA_handson.equalTo(RA_handson.java:377)
at com.rest.assured.RA_handson.equalTo(RA_handson.java:377)
at com.rest.assured.RA_handson.equalTo(RA_handson.java:377)
at com.rest.assured.RA_handson.equalTo(RA_handson.java:377)
at com.rest.assured.RA_handson.equalTo(RA_handson.java:377)
at com.rest.assured.RA_handson.equalTo(RA_handson.java:377)
at com.rest.assured.RA_handson.equalTo(RA_handson.java:377)
at com.rest.assured.RA_handson.equalTo(RA_handson.java:377)
at com.rest.assured.RA_handson.equalTo(RA_handson.java:377)
at com.rest.assured.RA_handson.equalTo(RA_handson.java:377)
at com.rest.assured.RA_handson.equalTo(RA_handson.java:377)
at com.rest.assured.RA_handson.equalTo(RA_handson.java:377)
at com.rest.assured.RA_handson.equalTo(RA_handson.java:377)
at com.rest.assured.RA_handson.equalTo(RA_handson.java:377)
at com.rest.assured.RA_handson.equalTo(RA_handson.java:377)
at com.rest.assured.RA_handson.equalTo(RA_handson.java:377)
at com.rest.assured.RA_handson.equalTo(RA_handson.java:377)
at com.rest.assured.RA_handson.equalTo(RA_handson.java:377)
at com.rest.assured.RA_handson.equalTo(RA_handson.java:377)
at com.rest.assured.RA_handson.equalTo(RA_handson.java:377)
at com.rest.assured.RA_handson.equalTo(RA_handson.java:377)
at com.rest.assured.RA_handson.equalTo(RA_handson.java:377)
at com.rest.assured.RA_handson.equalTo(RA_handson.java:377)
at com.rest.assured.RA_handson.equalTo(RA_handson.java:377)
at com.rest.assured.RA_handson.equalTo(RA_handson.java:377)
at com.rest.assured.RA_handson.equalTo(RA_handson.java:377)
at com.rest.assured.RA_handson.equalTo(RA_handson.java:377)
at com.rest.assured.RA_handson.equalTo(RA_handson.java:377)
at com.rest.assured.RA_handson.equalTo(RA_handson.java:377)
at com.rest.assured.RA_handson.equalTo(RA_handson.java:377)
at com.rest.assured.RA_handson.equalTo(RA_handson.java:377)
at com.rest.assured.RA_handson.equalTo(RA_handson.java:377)
at com.rest.assured.RA_handson.equalTo(RA_handson.java:377)
at com.rest.assured.RA_handson.equalTo(RA_handson.java:377)
at com.rest.assured.RA_handson.equalTo(RA_handson.java:377)
at com.rest.assured.RA_handson.equalTo(RA_handson.java:377)
at com.rest.assured.RA_handson.equalTo(RA_handson.java:377)
at com.rest.assured.RA_handson.equalTo(RA_handson.java:377)
at com.rest.assured.RA_handson.equalTo(RA_handson.java:377)
at com.rest.assured.RA_handson.equalTo(RA_handson.java:377)
at com.rest.assured.RA_handson.equalTo(RA_handson.java:377)
at com.rest.assured.RA_handson.equalTo(RA_handson.java:377)
at com.rest.assured.RA_handson.equalTo(RA_handson.java:377)
at com.rest.assured.RA_handson.equalTo(RA_handson.java:377)
at com.rest.assured.RA_handson.equalTo(RA_handson.java:377)
at com.rest.assured.RA_handson.equalTo(RA_handson.java:377)
at com.rest.assured.RA_handson.equalTo(RA_handson.java:377)
at com.rest.assured.RA_handson.equalTo(RA_handson.java:377)
at com.rest.assured.RA_handson.equalTo(RA_handson.java:377)
at com.rest.assured.RA_handson.equalTo(RA_handson.java:377)
at com.rest.assured.RA_handson.equalTo(RA_handson.java:377)
at com.rest.assured.RA_handson.equalTo(RA_handson.java:377)
at com.rest.assured.RA_handson.equalTo(RA_handson.java:377)
at com.rest.assured.RA_handson.equalTo(RA_handson.java:377)
at com.rest.assured.RA_handson.equalTo(RA_handson.java:377)
at com.rest.assured.RA_handson.equalTo(RA_handson.java:377)
at com.rest.assured.RA_handson.equalTo(RA_handson.java:377)
at com.rest.assured.RA_handson.equalTo(RA_handson.java:377)
at com.rest.assured.RA_handson.equalTo(RA_handson.java:377)
at com.rest.assured.RA_handson.equalTo(RA_handson.java:377)
at com.rest.assured.RA_handson.equalTo(RA_handson.java:377)
at com.rest.assured.RA_handson.equalTo(RA_handson.java:377)
at com.rest.assured.RA_handson.equalTo(RA_handson.java:377)
at com.rest.assured.RA_handson.equalTo(RA_handson.java:377)
at com.rest.assured.RA_handson.equalTo(RA_handson.java:377)
at com.rest.assured.RA_handson.equalTo(RA_handson.java:377)
at com.rest.assured.RA_handson.equalTo(RA_handson.java:377)
at com.rest.assured.RA_handson.equalTo(RA_handson.java:377)
at com.rest.assured.RA_handson.equalTo(RA_handson.java:377)
at com.rest.assured.RA_handson.equalTo(RA_handson.java:377)
at com.rest.assured.RA_handson.equalTo(RA_handson.java:377)
at com.rest.assured.RA_handson.equalTo(RA_handson.java:377)
at com.rest.assured.RA_handson.equalTo(RA_handson.java:377)
at com.rest.assured.RA_handson.equalTo(RA_handson.java:377)
at com.rest.assured.RA_handson.equalTo(RA_handson.java:377)
at com.rest.assured.RA_handson.equalTo(RA_handson.java:377)
at com.rest.assured.RA_handson.equalTo(RA_handson.java:377)
at com.rest.assured.RA_handson.equalTo(RA_handson.java:377)
at com.rest.assured.RA_handson.equalTo(RA_handson.java:377)
at com.rest.assured.RA_handson.equalTo(RA_handson.java:377)
at com.rest.assured.RA_handson.equalTo(RA_handson.java:377)
at com.rest.assured.RA_handson.equalTo(RA_handson.java:377)
at com.rest.assured.RA_handson.equalTo(RA_handson.java:377)
at com.rest.assured.RA_handson.equalTo(RA_handson.java:377)
at com.rest.assured.RA_handson.equalTo(RA_handson.java:377)
at com.rest.assured.RA_handson.equalTo(RA_handson.java:377)
at com.rest.assured.RA_handson.equalTo(RA_handson.java:377)
at com.rest.assured.RA_handson.equalTo(RA_handson.java:377)
at com.rest.assured.RA_handson.equalTo(RA_handson.java:377)
at com.rest.assured.RA_handson.equalTo(RA_handson.java:377)
at com.rest.assured.RA_handson.equalTo(RA_handson.java:377)
at com.rest.assured.RA_handson.equalTo(RA_handson.java:377)
at com.rest.assured.RA_handson.equalTo(RA_handson.java:377)
at com.rest.assured.RA_handson.equalTo(RA_handson.java:377)
at com.rest.assured.RA_handson.equalTo(RA_handson.java:377)
at com.rest.assured.RA_handson.equalTo(RA_handson.java:377)
at com.rest.assured.RA_handson.equalTo(RA_handson.java:377)
at com.rest.assured.RA_handson.equalTo(RA_handson.java:377)
at com.rest.assured.RA_handson.equalTo(RA_handson.java:377)
at com.rest.assured.RA_handson.equalTo(RA_handson.java:377)
at com.rest.assured.RA_handson.equalTo(RA_handson.java:377)
at com.rest.assured.RA_handson.equalTo(RA_handson.java:377)
at com.rest.assured.RA_handson.equalTo(RA_handson.java:377)
at com.rest.assured.RA_handson.equalTo(RA_handson.java:377)
at com.rest.assured.RA_handson.equalTo(RA_handson.java:377)
at com.rest.assured.RA_handson.equalTo(RA_handson.java:377)
at com.rest.assured.RA_handson.equalTo(RA_handson.java:377)
at com.rest.assured.RA_handson.equalTo(RA_handson.java:377)
at com.rest.assured.RA_handson.equalTo(RA_handson.java:377)
at com.rest.assured.RA_handson.equalTo(RA_handson.java:377)
at com.rest.assured.RA_handson.equalTo(RA_handson.java:377)
at com.rest.assured.RA_handson.equalTo(RA_handson.java:377)
at com.rest.assured.RA_handson.equalTo(RA_handson.java:377)
at com.rest.assured.RA_handson.equalTo(RA_handson.java:377)
at com.rest.assured.RA_handson.equalTo(RA_handson.java:377)
at com.rest.assured.RA_handson.equalTo(RA_handson.java:377)
at com.rest.assured.RA_handson.equalTo(RA_handson.java:377)
at com.rest.assured.RA_handson.equalTo(RA_handson.java:377)
at com.rest.assured.RA_handson.equalTo(RA_handson.java:377)
at com.rest.assured.RA_handson.equalTo(RA_handson.java:377)
at com.rest.assured.RA_handson.equalTo(RA_handson.java:377)
at com.rest.assured.RA_handson.equalTo(RA_handson.java:377)
at com.rest.assured.RA_handson.equalTo(RA_handson.java:377)
at com.rest.assured.RA_handson.equalTo(RA_handson.java:377)
at com.rest.assured.RA_handson.equalTo(RA_handson.java:377)
at com.rest.assured.RA_handson.equalTo(RA_handson.java:377)
at com.rest.assured.RA_handson.equalTo(RA_handson.java:377)
at com.rest.assured.RA_handson.equalTo(RA_handson.java:377)
at com.rest.assured.RA_handson.equalTo(RA_handson.java:377)
at com.rest.assured.RA_handson.equalTo(RA_handson.java:377)
at com.rest.assured.RA_handson.equalTo(RA_handson.java:377)
at com.rest.assured.RA_handson.equalTo(RA_handson.java:377)
at com.rest.assured.RA_handson.equalTo(RA_handson.java:377)
at com.rest.assured.RA_handson.equalTo(RA_handson.java:377)
at com.rest.assured.RA_handson.equalTo(RA_handson.java:377)
at com.rest.assured.RA_handson.equalTo(RA_handson.java:377)
at com.rest.assured.RA_handson.equalTo(RA_handson.java:377)
at com.rest.assured.RA_handson.equalTo(RA_handson.java:377)
at com.rest.assured.RA_handson.equalTo(RA_handson.java:377)
at com.rest.assured.RA_handson.equalTo(RA_handson.java:377)
at com.rest.assured.RA_handson.equalTo(RA_handson.java:377)
at com.rest.assured.RA_handson.equalTo(RA_handson.java:377)
at com.rest.assured.RA_handson.equalTo(RA_handson.java:377)
at com.rest.assured.RA_handson.equalTo(RA_handson.java:377)
at com.rest.assured.RA_handson.equalTo(RA_handson.java:377)
at com.rest.assured.RA_handson.equalTo(RA_handson.java:377)
at com.rest.assured.RA_handson.equalTo(RA_handson.java:377)
at com.rest.assured.RA_handson.equalTo(RA_handson.java:377)
at com.rest.assured.RA_handson.equalTo(RA_handson.java:377)
at com.rest.assured.RA_handson.equalTo(RA_handson.java:377)
at com.rest.assured.RA_handson.equalTo(RA_handson.java:377)
at com.rest.assured.RA_handson.equalTo(RA_handson.java:377)
at com.rest.assured.RA_handson.equalTo(RA_handson.java:377)
at com.rest.assured.RA_handson.equalTo(RA_handson.java:377)
at com.rest.assured.RA_handson.equalTo(RA_handson.java:377)
at com.rest.assured.RA_handson.equalTo(RA_handson.java:377)
at com.rest.assured.RA_handson.equalTo(RA_handson.java:377)
at com.rest.assured.RA_handson.equalTo(RA_handson.java:377)
at com.rest.assured.RA_handson.equalTo(RA_handson.java:377)
at com.rest.assured.RA_handson.equalTo(RA_handson.java:377)
at com.rest.assured.RA_handson.equalTo(RA_handson.java:377)
at com.rest.assured.RA_handson.equalTo(RA_handson.java:377)
at com.rest.assured.RA_handson.equalTo(RA_handson.java:377)
at com.rest.assured.RA_handson.equalTo(RA_handson.java:377)
at com.rest.assured.RA_handson.equalTo(RA_handson.java:377)
at com.rest.assured.RA_handson.equalTo(RA_handson.java:377)
at com.rest.assured.RA_handson.equalTo(RA_handson.java:377)
at com.rest.assured.RA_handson.equalTo(RA_handson.java:377)
at com.rest.assured.RA_handson.equalTo(RA_handson.java:377)
at com.rest.assured.RA_handson.equalTo(RA_handson.java:377)
at com.rest.assured.RA_handson.equalTo(RA_handson.java:377)
at com.rest.assured.RA_handson.equalTo(RA_handson.java:377)
at com.rest.assured.RA_handson.equalTo(RA_handson.java:377)
at com.rest.assured.RA_handson.equalTo(RA_handson.java:377)
at com.rest.assured.RA_handson.equalTo(RA_handson.java:377)
at com.rest.assured.RA_handson.equalTo(RA_handson.java:377)
at com.rest.assured.RA_handson.equalTo(RA_handson.java:377)
at com.rest.assured.RA_handson.equalTo(RA_handson.java:377)
at com.rest.assured.RA_handson.equalTo(RA_handson.java:377)
at com.rest.assured.RA_handson.equalTo(RA_handson.java:377)
at com.rest.assured.RA_handson.equalTo(RA_handson.java:377)
at com.rest.assured.RA_handson.equalTo(RA_handson.java:377)
at com.rest.assured.RA_handson.equalTo(RA_handson.java:377)
at com.rest.assured.RA_handson.equalTo(RA_handson.java:377)
at com.rest.assured.RA_handson.equalTo(RA_handson.java:377)
at com.rest.assured.RA_handson.equalTo(RA_handson.java:377)
at com.rest.assured.RA_handson.equalTo(RA_handson.java:377)
at com.rest.assured.RA_handson.equalTo(RA_handson.java:377)
at com.rest.assured.RA_handson.equalTo(RA_handson.java:377)
at com.rest.assured.RA_handson.equalTo(RA_handson.java:377)
at com.rest.assured.RA_handson.equalTo(RA_handson.java:377)
at com.rest.assured.RA_handson.equalTo(RA_handson.java:377)
at com.rest.assured.RA_handson.equalTo(RA_handson.java:377)
at com.rest.assured.RA_handson.equalTo(RA_handson.java:377)
at com.rest.assured.RA_handson.equalTo(RA_handson.java:377)
at com.rest.assured.RA_handson.equalTo(RA_handson.java:377)
at com.rest.assured.RA_handson.equalTo(RA_handson.java:377)
at com.rest.assured.RA_handson.equalTo(RA_handson.java:377)
at com.rest.assured.RA_handson.equalTo(RA_handson.java:377)
at com.rest.assured.RA_handson.equalTo(RA_handson.java:377)
at com.rest.assured.RA_handson.equalTo(RA_handson.java:377)
at com.rest.assured.RA_handson.equalTo(RA_handson.java:377)
at com.rest.assured.RA_handson.equalTo(RA_handson.java:377)
at com.rest.assured.RA_handson.equalTo(RA_handson.java:377)
at com.rest.assured.RA_handson.equalTo(RA_handson.java:377)
at com.rest.assured.RA_handson.equalTo(RA_handson.java:377)
at com.rest.assured.RA_handson.equalTo(RA_handson.java:377)
at com.rest.assured.RA_handson.equalTo(RA_handson.java:377)
at com.rest.assured.RA_handson.equalTo(RA_handson.java:377)
at com.rest.assured.RA_handson.equalTo(RA_handson.java:377)
at com.rest.assured.RA_handson.equalTo(RA_handson.java:377)
at com.rest.assured.RA_handson.equalTo(RA_handson.java:377)
at com.rest.assured.RA_handson.equalTo(RA_handson.java:377)
at com.rest.assured.RA_handson.equalTo(RA_handson.java:377)
at com.rest.assured.RA_handson.equalTo(RA_handson.java:377)
at com.rest.assured.RA_handson.equalTo(RA_handson.java:377)
at com.rest.assured.RA_handson.equalTo(RA_handson.java:377)
at com.rest.assured.RA_handson.equalTo(RA_handson.java:377)
at com.rest.assured.RA_handson.equalTo(RA_handson.java:377)
at com.rest.assured.RA_handson.equalTo(RA_handson.java:377)
at com.rest.assured.RA_handson.equalTo(RA_handson.java:377)
at com.rest.assured.RA_handson.equalTo(RA_handson.java:377)
at com.rest.assured.RA_handson.equalTo(RA_handson.java:377)
at com.rest.assured.RA_handson.equalTo(RA_handson.java:377)
at com.rest.assured.RA_handson.equalTo(RA_handson.java:377)
at com.rest.assured.RA_handson.equalTo(RA_handson.java:377)
at com.rest.assured.RA_handson.equalTo(RA_handson.java:377)
at com.rest.assured.RA_handson.equalTo(RA_handson.java:377)
at com.rest.assured.RA_handson.equalTo(RA_handson.java:377)
at com.rest.assured.RA_handson.equalTo(RA_handson.java:377)
at com.rest.assured.RA_handson.equalTo(RA_handson.java:377)
at com.rest.assured.RA_handson.equalTo(RA_handson.java:377)
at com.rest.assured.RA_handson.equalTo(RA_handson.java:377)
at com.rest.assured.RA_handson.equalTo(RA_handson.java:377)
at com.rest.assured.RA_handson.equalTo(RA_handson.java:377)
at com.rest.assured.RA_handson.equalTo(RA_handson.java:377)
at com.rest.assured.RA_handson.equalTo(RA_handson.java:377)
at com.rest.assured.RA_handson.equalTo(RA_handson.java:377)
at com.rest.assured.RA_handson.equalTo(RA_handson.java:377)
at com.rest.assured.RA_handson.equalTo(RA_handson.java:377)
at com.rest.assured.RA_handson.equalTo(RA_handson.java:377)
at com.rest.assured.RA_handson.equalTo(RA_handson.java:377)
at com.rest.assured.RA_handson.equalTo(RA_handson.java:377)
at com.rest.assured.RA_handson.equalTo(RA_handson.java:377)
at com.rest.assured.RA_handson.equalTo(RA_handson.java:377)
at com.rest.assured.RA_handson.equalTo(RA_handson.java:377)
at com.rest.assured.RA_handson.equalTo(RA_handson.java:377)
at com.rest.assured.RA_handson.equalTo(RA_handson.java:377)
at com.rest.assured.RA_handson.equalTo(RA_handson.java:377)
at com.rest.assured.RA_handson.equalTo(RA_handson.java:377)
at com.rest.assured.RA_handson.equalTo(RA_handson.java:377)
at com.rest.assured.RA_handson.equalTo(RA_handson.java:377)
at com.rest.assured.RA_handson.equalTo(RA_handson.java:377)
at com.rest.assured.RA_handson.equalTo(RA_handson.java:377)
at com.rest.assured.RA_handson.equalTo(RA_handson.java:377)
at com.rest.assured.RA_handson.equalTo(RA_handson.java:377)
at com.rest.assured.RA_handson.equalTo(RA_handson.java:377)
at com.rest.assured.RA_handson.equalTo(RA_handson.java:377)
at com.rest.assured.RA_handson.equalTo(RA_handson.java:377)
at com.rest.assured.RA_handson.equalTo(RA_handson.java:377)
at com.rest.assured.RA_handson.equalTo(RA_handson.java:377)
at com.rest.assured.RA_handson.equalTo(RA_handson.java:377)
at com.rest.assured.RA_handson.equalTo(RA_handson.java:377)
at com.rest.assured.RA_handson.equalTo(RA_handson.java:377)
at com.rest.assured.RA_handson.equalTo(RA_handson.java:377)
at com.rest.assured.RA_handson.equalTo(RA_handson.java:377)
at com.rest.assured.RA_handson.equalTo(RA_handson.java:377)
at com.rest.assured.RA_handson.equalTo(RA_handson.java:377)
at com.rest.assured.RA_handson.equalTo(RA_handson.java:377)
at com.rest.assured.RA_handson.equalTo(RA_handson.java:377)
at com.rest.assured.RA_handson.equalTo(RA_handson.java:377)
at com.rest.assured.RA_handson.equalTo(RA_handson.java:377)
at com.rest.assured.RA_handson.equalTo(RA_handson.java:377)
at com.rest.assured.RA_handson.equalTo(RA_handson.java:377)
at com.rest.assured.RA_handson.equalTo(RA_handson.java:377)
at com.rest.assured.RA_handson.equalTo(RA_handson.java:377)
at com.rest.assured.RA_handson.equalTo(RA_handson.java:377)
at com.rest.assured.RA_handson.equalTo(RA_handson.java:377)
at com.rest.assured.RA_handson.equalTo(RA_handson.java:377)
at com.rest.assured.RA_handson.equalTo(RA_handson.java:377)
at com.rest.assured.RA_handson.equalTo(RA_handson.java:377)
at com.rest.assured.RA_handson.equalTo(RA_handson.java:377)
at com.rest.assured.RA_handson.equalTo(RA_handson.java:377)
at com.rest.assured.RA_handson.equalTo(RA_handson.java:377)
at com.rest.assured.RA_handson.equalTo(RA_handson.java:377)
at com.rest.assured.RA_handson.equalTo(RA_handson.java:377)
at com.rest.assured.RA_handson.equalTo(RA_handson.java:377)
at com.rest.assured.RA_handson.equalTo(RA_handson.java:377)
at com.rest.assured.RA_handson.equalTo(RA_handson.java:377)
at com.rest.assured.RA_handson.equalTo(RA_handson.java:377)
at com.rest.assured.RA_handson.equalTo(RA_handson.java:377)
at com.rest.assured.RA_handson.equalTo(RA_handson.java:377)
at com.rest.assured.RA_handson.equalTo(RA_handson.java:377)
at com.rest.assured.RA_handson.equalTo(RA_handson.java:377)
at com.rest.assured.RA_handson.equalTo(RA_handson.java:377)
at com.rest.assured.RA_handson.equalTo(RA_handson.java:377)
at com.rest.assured.RA_handson.equalTo(RA_handson.java:377)
at com.rest.assured.RA_handson.equalTo(RA_handson.java:377)
at com.rest.assured.RA_handson.equalTo(RA_handson.java:377)
at com.rest.assured.RA_handson.equalTo(RA_handson.java:377)
at com.rest.assured.RA_handson.equalTo(RA_handson.java:377)
at com.rest.assured.RA_handson.equalTo(RA_handson.java:377)
at com.rest.assured.RA_handson.equalTo(RA_handson.java:377)
at com.rest.assured.RA_handson.equalTo(RA_handson.java:377)
at com.rest.assured.RA_handson.equalTo(RA_handson.java:377)
at com.rest.assured.RA_handson.equalTo(RA_handson.java:377)
at com.rest.assured.RA_handson.equalTo(RA_handson.java:377)
at com.rest.assured.RA_handson.equalTo(RA_handson.java:377)
at com.rest.assured.RA_handson.equalTo(RA_handson.java:377)
at com.rest.assured.RA_handson.equalTo(RA_handson.java:377)
at com.rest.assured.RA_handson.equalTo(RA_handson.java:377)
at com.rest.assured.RA_handson.equalTo(RA_handson.java:377)
at com.rest.assured.RA_handson.equalTo(RA_handson.java:377)
at com.rest.assured.RA_handson.equalTo(RA_handson.java:377)
at com.rest.assured.RA_handson.equalTo(RA_handson.java:377)
at com.rest.assured.RA_handson.equalTo(RA_handson.java:377)
at com.rest.assured.RA_handson.equalTo(RA_handson.java:377)
at com.rest.assured.RA_handson.equalTo(RA_handson.java:377)
at com.rest.assured.RA_handson.equalTo(RA_handson.java:377)
at com.rest.assured.RA_handson.equalTo(RA_handson.java:377)
at com.rest.assured.RA_handson.equalTo(RA_handson.java:377)
at com.rest.assured.RA_handson.equalTo(RA_handson.java:377)
at com.rest.assured.RA_handson.equalTo(RA_handson.java:377)
at com.rest.assured.RA_handson.equalTo(RA_handson.java:377)
at com.rest.assured.RA_handson.equalTo(RA_handson.java:377)
at com.rest.assured.RA_handson.equalTo(RA_handson.java:377)
at com.rest.assured.RA_handson.equalTo(RA_handson.java:377)
at com.rest.assured.RA_handson.equalTo(RA_handson.java:377)
at com.rest.assured.RA_handson.equalTo(RA_handson.java:377)
at com.rest.assured.RA_handson.equalTo(RA_handson.java:377)
at com.rest.assured.RA_handson.equalTo(RA_handson.java:377)
at com.rest.assured.RA_handson.equalTo(RA_handson.java:377)
at com.rest.assured.RA_handson.equalTo(RA_handson.java:377)
at com.rest.assured.RA_handson.equalTo(RA_handson.java:377)
at com.rest.assured.RA_handson.equalTo(RA_handson.java:377)
at com.rest.assured.RA_handson.equalTo(RA_handson.java:377)
at com.rest.assured.RA_handson.equalTo(RA_handson.java:377)
at com.rest.assured.RA_handson.equalTo(RA_handson.java:377)
at com.rest.assured.RA_handson.equalTo(RA_handson.java:377)
at com.rest.assured.RA_handson.equalTo(RA_handson.java:377)
at com.rest.assured.RA_handson.equalTo(RA_handson.java:377)
at com.rest.assured.RA_handson.equalTo(RA_handson.java:377)
at com.rest.assured.RA_handson.equalTo(RA_handson.java:377)
at com.rest.assured.RA_handson.equalTo(RA_handson.java:377)
at com.rest.assured.RA_handson.equalTo(RA_handson.java:377)
at com.rest.assured.RA_handson.equalTo(RA_handson.java:377)
at com.rest.assured.RA_handson.equalTo(RA_handson.java:377)
at com.rest.assured.RA_handson.equalTo(RA_handson.java:377)
at com.rest.assured.RA_handson.equalTo(RA_handson.java:377)
at com.rest.assured.RA_handson.equalTo(RA_handson.java:377)
at com.rest.assured.RA_handson.equalTo(RA_handson.java:377)
at com.rest.assured.RA_handson.equalTo(RA_handson.java:377)
at com.rest.assured.RA_handson.equalTo(RA_handson.java:377)
at com.rest.assured.RA_handson.equalTo(RA_handson.java:377)
at com.rest.assured.RA_handson.equalTo(RA_handson.java:377)
at com.rest.assured.RA_handson.equalTo(RA_handson.java:377)
at com.rest.assured.RA_handson.equalTo(RA_handson.java:377)
at com.rest.assured.RA_handson.equalTo(RA_handson.java:377)
at com.rest.assured.RA_handson.equalTo(RA_handson.java:377)
at com.rest.assured.RA_handson.equalTo(RA_handson.java:377)
at com.rest.assured.RA_handson.equalTo(RA_handson.java:377)
at com.rest.assured.RA_handson.equalTo(RA_handson.java:377)
at com.rest.assured.RA_handson.equalTo(RA_handson.java:377)
at com.rest.assured.RA_handson.equalTo(RA_handson.java:377)
at com.rest.assured.RA_handson.equalTo(RA_handson.java:377)
at com.rest.assured.RA_handson.equalTo(RA_handson.java:377)
at com.rest.assured.RA_handson.equalTo(RA_handson.java:377)
at com.rest.assured.RA_handson.equalTo(RA_handson.java:377)
at com.rest.assured.RA_handson.equalTo(RA_handson.java:377)
at com.rest.assured.RA_handson.equalTo(RA_handson.java:377)
at com.rest.assured.RA_handson.equalTo(RA_handson.java:377)
at com.rest.assured.RA_handson.equalTo(RA_handson.java:377)
at com.rest.assured.RA_handson.equalTo(RA_handson.java:377)
at com.rest.assured.RA_handson.equalTo(RA_handson.java:377)
at com.rest.assured.RA_handson.equalTo(RA_handson.java:377)
at com.rest.assured.RA_handson.equalTo(RA_handson.java:377)
at com.rest.assured.RA_handson.equalTo(RA_handson.java:377)
at com.rest.assured.RA_handson.equalTo(RA_handson.java:377)
at com.rest.assured.RA_handson.equalTo(RA_handson.java:377)
at com.rest.assured.RA_handson.equalTo(RA_handson.java:377)
at com.rest.assured.RA_handson.equalTo(RA_handson.java:377)
at com.rest.assured.RA_handson.equalTo(RA_handson.java:377)
at com.rest.assured.RA_handson.equalTo(RA_handson.java:377)
at com.rest.assured.RA_handson.equalTo(RA_handson.java:377)
at com.rest.assured.RA_handson.equalTo(RA_handson.java:377)
at com.rest.assured.RA_handson.equalTo(RA_handson.java:377)
at com.rest.assured.RA_handson.equalTo(RA_handson.java:377)
at com.rest.assured.RA_handson.equalTo(RA_handson.java:377)
at com.rest.assured.RA_handson.equalTo(RA_handson.java:377)
at com.rest.assured.RA_handson.equalTo(RA_handson.java:377)
at com.rest.assured.RA_handson.equalTo(RA_handson.java:377)
at com.rest.assured.RA_handson.equalTo(RA_handson.java:377)
at com.rest.assured.RA_handson.equalTo(RA_handson.java:377)
at com.rest.assured.RA_handson.equalTo(RA_handson.java:377)
at com.rest.assured.RA_handson.equalTo(RA_handson.java:377)
at com.rest.assured.RA_handson.equalTo(RA_handson.java:377)
at com.rest.assured.RA_handson.equalTo(RA_handson.java:377)
at com.rest.assured.RA_handson.equalTo(RA_handson.java:377)
at com.rest.assured.RA_handson.equalTo(RA_handson.java:377)
at com.rest.assured.RA_handson.equalTo(RA_handson.java:377)
at com.rest.assured.RA_handson.equalTo(RA_handson.java:377)
at com.rest.assured.RA_handson.equalTo(RA_handson.java:377)
at com.rest.assured.RA_handson.equalTo(RA_handson.java:377)
at com.rest.assured.RA_handson.equalTo(RA_handson.java:377)
at com.rest.assured.RA_handson.equalTo(RA_handson.java:377)
at com.rest.assured.RA_handson.equalTo(RA_handson.java:377)
at com.rest.assured.RA_handson.equalTo(RA_handson.java:377)
at com.rest.assured.RA_handson.equalTo(RA_handson.java:377)
at com.rest.assured.RA_handson.equalTo(RA_handson.java:377)
at com.rest.assured.RA_handson.equalTo(RA_handson.java:377)
at com.rest.assured.RA_handson.equalTo(RA_handson.java:377)
at com.rest.assured.RA_handson.equalTo(RA_handson.java:377)
at com.rest.assured.RA_handson.equalTo(RA_handson.java:377)
at com.rest.assured.RA_handson.equalTo(RA_handson.java:377)
at com.rest.assured.RA_handson.equalTo(RA_handson.java:377)
at com.rest.assured.RA_handson.equalTo(RA_handson.java:377)
at com.rest.assured.RA_handson.equalTo(RA_handson.java:377)
at com.rest.assured.RA_handson.equalTo(RA_handson.java:377)
at com.rest.assured.RA_handson.equalTo(RA_handson.java:377)
at com.rest.assured.RA_handson.equalTo(RA_handson.java:377)
at com.rest.assured.RA_handson.equalTo(RA_handson.java:377)
at com.rest.assured.RA_handson.equalTo(RA_handson.java:377)
at com.rest.assured.RA_handson.equalTo(RA_handson.java:377)
at com.rest.assured.RA_handson.equalTo(RA_handson.java:377)
at com.rest.assured.RA_handson.equalTo(RA_handson.java:377)
at com.rest.assured.RA_handson.equalTo(RA_handson.java:377)
at com.rest.assured.RA_handson.equalTo(RA_handson.java:377)
at com.rest.assured.RA_handson.equalTo(RA_handson.java:377)
at com.rest.assured.RA_handson.equalTo(RA_handson.java:377)
at com.rest.assured.RA_handson.equalTo(RA_handson.java:377)
at com.rest.assured.RA_handson.equalTo(RA_handson.java:377)
at com.rest.assured.RA_handson.equalTo(RA_handson.java:377)
at com.rest.assured.RA_handson.equalTo(RA_handson.java:377)
at com.rest.assured.RA_handson.equalTo(RA_handson.java:377)
at com.rest.assured.RA_handson.equalTo(RA_handson.java:377)
at com.rest.assured.RA_handson.equalTo(RA_handson.java:377)
at com.rest.assured.RA_handson.equalTo(RA_handson.java:377)
at com.rest.assured.RA_handson.equalTo(RA_handson.java:377)
at com.rest.assured.RA_handson.equalTo(RA_handson.java:377)
at com.rest.assured.RA_handson.equalTo(RA_handson.java:377)
at com.rest.assured.RA_handson.equalTo(RA_handson.java:377)
at com.rest.assured.RA_handson.equalTo(RA_handson.java:377)
at com.rest.assured.RA_handson.equalTo(RA_handson.java:377)
at com.rest.assured.RA_handson.equalTo(RA_handson.java:377)
at com.rest.assured.RA_handson.equalTo(RA_handson.java:377)
at com.rest.assured.RA_handson.equalTo(RA_handson.java:377)
at com.rest.assured.RA_handson.equalTo(RA_handson.java:377)
at com.rest.assured.RA_handson.equalTo(RA_handson.java:377)
at com.rest.assured.RA_handson.equalTo(RA_handson.java:377)
at com.rest.assured.RA_handson.equalTo(RA_handson.java:377)
at com.rest.assured.RA_handson.equalTo(RA_handson.java:377)
at com.rest.assured.RA_handson.equalTo(RA_handson.java:377)
at com.rest.assured.RA_handson.equalTo(RA_handson.java:377)
at com.rest.assured.RA_handson.equalTo(RA_handson.java:377)
at com.rest.assured.RA_handson.equalTo(RA_handson.java:377)
at com.rest.assured.RA_handson.equalTo(RA_handson.java:377)
at com.rest.assured.RA_handson.equalTo(RA_handson.java:377)
at com.rest.assured.RA_handson.equalTo(RA_handson.java:377)
at com.rest.assured.RA_handson.equalTo(RA_handson.java:377)
at com.rest.assured.RA_handson.equalTo(RA_handson.java:377)
at com.rest.assured.RA_handson.equalTo(RA_handson.java:377)
at com.rest.assured.RA_handson.equalTo(RA_handson.java:377)
at com.rest.assured.RA_handson.equalTo(RA_handson.java:377)
at com.rest.assured.RA_handson.equalTo(RA_handson.java:377)
at com.rest.assured.RA_handson.equalTo(RA_handson.java:377)
at com.rest.assured.RA_handson.equalTo(RA_handson.java:377)
at com.rest.assured.RA_handson.equalTo(RA_handson.java:377)
at com.rest.assured.RA_handson.equalTo(RA_handson.java:377)
at com.rest.assured.RA_handson.equalTo(RA_handson.java:377)
at com.rest.assured.RA_handson.equalTo(RA_handson.java:377)
at com.rest.assured.RA_handson.equalTo(RA_handson.java:377)
at com.rest.assured.RA_handson.equalTo(RA_handson.java:377)
at com.rest.assured.RA_handson.equalTo(RA_handson.java:377)
at com.rest.assured.RA_handson.equalTo(RA_handson.java:377)
at com.rest.assured.RA_handson.equalTo(RA_handson.java:377)
at com.rest.assured.RA_handson.equalTo(RA_handson.java:377)
at com.rest.assured.RA_handson.equalTo(RA_handson.java:377)
at com.rest.assured.RA_handson.equalTo(RA_handson.java:377)
at com.rest.assured.RA_handson.equalTo(RA_handson.java:377)
at com.rest.assured.RA_handson.equalTo(RA_handson.java:377)
at com.rest.assured.RA_handson.equalTo(RA_handson.java:377)
at com.rest.assured.RA_handson.equalTo(RA_handson.java:377)
at com.rest.assured.RA_handson.equalTo(RA_handson.java:377)
at com.rest.assured.RA_handson.equalTo(RA_handson.java:377)
at com.rest.assured.RA_handson.equalTo(RA_handson.java:377)
at com.rest.assured.RA_handson.equalTo(RA_handson.java:377)
at com.rest.assured.RA_handson.equalTo(RA_handson.java:377)
at com.rest.assured.RA_handson.equalTo(RA_handson.java:377)
at com.rest.assured.RA_handson.equalTo(RA_handson.java:377)
at com.rest.assured.RA_handson.equalTo(RA_handson.java:377)
at com.rest.assured.RA_handson.equalTo(RA_handson.java:377)
at com.rest.assured.RA_handson.equalTo(RA_handson.java:377)
at com.rest.assured.RA_handson.equalTo(RA_handson.java:377)
at com.rest.assured.RA_handson.equalTo(RA_handson.java:377)
at com.rest.assured.RA_handson.equalTo(RA_handson.java:377)
at com.rest.assured.RA_handson.equalTo(RA_handson.java:377)
at com.rest.assured.RA_handson.equalTo(RA_handson.java:377)
at com.rest.assured.RA_handson.equalTo(RA_handson.java:377)
at com.rest.assured.RA_handson.equalTo(RA_handson.java:377)
at com.rest.assured.RA_handson.equalTo(RA_handson.java:377)
at com.rest.assured.RA_handson.equalTo(RA_handson.java:377)
at com.rest.assured.RA_handson.equalTo(RA_handson.java:377)
at com.rest.assured.RA_handson.equalTo(RA_handson.java:377)
at com.rest.assured.RA_handson.equalTo(RA_handson.java:377)
at com.rest.assured.RA_handson.equalTo(RA_handson.java:377)
at com.rest.assured.RA_handson.equalTo(RA_handson.java:377)
at com.rest.assured.RA_handson.equalTo(RA_handson.java:377)
at com.rest.assured.RA_handson.equalTo(RA_handson.java:377)
at com.rest.assured.RA_handson.equalTo(RA_handson.java:377)
]]>
    </failure>
  </testcase> <!-- header -->
  <testcase classname="com.rest.assured.RA_handson" name="endpointbase" time="0.0">
    <ignored/>
  </testcase> <!-- endpointbase -->
  <testcase classname="com.rest.assured.RA_handson" name="successresp" time="0.0">
    <ignored/>
  </testcase> <!-- successresp -->
  <testcase classname="com.rest.assured.RA_handson" name="responsestscode" time="0.0">
    <ignored/>
  </testcase> <!-- responsestscode -->
  <testcase classname="com.rest.assured.RA_handson" name="respcode" time="0.0">
    <ignored/>
  </testcase> <!-- respcode -->
  <testcase classname="com.rest.assured.RA_handson" name="parseXML" time="0.0">
    <ignored/>
  </testcase> <!-- parseXML -->
  <testcase classname="com.rest.assured.RA_handson" name="queryparam" time="0.0">
    <ignored/>
  </testcase> <!-- queryparam -->
  <testcase classname="com.rest.assured.RA_handson" name="updateexisiting" time="0.0">
    <ignored/>
  </testcase> <!-- updateexisiting -->
  <testcase classname="com.rest.assured.RA_handson" name="parseJSON" time="0.0">
    <ignored/>
  </testcase> <!-- parseJSON -->
  <testcase classname="com.rest.assured.RA_handson" name="qn4" time="0.0">
    <ignored/>
  </testcase> <!-- qn4 -->
  <testcase classname="com.rest.assured.RA_handson" name="updateprice" time="0.0">
    <ignored/>
  </testcase> <!-- updateprice -->
  <testcase classname="com.rest.assured.RA_handson" name="printalldets" time="0.0">
    <ignored/>
  </testcase> <!-- printalldets -->
  <testcase classname="com.rest.assured.RA_handson" name="doubleparam" time="0.0">
    <ignored/>
  </testcase> <!-- doubleparam -->
  <testcase classname="com.rest.assured.RA_handson" name="respcode404" time="0.0">
    <ignored/>
  </testcase> <!-- respcode404 -->
  <testcase classname="com.rest.assured.RA_handson" name="auth1" time="0.0">
    <ignored/>
  </testcase> <!-- auth1 -->
  <testcase classname="com.rest.assured.RA_handson" name="pathparam" time="0.0">
    <ignored/>
  </testcase> <!-- pathparam -->
  <testcase classname="com.rest.assured.RA_handson" name="printbookingid" time="0.0">
    <ignored/>
  </testcase> <!-- printbookingid -->
  <testcase classname="com.rest.assured.RA_handson" name="respcode301" time="0.0">
    <ignored/>
  </testcase> <!-- respcode301 -->
  <testcase classname="com.rest.assured.RA_handson" name="test" time="0.0">
    <ignored/>
  </testcase> <!-- test -->
</testsuite> <!-- Default test -->
