<?xml version="1.0" encoding="UTF-8"?>
<!-- Generated by org.testng.reporters.JUnitXMLReporter -->
<testsuite ignored="4" hostname="LTIN523207" failures="0" tests="1" name="Default test" time="5.277" errors="0" timestamp="2025-12-02T11:47:55 IST">
  <testcase classname="com.rest.assured.RestTest" name="createxml" time="5.193"/>
  <testcase classname="com.rest.assured.RestTest" name="createjsonuser" time="0.0">
    <ignored/>
  </testcase> <!-- createjsonuser -->
  <testcase classname="com.rest.assured.RestTest" name="storeResponseIntoJsonFile" time="0.0">
    <ignored/>
  </testcase> <!-- storeResponseIntoJsonFile -->
  <testcase classname="com.rest.assured.RestTest" name="getNodeValueFromNestedRespJSON" time="0.0">
    <ignored/>
  </testcase> <!-- getNodeValueFromNestedRespJSON -->
  <testcase classname="com.rest.assured.RestTest" name="getNumofRootElements" time="0.0">
    <ignored/>
  </testcase> <!-- getNumofRootElements -->
</testsuite> <!-- Default test -->
