<?xml version="1.0" encoding="UTF-8"?>
<testng-results ignored="4" total="5" passed="1" failed="0" skipped="0">
  <reporter-output>
  </reporter-output>
  <suite started-at="2025-12-02T11:47:49 IST" name="Default suite" finished-at="2025-12-02T11:47:55 IST" duration-ms="5277">
    <groups>
    </groups>
    <test started-at="2025-12-02T11:47:49 IST" name="Default test" finished-at="2025-12-02T11:47:55 IST" duration-ms="5277">
      <class name="com.rest.assured.RestTest">
        <test-method signature="createxml()[pri:0, instance:com.rest.assured.RestTest@2d3379b4]" started-at="2025-12-02T11:47:49 IST" name="createxml" finished-at="2025-12-02T11:47:55 IST" duration-ms="5193" status="PASS">
          <reporter-output>
          </reporter-output>
        </test-method> <!-- createxml -->
      </class> <!-- com.rest.assured.RestTest -->
    </test> <!-- Default test -->
  </suite> <!-- Default suite -->
</testng-results>
