<?xml version="1.0" encoding="UTF-8"?>
<testng-results ignored="18" total="19" passed="0" failed="1" skipped="0">
  <reporter-output>
  </reporter-output>
  <suite started-at="2025-11-19T15:48:13 IST" name="Default suite" finished-at="2025-11-19T15:48:18 IST" duration-ms="4318">
    <groups>
    </groups>
    <test started-at="2025-11-19T15:48:13 IST" name="Default test" finished-at="2025-11-19T15:48:18 IST" duration-ms="4318">
      <class name="com.rest.assured.RA_handson">
        <test-method signature="header()[pri:0, instance:com.rest.assured.RA_handson@6b2ea799]" started-at="2025-11-19T15:48:13 IST" name="header" finished-at="2025-11-19T15:48:18 IST" duration-ms="4243" status="FAIL">
          <exception class="java.lang.StackOverflowError">
            <full-stacktrace>
              <![CDATA[java.lang.StackOverflowError
at com.rest.assured.RA_handson.equalTo(RA_handson.java:377)
at com.rest.assured.RA_handson.equalTo(RA_handson.java:377)
at com.rest.assured.RA_handson.equalTo(RA_handson.java:377)
at com.rest.assured.RA_handson.equalTo(RA_handson.java:377)
at com.rest.assured.RA_handson.equalTo(RA_handson.java:377)
at com.rest.assured.RA_handson.equalTo(RA_handson.java:377)
at com.rest.assured.RA_handson.equalTo(RA_handson.java:377)
at com.rest.assured.RA_handson.equalTo(RA_handson.java:377)
at com.rest.assured.RA_handson.equalTo(RA_handson.java:377)
at com.rest.assured.RA_handson.equalTo(RA_handson.java:377)
at com.rest.assured.RA_handson.equalTo(RA_handson.java:377)
at com.rest.assured.RA_handson.equalTo(RA_handson.java:377)
at com.rest.assured.RA_handson.equalTo(RA_handson.java:377)
at com.rest.assured.RA_handson.equalTo(RA_handson.java:377)
at com.rest.assured.RA_handson.equalTo(RA_handson.java:377)
at com.rest.assured.RA_handson.equalTo(RA_handson.java:377)
at com.rest.assured.RA_handson.equalTo(RA_handson.java:377)
at com.rest.assured.RA_handson.equalTo(RA_handson.java:377)
at com.rest.assured.RA_handson.equalTo(RA_handson.java:377)
at com.rest.assured.RA_handson.equalTo(RA_handson.java:377)
at com.rest.assured.RA_handson.equalTo(RA_handson.java:377)
at com.rest.assured.RA_handson.equalTo(RA_handson.java:377)
at com.rest.assured.RA_handson.equalTo(RA_handson.java:377)
at com.rest.assured.RA_handson.equalTo(RA_handson.java:377)
at com.rest.assured.RA_handson.equalTo(RA_handson.java:377)
at com.rest.assured.RA_handson.equalTo(RA_handson.java:377)
at com.rest.assured.RA_handson.equalTo(RA_handson.java:377)
at com.rest.assured.RA_handson.equalTo(RA_handson.java:377)
at com.rest.assured.RA_handson.equalTo(RA_handson.java:377)
at com.rest.assured.RA_handson.equalTo(RA_handson.java:377)
at com.rest.assured.RA_handson.equalTo(RA_handson.java:377)
at com.rest.assured.RA_handson.equalTo(RA_handson.java:377)
at com.rest.assured.RA_handson.equalTo(RA_handson.java:377)
at com.rest.assured.RA_handson.equalTo(RA_handson.java:377)
at com.rest.assured.RA_handson.equalTo(RA_handson.java:377)
at com.rest.assured.RA_handson.equalTo(RA_handson.java:377)
at com.rest.assured.RA_handson.equalTo(RA_handson.java:377)
at com.rest.assured.RA_handson.equalTo(RA_handson.java:377)
at com.rest.assured.RA_handson.equalTo(RA_handson.java:377)
at com.rest.assured.RA_handson.equalTo(RA_handson.java:377)
at com.rest.assured.RA_handson.equalTo(RA_handson.java:377)
at com.rest.assured.RA_handson.equalTo(RA_handson.java:377)
at com.rest.assured.RA_handson.equalTo(RA_handson.java:377)
at com.rest.assured.RA_handson.equalTo(RA_handson.java:377)
at com.rest.assured.RA_handson.equalTo(RA_handson.java:377)
at com.rest.assured.RA_handson.equalTo(RA_handson.java:377)
at com.rest.assured.RA_handson.equalTo(RA_handson.java:377)
at com.rest.assured.RA_handson.equalTo(RA_handson.java:377)
at com.rest.assured.RA_handson.equalTo(RA_handson.java:377)
at com.rest.assured.RA_handson.equalTo(RA_handson.java:377)
at com.rest.assured.RA_handson.equalTo(RA_handson.java:377)
at com.rest.assured.RA_handson.equalTo(RA_handson.java:377)
at com.rest.assured.RA_handson.equalTo(RA_handson.java:377)
at com.rest.assured.RA_handson.equalTo(RA_handson.java:377)
at com.rest.assured.RA_handson.equalTo(RA_handson.java:377)
at com.rest.assured.RA_handson.equalTo(RA_handson.java:377)
at com.rest.assured.RA_handson.equalTo(RA_handson.java:377)
at com.rest.assured.RA_handson.equalTo(RA_handson.java:377)
at com.rest.assured.RA_handson.equalTo(RA_handson.java:377)
at com.rest.assured.RA_handson.equalTo(RA_handson.java:377)
at com.rest.assured.RA_handson.equalTo(RA_handson.java:377)
at com.rest.assured.RA_handson.equalTo(RA_handson.java:377)
at com.rest.assured.RA_handson.equalTo(RA_handson.java:377)
at com.rest.assured.RA_handson.equalTo(RA_handson.java:377)
at com.rest.assured.RA_handson.equalTo(RA_handson.java:377)
at com.rest.assured.RA_handson.equalTo(RA_handson.java:377)
at com.rest.assured.RA_handson.equalTo(RA_handson.java:377)
at com.rest.assured.RA_handson.equalTo(RA_handson.java:377)
at com.rest.assured.RA_handson.equalTo(RA_handson.java:377)
at com.rest.assured.RA_handson.equalTo(RA_handson.java:377)
at com.rest.assured.RA_handson.equalTo(RA_handson.java:377)
at com.rest.assured.RA_handson.equalTo(RA_handson.java:377)
at com.rest.assured.RA_handson.equalTo(RA_handson.java:377)
at com.rest.assured.RA_handson.equalTo(RA_handson.java:377)
at com.rest.assured.RA_handson.equalTo(RA_handson.java:377)
at com.rest.assured.RA_handson.equalTo(RA_handson.java:377)
at com.rest.assured.RA_handson.equalTo(RA_handson.java:377)
at com.rest.assured.RA_handson.equalTo(RA_handson.java:377)
at com.rest.assured.RA_handson.equalTo(RA_handson.java:377)
at com.rest.assured.RA_handson.equalTo(RA_handson.java:377)
at com.rest.assured.RA_handson.equalTo(RA_handson.java:377)
at com.rest.assured.RA_handson.equalTo(RA_handson.java:377)
at com.rest.assured.RA_handson.equalTo(RA_handson.java:377)
at com.rest.assured.RA_handson.equalTo(RA_handson.java:377)
at com.rest.assured.RA_handson.equalTo(RA_handson.java:377)
at com.rest.assured.RA_handson.equalTo(RA_handson.java:377)
at com.rest.assured.RA_handson.equalTo(RA_handson.java:377)
at com.rest.assured.RA_handson.equalTo(RA_handson.java:377)
at com.rest.assured.RA_handson.equalTo(RA_handson.java:377)
at com.rest.assured.RA_handson.equalTo(RA_handson.java:377)
at com.rest.assured.RA_handson.equalTo(RA_handson.java:377)
at com.rest.assured.RA_handson.equalTo(RA_handson.java:377)
at com.rest.assured.RA_handson.equalTo(RA_handson.java:377)
at com.rest.assured.RA_handson.equalTo(RA_handson.java:377)
at com.rest.assured.RA_handson.equalTo(RA_handson.java:377)
at com.rest.assured.RA_handson.equalTo(RA_handson.java:377)
at com.rest.assured.RA_handson.equalTo(RA_handson.java:377)
at com.rest.assured.RA_handson.equalTo(RA_handson.java:377)
at com.rest.assured.RA_handson.equalTo(RA_handson.java:377)
at com.rest.assured.RA_handson.equalTo(RA_handson.java:377)
at com.rest.assured.RA_handson.equalTo(RA_handson.java:377)
at com.rest.assured.RA_handson.equalTo(RA_handson.java:377)
at com.rest.assured.RA_handson.equalTo(RA_handson.java:377)
at com.rest.assured.RA_handson.equalTo(RA_handson.java:377)
at com.rest.assured.RA_handson.equalTo(RA_handson.java:377)
at com.rest.assured.RA_handson.equalTo(RA_handson.java:377)
at com.rest.assured.RA_handson.equalTo(RA_handson.java:377)
at com.rest.assured.RA_handson.equalTo(RA_handson.java:377)
at com.rest.assured.RA_handson.equalTo(RA_handson.java:377)
at com.rest.assured.RA_handson.equalTo(RA_handson.java:377)
at com.rest.assured.RA_handson.equalTo(RA_handson.java:377)
at com.rest.assured.RA_handson.equalTo(RA_handson.java:377)
at com.rest.assured.RA_handson.equalTo(RA_handson.java:377)
at com.rest.assured.RA_handson.equalTo(RA_handson.java:377)
at com.rest.assured.RA_handson.equalTo(RA_handson.java:377)
at com.rest.assured.RA_handson.equalTo(RA_handson.java:377)
at com.rest.assured.RA_handson.equalTo(RA_handson.java:377)
at com.rest.assured.RA_handson.equalTo(RA_handson.java:377)
at com.rest.assured.RA_handson.equalTo(RA_handson.java:377)
at com.rest.assured.RA_handson.equalTo(RA_handson.java:377)
at com.rest.assured.RA_handson.equalTo(RA_handson.java:377)
at com.rest.assured.RA_handson.equalTo(RA_handson.java:377)
at com.rest.assured.RA_handson.equalTo(RA_handson.java:377)
at com.rest.assured.RA_handson.equalTo(RA_handson.java:377)
at com.rest.assured.RA_handson.equalTo(RA_handson.java:377)
at com.rest.assured.RA_handson.equalTo(RA_handson.java:377)
at com.rest.assured.RA_handson.equalTo(RA_handson.java:377)
at com.rest.assured.RA_handson.equalTo(RA_handson.java:377)
at com.rest.assured.RA_handson.equalTo(RA_handson.java:377)
at com.rest.assured.RA_handson.equalTo(RA_handson.java:377)
at com.rest.assured.RA_handson.equalTo(RA_handson.java:377)
at com.rest.assured.RA_handson.equalTo(RA_handson.java:377)
at com.rest.assured.RA_handson.equalTo(RA_handson.java:377)
at com.rest.assured.RA_handson.equalTo(RA_handson.java:377)
at com.rest.assured.RA_handson.equalTo(RA_handson.java:377)
at com.rest.assured.RA_handson.equalTo(RA_handson.java:377)
at com.rest.assured.RA_handson.equalTo(RA_handson.java:377)
at com.rest.assured.RA_handson.equalTo(RA_handson.java:377)
at com.rest.assured.RA_handson.equalTo(RA_handson.java:377)
at com.rest.assured.RA_handson.equalTo(RA_handson.java:377)
at com.rest.assured.RA_handson.equalTo(RA_handson.java:377)
at com.rest.assured.RA_handson.equalTo(RA_handson.java:377)
at com.rest.assured.RA_handson.equalTo(RA_handson.java:377)
at com.rest.assured.RA_handson.equalTo(RA_handson.java:377)
at com.rest.assured.RA_handson.equalTo(RA_handson.java:377)
at com.rest.assured.RA_handson.equalTo(RA_handson.java:377)
at com.rest.assured.RA_handson.equalTo(RA_handson.java:377)
at com.rest.assured.RA_handson.equalTo(RA_handson.java:377)
at com.rest.assured.RA_handson.equalTo(RA_handson.java:377)
at com.rest.assured.RA_handson.equalTo(RA_handson.java:377)
at com.rest.assured.RA_handson.equalTo(RA_handson.java:377)
at com.rest.assured.RA_handson.equalTo(RA_handson.java:377)
at com.rest.assured.RA_handson.equalTo(RA_handson.java:377)
at com.rest.assured.RA_handson.equalTo(RA_handson.java:377)
at com.rest.assured.RA_handson.equalTo(RA_handson.java:377)
at com.rest.assured.RA_handson.equalTo(RA_handson.java:377)
at com.rest.assured.RA_handson.equalTo(RA_handson.java:377)
at com.rest.assured.RA_handson.equalTo(RA_handson.java:377)
at com.rest.assured.RA_handson.equalTo(RA_handson.java:377)
at com.rest.assured.RA_handson.equalTo(RA_handson.java:377)
at com.rest.assured.RA_handson.equalTo(RA_handson.java:377)
at com.rest.assured.RA_handson.equalTo(RA_handson.java:377)
at com.rest.assured.RA_handson.equalTo(RA_handson.java:377)
at com.rest.assured.RA_handson.equalTo(RA_handson.java:377)
at com.rest.assured.RA_handson.equalTo(RA_handson.java:377)
at com.rest.assured.RA_handson.equalTo(RA_handson.java:377)
at com.rest.assured.RA_handson.equalTo(RA_handson.java:377)
at com.rest.assured.RA_handson.equalTo(RA_handson.java:377)
at com.rest.assured.RA_handson.equalTo(RA_handson.java:377)
at com.rest.assured.RA_handson.equalTo(RA_handson.java:377)
at com.rest.assured.RA_handson.equalTo(RA_handson.java:377)
at com.rest.assured.RA_handson.equalTo(RA_handson.java:377)
at com.rest.assured.RA_handson.equalTo(RA_handson.java:377)
at com.rest.assured.RA_handson.equalTo(RA_handson.java:377)
at com.rest.assured.RA_handson.equalTo(RA_handson.java:377)
at com.rest.assured.RA_handson.equalTo(RA_handson.java:377)
at com.rest.assured.RA_handson.equalTo(RA_handson.java:377)
at com.rest.assured.RA_handson.equalTo(RA_handson.java:377)
at com.rest.assured.RA_handson.equalTo(RA_handson.java:377)
at com.rest.assured.RA_handson.equalTo(RA_handson.java:377)
at com.rest.assured.RA_handson.equalTo(RA_handson.java:377)
at com.rest.assured.RA_handson.equalTo(RA_handson.java:377)
at com.rest.assured.RA_handson.equalTo(RA_handson.java:377)
at com.rest.assured.RA_handson.equalTo(RA_handson.java:377)
at com.rest.assured.RA_handson.equalTo(RA_handson.java:377)
at com.rest.assured.RA_handson.equalTo(RA_handson.java:377)
at com.rest.assured.RA_handson.equalTo(RA_handson.java:377)
at com.rest.assured.RA_handson.equalTo(RA_handson.java:377)
at com.rest.assured.RA_handson.equalTo(RA_handson.java:377)
at com.rest.assured.RA_handson.equalTo(RA_handson.java:377)
at com.rest.assured.RA_handson.equalTo(RA_handson.java:377)
at com.rest.assured.RA_handson.equalTo(RA_handson.java:377)
at com.rest.assured.RA_handson.equalTo(RA_handson.java:377)
at com.rest.assured.RA_handson.equalTo(RA_handson.java:377)
at com.rest.assured.RA_handson.equalTo(RA_handson.java:377)
at com.rest.assured.RA_handson.equalTo(RA_handson.java:377)
at com.rest.assured.RA_handson.equalTo(RA_handson.java:377)
at com.rest.assured.RA_handson.equalTo(RA_handson.java:377)
at com.rest.assured.RA_handson.equalTo(RA_handson.java:377)
at com.rest.assured.RA_handson.equalTo(RA_handson.java:377)
at com.rest.assured.RA_handson.equalTo(RA_handson.java:377)
at com.rest.assured.RA_handson.equalTo(RA_handson.java:377)
at com.rest.assured.RA_handson.equalTo(RA_handson.java:377)
at com.rest.assured.RA_handson.equalTo(RA_handson.java:377)
at com.rest.assured.RA_handson.equalTo(RA_handson.java:377)
at com.rest.assured.RA_handson.equalTo(RA_handson.java:377)
at com.rest.assured.RA_handson.equalTo(RA_handson.java:377)
at com.rest.assured.RA_handson.equalTo(RA_handson.java:377)
at com.rest.assured.RA_handson.equalTo(RA_handson.java:377)
at com.rest.assured.RA_handson.equalTo(RA_handson.java:377)
at com.rest.assured.RA_handson.equalTo(RA_handson.java:377)
at com.rest.assured.RA_handson.equalTo(RA_handson.java:377)
at com.rest.assured.RA_handson.equalTo(RA_handson.java:377)
at com.rest.assured.RA_handson.equalTo(RA_handson.java:377)
at com.rest.assured.RA_handson.equalTo(RA_handson.java:377)
at com.rest.assured.RA_handson.equalTo(RA_handson.java:377)
at com.rest.assured.RA_handson.equalTo(RA_handson.java:377)
at com.rest.assured.RA_handson.equalTo(RA_handson.java:377)
at com.rest.assured.RA_handson.equalTo(RA_handson.java:377)
at com.rest.assured.RA_handson.equalTo(RA_handson.java:377)
at com.rest.assured.RA_handson.equalTo(RA_handson.java:377)
at com.rest.assured.RA_handson.equalTo(RA_handson.java:377)
at com.rest.assured.RA_handson.equalTo(RA_handson.java:377)
at com.rest.assured.RA_handson.equalTo(RA_handson.java:377)
at com.rest.assured.RA_handson.equalTo(RA_handson.java:377)
at com.rest.assured.RA_handson.equalTo(RA_handson.java:377)
at com.rest.assured.RA_handson.equalTo(RA_handson.java:377)
at com.rest.assured.RA_handson.equalTo(RA_handson.java:377)
at com.rest.assured.RA_handson.equalTo(RA_handson.java:377)
at com.rest.assured.RA_handson.equalTo(RA_handson.java:377)
at com.rest.assured.RA_handson.equalTo(RA_handson.java:377)
at com.rest.assured.RA_handson.equalTo(RA_handson.java:377)
at com.rest.assured.RA_handson.equalTo(RA_handson.java:377)
at com.rest.assured.RA_handson.equalTo(RA_handson.java:377)
at com.rest.assured.RA_handson.equalTo(RA_handson.java:377)
at com.rest.assured.RA_handson.equalTo(RA_handson.java:377)
at com.rest.assured.RA_handson.equalTo(RA_handson.java:377)
at com.rest.assured.RA_handson.equalTo(RA_handson.java:377)
at com.rest.assured.RA_handson.equalTo(RA_handson.java:377)
at com.rest.assured.RA_handson.equalTo(RA_handson.java:377)
at com.rest.assured.RA_handson.equalTo(RA_handson.java:377)
at com.rest.assured.RA_handson.equalTo(RA_handson.java:377)
at com.rest.assured.RA_handson.equalTo(RA_handson.java:377)
at com.rest.assured.RA_handson.equalTo(RA_handson.java:377)
at com.rest.assured.RA_handson.equalTo(RA_handson.java:377)
at com.rest.assured.RA_handson.equalTo(RA_handson.java:377)
at com.rest.assured.RA_handson.equalTo(RA_handson.java:377)
at com.rest.assured.RA_handson.equalTo(RA_handson.java:377)
at com.rest.assured.RA_handson.equalTo(RA_handson.java:377)
at com.rest.assured.RA_handson.equalTo(RA_handson.java:377)
at com.rest.assured.RA_handson.equalTo(RA_handson.java:377)
at com.rest.assured.RA_handson.equalTo(RA_handson.java:377)
at com.rest.assured.RA_handson.equalTo(RA_handson.java:377)
at com.rest.assured.RA_handson.equalTo(RA_handson.java:377)
at com.rest.assured.RA_handson.equalTo(RA_handson.java:377)
at com.rest.assured.RA_handson.equalTo(RA_handson.java:377)
at com.rest.assured.RA_handson.equalTo(RA_handson.java:377)
at com.rest.assured.RA_handson.equalTo(RA_handson.java:377)
at com.rest.assured.RA_handson.equalTo(RA_handson.java:377)
at com.rest.assured.RA_handson.equalTo(RA_handson.java:377)
at com.rest.assured.RA_handson.equalTo(RA_handson.java:377)
at com.rest.assured.RA_handson.equalTo(RA_handson.java:377)
at com.rest.assured.RA_handson.equalTo(RA_handson.java:377)
at com.rest.assured.RA_handson.equalTo(RA_handson.java:377)
at com.rest.assured.RA_handson.equalTo(RA_handson.java:377)
at com.rest.assured.RA_handson.equalTo(RA_handson.java:377)
at com.rest.assured.RA_handson.equalTo(RA_handson.java:377)
at com.rest.assured.RA_handson.equalTo(RA_handson.java:377)
at com.rest.assured.RA_handson.equalTo(RA_handson.java:377)
at com.rest.assured.RA_handson.equalTo(RA_handson.java:377)
at com.rest.assured.RA_handson.equalTo(RA_handson.java:377)
at com.rest.assured.RA_handson.equalTo(RA_handson.java:377)
at com.rest.assured.RA_handson.equalTo(RA_handson.java:377)
at com.rest.assured.RA_handson.equalTo(RA_handson.java:377)
at com.rest.assured.RA_handson.equalTo(RA_handson.java:377)
at com.rest.assured.RA_handson.equalTo(RA_handson.java:377)
at com.rest.assured.RA_handson.equalTo(RA_handson.java:377)
at com.rest.assured.RA_handson.equalTo(RA_handson.java:377)
at com.rest.assured.RA_handson.equalTo(RA_handson.java:377)
at com.rest.assured.RA_handson.equalTo(RA_handson.java:377)
at com.rest.assured.RA_handson.equalTo(RA_handson.java:377)
at com.rest.assured.RA_handson.equalTo(RA_handson.java:377)
at com.rest.assured.RA_handson.equalTo(RA_handson.java:377)
at com.rest.assured.RA_handson.equalTo(RA_handson.java:377)
at com.rest.assured.RA_handson.equalTo(RA_handson.java:377)
at com.rest.assured.RA_handson.equalTo(RA_handson.java:377)
at com.rest.assured.RA_handson.equalTo(RA_handson.java:377)
at com.rest.assured.RA_handson.equalTo(RA_handson.java:377)
at com.rest.assured.RA_handson.equalTo(RA_handson.java:377)
at com.rest.assured.RA_handson.equalTo(RA_handson.java:377)
at com.rest.assured.RA_handson.equalTo(RA_handson.java:377)
at com.rest.assured.RA_handson.equalTo(RA_handson.java:377)
at com.rest.assured.RA_handson.equalTo(RA_handson.java:377)
at com.rest.assured.RA_handson.equalTo(RA_handson.java:377)
at com.rest.assured.RA_handson.equalTo(RA_handson.java:377)
at com.rest.assured.RA_handson.equalTo(RA_handson.java:377)
at com.rest.assured.RA_handson.equalTo(RA_handson.java:377)
at com.rest.assured.RA_handson.equalTo(RA_handson.java:377)
at com.rest.assured.RA_handson.equalTo(RA_handson.java:377)
at com.rest.assured.RA_handson.equalTo(RA_handson.java:377)
at com.rest.assured.RA_handson.equalTo(RA_handson.java:377)
at com.rest.assured.RA_handson.equalTo(RA_handson.java:377)
at com.rest.assured.RA_handson.equalTo(RA_handson.java:377)
at com.rest.assured.RA_handson.equalTo(RA_handson.java:377)
at com.rest.assured.RA_handson.equalTo(RA_handson.java:377)
at com.rest.assured.RA_handson.equalTo(RA_handson.java:377)
at com.rest.assured.RA_handson.equalTo(RA_handson.java:377)
at com.rest.assured.RA_handson.equalTo(RA_handson.java:377)
at com.rest.assured.RA_handson.equalTo(RA_handson.java:377)
at com.rest.assured.RA_handson.equalTo(RA_handson.java:377)
at com.rest.assured.RA_handson.equalTo(RA_handson.java:377)
at com.rest.assured.RA_handson.equalTo(RA_handson.java:377)
at com.rest.assured.RA_handson.equalTo(RA_handson.java:377)
at com.rest.assured.RA_handson.equalTo(RA_handson.java:377)
at com.rest.assured.RA_handson.equalTo(RA_handson.java:377)
at com.rest.assured.RA_handson.equalTo(RA_handson.java:377)
at com.rest.assured.RA_handson.equalTo(RA_handson.java:377)
at com.rest.assured.RA_handson.equalTo(RA_handson.java:377)
at com.rest.assured.RA_handson.equalTo(RA_handson.java:377)
at com.rest.assured.RA_handson.equalTo(RA_handson.java:377)
at com.rest.assured.RA_handson.equalTo(RA_handson.java:377)
at com.rest.assured.RA_handson.equalTo(RA_handson.java:377)
at com.rest.assured.RA_handson.equalTo(RA_handson.java:377)
at com.rest.assured.RA_handson.equalTo(RA_handson.java:377)
at com.rest.assured.RA_handson.equalTo(RA_handson.java:377)
at com.rest.assured.RA_handson.equalTo(RA_handson.java:377)
at com.rest.assured.RA_handson.equalTo(RA_handson.java:377)
at com.rest.assured.RA_handson.equalTo(RA_handson.java:377)
at com.rest.assured.RA_handson.equalTo(RA_handson.java:377)
at com.rest.assured.RA_handson.equalTo(RA_handson.java:377)
at com.rest.assured.RA_handson.equalTo(RA_handson.java:377)
at com.rest.assured.RA_handson.equalTo(RA_handson.java:377)
at com.rest.assured.RA_handson.equalTo(RA_handson.java:377)
at com.rest.assured.RA_handson.equalTo(RA_handson.java:377)
at com.rest.assured.RA_handson.equalTo(RA_handson.java:377)
at com.rest.assured.RA_handson.equalTo(RA_handson.java:377)
at com.rest.assured.RA_handson.equalTo(RA_handson.java:377)
at com.rest.assured.RA_handson.equalTo(RA_handson.java:377)
at com.rest.assured.RA_handson.equalTo(RA_handson.java:377)
at com.rest.assured.RA_handson.equalTo(RA_handson.java:377)
at com.rest.assured.RA_handson.equalTo(RA_handson.java:377)
at com.rest.assured.RA_handson.equalTo(RA_handson.java:377)
at com.rest.assured.RA_handson.equalTo(RA_handson.java:377)
at com.rest.assured.RA_handson.equalTo(RA_handson.java:377)
at com.rest.assured.RA_handson.equalTo(RA_handson.java:377)
at com.rest.assured.RA_handson.equalTo(RA_handson.java:377)
at com.rest.assured.RA_handson.equalTo(RA_handson.java:377)
at com.rest.assured.RA_handson.equalTo(RA_handson.java:377)
at com.rest.assured.RA_handson.equalTo(RA_handson.java:377)
at com.rest.assured.RA_handson.equalTo(RA_handson.java:377)
at com.rest.assured.RA_handson.equalTo(RA_handson.java:377)
at com.rest.assured.RA_handson.equalTo(RA_handson.java:377)
at com.rest.assured.RA_handson.equalTo(RA_handson.java:377)
at com.rest.assured.RA_handson.equalTo(RA_handson.java:377)
at com.rest.assured.RA_handson.equalTo(RA_handson.java:377)
at com.rest.assured.RA_handson.equalTo(RA_handson.java:377)
at com.rest.assured.RA_handson.equalTo(RA_handson.java:377)
at com.rest.assured.RA_handson.equalTo(RA_handson.java:377)
at com.rest.assured.RA_handson.equalTo(RA_handson.java:377)
at com.rest.assured.RA_handson.equalTo(RA_handson.java:377)
at com.rest.assured.RA_handson.equalTo(RA_handson.java:377)
at com.rest.assured.RA_handson.equalTo(RA_handson.java:377)
at com.rest.assured.RA_handson.equalTo(RA_handson.java:377)
at com.rest.assured.RA_handson.equalTo(RA_handson.java:377)
at com.rest.assured.RA_handson.equalTo(RA_handson.java:377)
at com.rest.assured.RA_handson.equalTo(RA_handson.java:377)
at com.rest.assured.RA_handson.equalTo(RA_handson.java:377)
at com.rest.assured.RA_handson.equalTo(RA_handson.java:377)
at com.rest.assured.RA_handson.equalTo(RA_handson.java:377)
at com.rest.assured.RA_handson.equalTo(RA_handson.java:377)
at com.rest.assured.RA_handson.equalTo(RA_handson.java:377)
at com.rest.assured.RA_handson.equalTo(RA_handson.java:377)
at com.rest.assured.RA_handson.equalTo(RA_handson.java:377)
at com.rest.assured.RA_handson.equalTo(RA_handson.java:377)
at com.rest.assured.RA_handson.equalTo(RA_handson.java:377)
at com.rest.assured.RA_handson.equalTo(RA_handson.java:377)
at com.rest.assured.RA_handson.equalTo(RA_handson.java:377)
at com.rest.assured.RA_handson.equalTo(RA_handson.java:377)
at com.rest.assured.RA_handson.equalTo(RA_handson.java:377)
at com.rest.assured.RA_handson.equalTo(RA_handson.java:377)
at com.rest.assured.RA_handson.equalTo(RA_handson.java:377)
at com.rest.assured.RA_handson.equalTo(RA_handson.java:377)
at com.rest.assured.RA_handson.equalTo(RA_handson.java:377)
at com.rest.assured.RA_handson.equalTo(RA_handson.java:377)
at com.rest.assured.RA_handson.equalTo(RA_handson.java:377)
at com.rest.assured.RA_handson.equalTo(RA_handson.java:377)
at com.rest.assured.RA_handson.equalTo(RA_handson.java:377)
at com.rest.assured.RA_handson.equalTo(RA_handson.java:377)
at com.rest.assured.RA_handson.equalTo(RA_handson.java:377)
at com.rest.assured.RA_handson.equalTo(RA_handson.java:377)
at com.rest.assured.RA_handson.equalTo(RA_handson.java:377)
at com.rest.assured.RA_handson.equalTo(RA_handson.java:377)
at com.rest.assured.RA_handson.equalTo(RA_handson.java:377)
at com.rest.assured.RA_handson.equalTo(RA_handson.java:377)
at com.rest.assured.RA_handson.equalTo(RA_handson.java:377)
at com.rest.assured.RA_handson.equalTo(RA_handson.java:377)
at com.rest.assured.RA_handson.equalTo(RA_handson.java:377)
at com.rest.assured.RA_handson.equalTo(RA_handson.java:377)
at com.rest.assured.RA_handson.equalTo(RA_handson.java:377)
at com.rest.assured.RA_handson.equalTo(RA_handson.java:377)
at com.rest.assured.RA_handson.equalTo(RA_handson.java:377)
at com.rest.assured.RA_handson.equalTo(RA_handson.java:377)
at com.rest.assured.RA_handson.equalTo(RA_handson.java:377)
at com.rest.assured.RA_handson.equalTo(RA_handson.java:377)
at com.rest.assured.RA_handson.equalTo(RA_handson.java:377)
at com.rest.assured.RA_handson.equalTo(RA_handson.java:377)
at com.rest.assured.RA_handson.equalTo(RA_handson.java:377)
at com.rest.assured.RA_handson.equalTo(RA_handson.java:377)
at com.rest.assured.RA_handson.equalTo(RA_handson.java:377)
at com.rest.assured.RA_handson.equalTo(RA_handson.java:377)
at com.rest.assured.RA_handson.equalTo(RA_handson.java:377)
at com.rest.assured.RA_handson.equalTo(RA_handson.java:377)
at com.rest.assured.RA_handson.equalTo(RA_handson.java:377)
at com.rest.assured.RA_handson.equalTo(RA_handson.java:377)
at com.rest.assured.RA_handson.equalTo(RA_handson.java:377)
at com.rest.assured.RA_handson.equalTo(RA_handson.java:377)
at com.rest.assured.RA_handson.equalTo(RA_handson.java:377)
at com.rest.assured.RA_handson.equalTo(RA_handson.java:377)
at com.rest.assured.RA_handson.equalTo(RA_handson.java:377)
at com.rest.assured.RA_handson.equalTo(RA_handson.java:377)
at com.rest.assured.RA_handson.equalTo(RA_handson.java:377)
at com.rest.assured.RA_handson.equalTo(RA_handson.java:377)
at com.rest.assured.RA_handson.equalTo(RA_handson.java:377)
at com.rest.assured.RA_handson.equalTo(RA_handson.java:377)
at com.rest.assured.RA_handson.equalTo(RA_handson.java:377)
at com.rest.assured.RA_handson.equalTo(RA_handson.java:377)
at com.rest.assured.RA_handson.equalTo(RA_handson.java:377)
at com.rest.assured.RA_handson.equalTo(RA_handson.java:377)
at com.rest.assured.RA_handson.equalTo(RA_handson.java:377)
at com.rest.assured.RA_handson.equalTo(RA_handson.java:377)
at com.rest.assured.RA_handson.equalTo(RA_handson.java:377)
at com.rest.assured.RA_handson.equalTo(RA_handson.java:377)
at com.rest.assured.RA_handson.equalTo(RA_handson.java:377)
at com.rest.assured.RA_handson.equalTo(RA_handson.java:377)
at com.rest.assured.RA_handson.equalTo(RA_handson.java:377)
at com.rest.assured.RA_handson.equalTo(RA_handson.java:377)
at com.rest.assured.RA_handson.equalTo(RA_handson.java:377)
at com.rest.assured.RA_handson.equalTo(RA_handson.java:377)
at com.rest.assured.RA_handson.equalTo(RA_handson.java:377)
at com.rest.assured.RA_handson.equalTo(RA_handson.java:377)
at com.rest.assured.RA_handson.equalTo(RA_handson.java:377)
at com.rest.assured.RA_handson.equalTo(RA_handson.java:377)
at com.rest.assured.RA_handson.equalTo(RA_handson.java:377)
at com.rest.assured.RA_handson.equalTo(RA_handson.java:377)
at com.rest.assured.RA_handson.equalTo(RA_handson.java:377)
at com.rest.assured.RA_handson.equalTo(RA_handson.java:377)
at com.rest.assured.RA_handson.equalTo(RA_handson.java:377)
at com.rest.assured.RA_handson.equalTo(RA_handson.java:377)
at com.rest.assured.RA_handson.equalTo(RA_handson.java:377)
at com.rest.assured.RA_handson.equalTo(RA_handson.java:377)
at com.rest.assured.RA_handson.equalTo(RA_handson.java:377)
at com.rest.assured.RA_handson.equalTo(RA_handson.java:377)
at com.rest.assured.RA_handson.equalTo(RA_handson.java:377)
at com.rest.assured.RA_handson.equalTo(RA_handson.java:377)
at com.rest.assured.RA_handson.equalTo(RA_handson.java:377)
at com.rest.assured.RA_handson.equalTo(RA_handson.java:377)
at com.rest.assured.RA_handson.equalTo(RA_handson.java:377)
at com.rest.assured.RA_handson.equalTo(RA_handson.java:377)
at com.rest.assured.RA_handson.equalTo(RA_handson.java:377)
at com.rest.assured.RA_handson.equalTo(RA_handson.java:377)
at com.rest.assured.RA_handson.equalTo(RA_handson.java:377)
at com.rest.assured.RA_handson.equalTo(RA_handson.java:377)
at com.rest.assured.RA_handson.equalTo(RA_handson.java:377)
at com.rest.assured.RA_handson.equalTo(RA_handson.java:377)
at com.rest.assured.RA_handson.equalTo(RA_handson.java:377)
at com.rest.assured.RA_handson.equalTo(RA_handson.java:377)
at com.rest.assured.RA_handson.equalTo(RA_handson.java:377)
at com.rest.assured.RA_handson.equalTo(RA_handson.java:377)
at com.rest.assured.RA_handson.equalTo(RA_handson.java:377)
at com.rest.assured.RA_handson.equalTo(RA_handson.java:377)
at com.rest.assured.RA_handson.equalTo(RA_handson.java:377)
at com.rest.assured.RA_handson.equalTo(RA_handson.java:377)
at com.rest.assured.RA_handson.equalTo(RA_handson.java:377)
at com.rest.assured.RA_handson.equalTo(RA_handson.java:377)
at com.rest.assured.RA_handson.equalTo(RA_handson.java:377)
at com.rest.assured.RA_handson.equalTo(RA_handson.java:377)
at com.rest.assured.RA_handson.equalTo(RA_handson.java:377)
at com.rest.assured.RA_handson.equalTo(RA_handson.java:377)
at com.rest.assured.RA_handson.equalTo(RA_handson.java:377)
at com.rest.assured.RA_handson.equalTo(RA_handson.java:377)
at com.rest.assured.RA_handson.equalTo(RA_handson.java:377)
at com.rest.assured.RA_handson.equalTo(RA_handson.java:377)
at com.rest.assured.RA_handson.equalTo(RA_handson.java:377)
at com.rest.assured.RA_handson.equalTo(RA_handson.java:377)
at com.rest.assured.RA_handson.equalTo(RA_handson.java:377)
at com.rest.assured.RA_handson.equalTo(RA_handson.java:377)
at com.rest.assured.RA_handson.equalTo(RA_handson.java:377)
at com.rest.assured.RA_handson.equalTo(RA_handson.java:377)
at com.rest.assured.RA_handson.equalTo(RA_handson.java:377)
at com.rest.assured.RA_handson.equalTo(RA_handson.java:377)
at com.rest.assured.RA_handson.equalTo(RA_handson.java:377)
at com.rest.assured.RA_handson.equalTo(RA_handson.java:377)
at com.rest.assured.RA_handson.equalTo(RA_handson.java:377)
at com.rest.assured.RA_handson.equalTo(RA_handson.java:377)
at com.rest.assured.RA_handson.equalTo(RA_handson.java:377)
at com.rest.assured.RA_handson.equalTo(RA_handson.java:377)
at com.rest.assured.RA_handson.equalTo(RA_handson.java:377)
at com.rest.assured.RA_handson.equalTo(RA_handson.java:377)
at com.rest.assured.RA_handson.equalTo(RA_handson.java:377)
at com.rest.assured.RA_handson.equalTo(RA_handson.java:377)
at com.rest.assured.RA_handson.equalTo(RA_handson.java:377)
at com.rest.assured.RA_handson.equalTo(RA_handson.java:377)
at com.rest.assured.RA_handson.equalTo(RA_handson.java:377)
at com.rest.assured.RA_handson.equalTo(RA_handson.java:377)
at com.rest.assured.RA_handson.equalTo(RA_handson.java:377)
at com.rest.assured.RA_handson.equalTo(RA_handson.java:377)
at com.rest.assured.RA_handson.equalTo(RA_handson.java:377)
at com.rest.assured.RA_handson.equalTo(RA_handson.java:377)
at com.rest.assured.RA_handson.equalTo(RA_handson.java:377)
at com.rest.assured.RA_handson.equalTo(RA_handson.java:377)
at com.rest.assured.RA_handson.equalTo(RA_handson.java:377)
at com.rest.assured.RA_handson.equalTo(RA_handson.java:377)
at com.rest.assured.RA_handson.equalTo(RA_handson.java:377)
at com.rest.assured.RA_handson.equalTo(RA_handson.java:377)
at com.rest.assured.RA_handson.equalTo(RA_handson.java:377)
at com.rest.assured.RA_handson.equalTo(RA_handson.java:377)
at com.rest.assured.RA_handson.equalTo(RA_handson.java:377)
at com.rest.assured.RA_handson.equalTo(RA_handson.java:377)
at com.rest.assured.RA_handson.equalTo(RA_handson.java:377)
at com.rest.assured.RA_handson.equalTo(RA_handson.java:377)
at com.rest.assured.RA_handson.equalTo(RA_handson.java:377)
at com.rest.assured.RA_handson.equalTo(RA_handson.java:377)
at com.rest.assured.RA_handson.equalTo(RA_handson.java:377)
at com.rest.assured.RA_handson.equalTo(RA_handson.java:377)
at com.rest.assured.RA_handson.equalTo(RA_handson.java:377)
at com.rest.assured.RA_handson.equalTo(RA_handson.java:377)
at com.rest.assured.RA_handson.equalTo(RA_handson.java:377)
at com.rest.assured.RA_handson.equalTo(RA_handson.java:377)
at com.rest.assured.RA_handson.equalTo(RA_handson.java:377)
at com.rest.assured.RA_handson.equalTo(RA_handson.java:377)
at com.rest.assured.RA_handson.equalTo(RA_handson.java:377)
at com.rest.assured.RA_handson.equalTo(RA_handson.java:377)
at com.rest.assured.RA_handson.equalTo(RA_handson.java:377)
at com.rest.assured.RA_handson.equalTo(RA_handson.java:377)
at com.rest.assured.RA_handson.equalTo(RA_handson.java:377)
at com.rest.assured.RA_handson.equalTo(RA_handson.java:377)
at com.rest.assured.RA_handson.equalTo(RA_handson.java:377)
at com.rest.assured.RA_handson.equalTo(RA_handson.java:377)
at com.rest.assured.RA_handson.equalTo(RA_handson.java:377)
at com.rest.assured.RA_handson.equalTo(RA_handson.java:377)
at com.rest.assured.RA_handson.equalTo(RA_handson.java:377)
at com.rest.assured.RA_handson.equalTo(RA_handson.java:377)
at com.rest.assured.RA_handson.equalTo(RA_handson.java:377)
at com.rest.assured.RA_handson.equalTo(RA_handson.java:377)
at com.rest.assured.RA_handson.equalTo(RA_handson.java:377)
at com.rest.assured.RA_handson.equalTo(RA_handson.java:377)
at com.rest.assured.RA_handson.equalTo(RA_handson.java:377)
at com.rest.assured.RA_handson.equalTo(RA_handson.java:377)
at com.rest.assured.RA_handson.equalTo(RA_handson.java:377)
at com.rest.assured.RA_handson.equalTo(RA_handson.java:377)
at com.rest.assured.RA_handson.equalTo(RA_handson.java:377)
at com.rest.assured.RA_handson.equalTo(RA_handson.java:377)
at com.rest.assured.RA_handson.equalTo(RA_handson.java:377)
at com.rest.assured.RA_handson.equalTo(RA_handson.java:377)
at com.rest.assured.RA_handson.equalTo(RA_handson.java:377)
at com.rest.assured.RA_handson.equalTo(RA_handson.java:377)
at com.rest.assured.RA_handson.equalTo(RA_handson.java:377)
at com.rest.assured.RA_handson.equalTo(RA_handson.java:377)
at com.rest.assured.RA_handson.equalTo(RA_handson.java:377)
at com.rest.assured.RA_handson.equalTo(RA_handson.java:377)
at com.rest.assured.RA_handson.equalTo(RA_handson.java:377)
at com.rest.assured.RA_handson.equalTo(RA_handson.java:377)
at com.rest.assured.RA_handson.equalTo(RA_handson.java:377)
at com.rest.assured.RA_handson.equalTo(RA_handson.java:377)
at com.rest.assured.RA_handson.equalTo(RA_handson.java:377)
at com.rest.assured.RA_handson.equalTo(RA_handson.java:377)
at com.rest.assured.RA_handson.equalTo(RA_handson.java:377)
at com.rest.assured.RA_handson.equalTo(RA_handson.java:377)
at com.rest.assured.RA_handson.equalTo(RA_handson.java:377)
at com.rest.assured.RA_handson.equalTo(RA_handson.java:377)
at com.rest.assured.RA_handson.equalTo(RA_handson.java:377)
at com.rest.assured.RA_handson.equalTo(RA_handson.java:377)
at com.rest.assured.RA_handson.equalTo(RA_handson.java:377)
at com.rest.assured.RA_handson.equalTo(RA_handson.java:377)
at com.rest.assured.RA_handson.equalTo(RA_handson.java:377)
at com.rest.assured.RA_handson.equalTo(RA_handson.java:377)
at com.rest.assured.RA_handson.equalTo(RA_handson.java:377)
at com.rest.assured.RA_handson.equalTo(RA_handson.java:377)
at com.rest.assured.RA_handson.equalTo(RA_handson.java:377)
at com.rest.assured.RA_handson.equalTo(RA_handson.java:377)
at com.rest.assured.RA_handson.equalTo(RA_handson.java:377)
at com.rest.assured.RA_handson.equalTo(RA_handson.java:377)
at com.rest.assured.RA_handson.equalTo(RA_handson.java:377)
at com.rest.assured.RA_handson.equalTo(RA_handson.java:377)
at com.rest.assured.RA_handson.equalTo(RA_handson.java:377)
at com.rest.assured.RA_handson.equalTo(RA_handson.java:377)
at com.rest.assured.RA_handson.equalTo(RA_handson.java:377)
at com.rest.assured.RA_handson.equalTo(RA_handson.java:377)
at com.rest.assured.RA_handson.equalTo(RA_handson.java:377)
at com.rest.assured.RA_handson.equalTo(RA_handson.java:377)
at com.rest.assured.RA_handson.equalTo(RA_handson.java:377)
at com.rest.assured.RA_handson.equalTo(RA_handson.java:377)
at com.rest.assured.RA_handson.equalTo(RA_handson.java:377)
at com.rest.assured.RA_handson.equalTo(RA_handson.java:377)
at com.rest.assured.RA_handson.equalTo(RA_handson.java:377)
at com.rest.assured.RA_handson.equalTo(RA_handson.java:377)
at com.rest.assured.RA_handson.equalTo(RA_handson.java:377)
at com.rest.assured.RA_handson.equalTo(RA_handson.java:377)
at com.rest.assured.RA_handson.equalTo(RA_handson.java:377)
at com.rest.assured.RA_handson.equalTo(RA_handson.java:377)
at com.rest.assured.RA_handson.equalTo(RA_handson.java:377)
at com.rest.assured.RA_handson.equalTo(RA_handson.java:377)
at com.rest.assured.RA_handson.equalTo(RA_handson.java:377)
at com.rest.assured.RA_handson.equalTo(RA_handson.java:377)
at com.rest.assured.RA_handson.equalTo(RA_handson.java:377)
at com.rest.assured.RA_handson.equalTo(RA_handson.java:377)
at com.rest.assured.RA_handson.equalTo(RA_handson.java:377)
at com.rest.assured.RA_handson.equalTo(RA_handson.java:377)
at com.rest.assured.RA_handson.equalTo(RA_handson.java:377)
at com.rest.assured.RA_handson.equalTo(RA_handson.java:377)
at com.rest.assured.RA_handson.equalTo(RA_handson.java:377)
at com.rest.assured.RA_handson.equalTo(RA_handson.java:377)
at com.rest.assured.RA_handson.equalTo(RA_handson.java:377)
at com.rest.assured.RA_handson.equalTo(RA_handson.java:377)
at com.rest.assured.RA_handson.equalTo(RA_handson.java:377)
at com.rest.assured.RA_handson.equalTo(RA_handson.java:377)
at com.rest.assured.RA_handson.equalTo(RA_handson.java:377)
at com.rest.assured.RA_handson.equalTo(RA_handson.java:377)
at com.rest.assured.RA_handson.equalTo(RA_handson.java:377)
at com.rest.assured.RA_handson.equalTo(RA_handson.java:377)
at com.rest.assured.RA_handson.equalTo(RA_handson.java:377)
at com.rest.assured.RA_handson.equalTo(RA_handson.java:377)
at com.rest.assured.RA_handson.equalTo(RA_handson.java:377)
at com.rest.assured.RA_handson.equalTo(RA_handson.java:377)
at com.rest.assured.RA_handson.equalTo(RA_handson.java:377)
at com.rest.assured.RA_handson.equalTo(RA_handson.java:377)
at com.rest.assured.RA_handson.equalTo(RA_handson.java:377)
at com.rest.assured.RA_handson.equalTo(RA_handson.java:377)
at com.rest.assured.RA_handson.equalTo(RA_handson.java:377)
at com.rest.assured.RA_handson.equalTo(RA_handson.java:377)
at com.rest.assured.RA_handson.equalTo(RA_handson.java:377)
at com.rest.assured.RA_handson.equalTo(RA_handson.java:377)
at com.rest.assured.RA_handson.equalTo(RA_handson.java:377)
at com.rest.assured.RA_handson.equalTo(RA_handson.java:377)
at com.rest.assured.RA_handson.equalTo(RA_handson.java:377)
at com.rest.assured.RA_handson.equalTo(RA_handson.java:377)
at com.rest.assured.RA_handson.equalTo(RA_handson.java:377)
at com.rest.assured.RA_handson.equalTo(RA_handson.java:377)
at com.rest.assured.RA_handson.equalTo(RA_handson.java:377)
at com.rest.assured.RA_handson.equalTo(RA_handson.java:377)
at com.rest.assured.RA_handson.equalTo(RA_handson.java:377)
at com.rest.assured.RA_handson.equalTo(RA_handson.java:377)
at com.rest.assured.RA_handson.equalTo(RA_handson.java:377)
at com.rest.assured.RA_handson.equalTo(RA_handson.java:377)
at com.rest.assured.RA_handson.equalTo(RA_handson.java:377)
at com.rest.assured.RA_handson.equalTo(RA_handson.java:377)
at com.rest.assured.RA_handson.equalTo(RA_handson.java:377)
at com.rest.assured.RA_handson.equalTo(RA_handson.java:377)
at com.rest.assured.RA_handson.equalTo(RA_handson.java:377)
at com.rest.assured.RA_handson.equalTo(RA_handson.java:377)
at com.rest.assured.RA_handson.equalTo(RA_handson.java:377)
at com.rest.assured.RA_handson.equalTo(RA_handson.java:377)
at com.rest.assured.RA_handson.equalTo(RA_handson.java:377)
at com.rest.assured.RA_handson.equalTo(RA_handson.java:377)
at com.rest.assured.RA_handson.equalTo(RA_handson.java:377)
at com.rest.assured.RA_handson.equalTo(RA_handson.java:377)
at com.rest.assured.RA_handson.equalTo(RA_handson.java:377)
at com.rest.assured.RA_handson.equalTo(RA_handson.java:377)
at com.rest.assured.RA_handson.equalTo(RA_handson.java:377)
at com.rest.assured.RA_handson.equalTo(RA_handson.java:377)
at com.rest.assured.RA_handson.equalTo(RA_handson.java:377)
at com.rest.assured.RA_handson.equalTo(RA_handson.java:377)
at com.rest.assured.RA_handson.equalTo(RA_handson.java:377)
at com.rest.assured.RA_handson.equalTo(RA_handson.java:377)
at com.rest.assured.RA_handson.equalTo(RA_handson.java:377)
at com.rest.assured.RA_handson.equalTo(RA_handson.java:377)
at com.rest.assured.RA_handson.equalTo(RA_handson.java:377)
at com.rest.assured.RA_handson.equalTo(RA_handson.java:377)
at com.rest.assured.RA_handson.equalTo(RA_handson.java:377)
at com.rest.assured.RA_handson.equalTo(RA_handson.java:377)
at com.rest.assured.RA_handson.equalTo(RA_handson.java:377)
at com.rest.assured.RA_handson.equalTo(RA_handson.java:377)
at com.rest.assured.RA_handson.equalTo(RA_handson.java:377)
at com.rest.assured.RA_handson.equalTo(RA_handson.java:377)
at com.rest.assured.RA_handson.equalTo(RA_handson.java:377)
at com.rest.assured.RA_handson.equalTo(RA_handson.java:377)
at com.rest.assured.RA_handson.equalTo(RA_handson.java:377)
at com.rest.assured.RA_handson.equalTo(RA_handson.java:377)
at com.rest.assured.RA_handson.equalTo(RA_handson.java:377)
at com.rest.assured.RA_handson.equalTo(RA_handson.java:377)
at com.rest.assured.RA_handson.equalTo(RA_handson.java:377)
at com.rest.assured.RA_handson.equalTo(RA_handson.java:377)
at com.rest.assured.RA_handson.equalTo(RA_handson.java:377)
at com.rest.assured.RA_handson.equalTo(RA_handson.java:377)
at com.rest.assured.RA_handson.equalTo(RA_handson.java:377)
at com.rest.assured.RA_handson.equalTo(RA_handson.java:377)
at com.rest.assured.RA_handson.equalTo(RA_handson.java:377)
at com.rest.assured.RA_handson.equalTo(RA_handson.java:377)
at com.rest.assured.RA_handson.equalTo(RA_handson.java:377)
at com.rest.assured.RA_handson.equalTo(RA_handson.java:377)
at com.rest.assured.RA_handson.equalTo(RA_handson.java:377)
at com.rest.assured.RA_handson.equalTo(RA_handson.java:377)
at com.rest.assured.RA_handson.equalTo(RA_handson.java:377)
at com.rest.assured.RA_handson.equalTo(RA_handson.java:377)
at com.rest.assured.RA_handson.equalTo(RA_handson.java:377)
at com.rest.assured.RA_handson.equalTo(RA_handson.java:377)
at com.rest.assured.RA_handson.equalTo(RA_handson.java:377)
at com.rest.assured.RA_handson.equalTo(RA_handson.java:377)
at com.rest.assured.RA_handson.equalTo(RA_handson.java:377)
at com.rest.assured.RA_handson.equalTo(RA_handson.java:377)
at com.rest.assured.RA_handson.equalTo(RA_handson.java:377)
at com.rest.assured.RA_handson.equalTo(RA_handson.java:377)
at com.rest.assured.RA_handson.equalTo(RA_handson.java:377)
at com.rest.assured.RA_handson.equalTo(RA_handson.java:377)
at com.rest.assured.RA_handson.equalTo(RA_handson.java:377)
at com.rest.assured.RA_handson.equalTo(RA_handson.java:377)
at com.rest.assured.RA_handson.equalTo(RA_handson.java:377)
at com.rest.assured.RA_handson.equalTo(RA_handson.java:377)
at com.rest.assured.RA_handson.equalTo(RA_handson.java:377)
at com.rest.assured.RA_handson.equalTo(RA_handson.java:377)
at com.rest.assured.RA_handson.equalTo(RA_handson.java:377)
at com.rest.assured.RA_handson.equalTo(RA_handson.java:377)
at com.rest.assured.RA_handson.equalTo(RA_handson.java:377)
at com.rest.assured.RA_handson.equalTo(RA_handson.java:377)
at com.rest.assured.RA_handson.equalTo(RA_handson.java:377)
at com.rest.assured.RA_handson.equalTo(RA_handson.java:377)
at com.rest.assured.RA_handson.equalTo(RA_handson.java:377)
at com.rest.assured.RA_handson.equalTo(RA_handson.java:377)
at com.rest.assured.RA_handson.equalTo(RA_handson.java:377)
at com.rest.assured.RA_handson.equalTo(RA_handson.java:377)
at com.rest.assured.RA_handson.equalTo(RA_handson.java:377)
at com.rest.assured.RA_handson.equalTo(RA_handson.java:377)
at com.rest.assured.RA_handson.equalTo(RA_handson.java:377)
at com.rest.assured.RA_handson.equalTo(RA_handson.java:377)
at com.rest.assured.RA_handson.equalTo(RA_handson.java:377)
at com.rest.assured.RA_handson.equalTo(RA_handson.java:377)
at com.rest.assured.RA_handson.equalTo(RA_handson.java:377)
at com.rest.assured.RA_handson.equalTo(RA_handson.java:377)
at com.rest.assured.RA_handson.equalTo(RA_handson.java:377)
at com.rest.assured.RA_handson.equalTo(RA_handson.java:377)
at com.rest.assured.RA_handson.equalTo(RA_handson.java:377)
at com.rest.assured.RA_handson.equalTo(RA_handson.java:377)
at com.rest.assured.RA_handson.equalTo(RA_handson.java:377)
at com.rest.assured.RA_handson.equalTo(RA_handson.java:377)
at com.rest.assured.RA_handson.equalTo(RA_handson.java:377)
at com.rest.assured.RA_handson.equalTo(RA_handson.java:377)
at com.rest.assured.RA_handson.equalTo(RA_handson.java:377)
at com.rest.assured.RA_handson.equalTo(RA_handson.java:377)
at com.rest.assured.RA_handson.equalTo(RA_handson.java:377)
at com.rest.assured.RA_handson.equalTo(RA_handson.java:377)
at com.rest.assured.RA_handson.equalTo(RA_handson.java:377)
at com.rest.assured.RA_handson.equalTo(RA_handson.java:377)
at com.rest.assured.RA_handson.equalTo(RA_handson.java:377)
at com.rest.assured.RA_handson.equalTo(RA_handson.java:377)
at com.rest.assured.RA_handson.equalTo(RA_handson.java:377)
at com.rest.assured.RA_handson.equalTo(RA_handson.java:377)
at com.rest.assured.RA_handson.equalTo(RA_handson.java:377)
at com.rest.assured.RA_handson.equalTo(RA_handson.java:377)
at com.rest.assured.RA_handson.equalTo(RA_handson.java:377)
at com.rest.assured.RA_handson.equalTo(RA_handson.java:377)
at com.rest.assured.RA_handson.equalTo(RA_handson.java:377)
at com.rest.assured.RA_handson.equalTo(RA_handson.java:377)
at com.rest.assured.RA_handson.equalTo(RA_handson.java:377)
at com.rest.assured.RA_handson.equalTo(RA_handson.java:377)
at com.rest.assured.RA_handson.equalTo(RA_handson.java:377)
at com.rest.assured.RA_handson.equalTo(RA_handson.java:377)
at com.rest.assured.RA_handson.equalTo(RA_handson.java:377)
at com.rest.assured.RA_handson.equalTo(RA_handson.java:377)
at com.rest.assured.RA_handson.equalTo(RA_handson.java:377)
at com.rest.assured.RA_handson.equalTo(RA_handson.java:377)
at com.rest.assured.RA_handson.equalTo(RA_handson.java:377)
at com.rest.assured.RA_handson.equalTo(RA_handson.java:377)
at com.rest.assured.RA_handson.equalTo(RA_handson.java:377)
at com.rest.assured.RA_handson.equalTo(RA_handson.java:377)
at com.rest.assured.RA_handson.equalTo(RA_handson.java:377)
at com.rest.assured.RA_handson.equalTo(RA_handson.java:377)
at com.rest.assured.RA_handson.equalTo(RA_handson.java:377)
at com.rest.assured.RA_handson.equalTo(RA_handson.java:377)
at com.rest.assured.RA_handson.equalTo(RA_handson.java:377)
at com.rest.assured.RA_handson.equalTo(RA_handson.java:377)
at com.rest.assured.RA_handson.equalTo(RA_handson.java:377)
at com.rest.assured.RA_handson.equalTo(RA_handson.java:377)
at com.rest.assured.RA_handson.equalTo(RA_handson.java:377)
at com.rest.assured.RA_handson.equalTo(RA_handson.java:377)
at com.rest.assured.RA_handson.equalTo(RA_handson.java:377)
at com.rest.assured.RA_handson.equalTo(RA_handson.java:377)
at com.rest.assured.RA_handson.equalTo(RA_handson.java:377)
at com.rest.assured.RA_handson.equalTo(RA_handson.java:377)
at com.rest.assured.RA_handson.equalTo(RA_handson.java:377)
at com.rest.assured.RA_handson.equalTo(RA_handson.java:377)
at com.rest.assured.RA_handson.equalTo(RA_handson.java:377)
at com.rest.assured.RA_handson.equalTo(RA_handson.java:377)
at com.rest.assured.RA_handson.equalTo(RA_handson.java:377)
at com.rest.assured.RA_handson.equalTo(RA_handson.java:377)
at com.rest.assured.RA_handson.equalTo(RA_handson.java:377)
at com.rest.assured.RA_handson.equalTo(RA_handson.java:377)
at com.rest.assured.RA_handson.equalTo(RA_handson.java:377)
at com.rest.assured.RA_handson.equalTo(RA_handson.java:377)
at com.rest.assured.RA_handson.equalTo(RA_handson.java:377)
at com.rest.assured.RA_handson.equalTo(RA_handson.java:377)
at com.rest.assured.RA_handson.equalTo(RA_handson.java:377)
at com.rest.assured.RA_handson.equalTo(RA_handson.java:377)
at com.rest.assured.RA_handson.equalTo(RA_handson.java:377)
at com.rest.assured.RA_handson.equalTo(RA_handson.java:377)
at com.rest.assured.RA_handson.equalTo(RA_handson.java:377)
at com.rest.assured.RA_handson.equalTo(RA_handson.java:377)
at com.rest.assured.RA_handson.equalTo(RA_handson.java:377)
at com.rest.assured.RA_handson.equalTo(RA_handson.java:377)
at com.rest.assured.RA_handson.equalTo(RA_handson.java:377)
at com.rest.assured.RA_handson.equalTo(RA_handson.java:377)
at com.rest.assured.RA_handson.equalTo(RA_handson.java:377)
at com.rest.assured.RA_handson.equalTo(RA_handson.java:377)
at com.rest.assured.RA_handson.equalTo(RA_handson.java:377)
at com.rest.assured.RA_handson.equalTo(RA_handson.java:377)
at com.rest.assured.RA_handson.equalTo(RA_handson.java:377)
at com.rest.assured.RA_handson.equalTo(RA_handson.java:377)
at com.rest.assured.RA_handson.equalTo(RA_handson.java:377)
at com.rest.assured.RA_handson.equalTo(RA_handson.java:377)
at com.rest.assured.RA_handson.equalTo(RA_handson.java:377)
at com.rest.assured.RA_handson.equalTo(RA_handson.java:377)
at com.rest.assured.RA_handson.equalTo(RA_handson.java:377)
at com.rest.assured.RA_handson.equalTo(RA_handson.java:377)
at com.rest.assured.RA_handson.equalTo(RA_handson.java:377)
at com.rest.assured.RA_handson.equalTo(RA_handson.java:377)
at com.rest.assured.RA_handson.equalTo(RA_handson.java:377)
at com.rest.assured.RA_handson.equalTo(RA_handson.java:377)
at com.rest.assured.RA_handson.equalTo(RA_handson.java:377)
at com.rest.assured.RA_handson.equalTo(RA_handson.java:377)
at com.rest.assured.RA_handson.equalTo(RA_handson.java:377)
at com.rest.assured.RA_handson.equalTo(RA_handson.java:377)
at com.rest.assured.RA_handson.equalTo(RA_handson.java:377)
at com.rest.assured.RA_handson.equalTo(RA_handson.java:377)
at com.rest.assured.RA_handson.equalTo(RA_handson.java:377)
at com.rest.assured.RA_handson.equalTo(RA_handson.java:377)
at com.rest.assured.RA_handson.equalTo(RA_handson.java:377)
at com.rest.assured.RA_handson.equalTo(RA_handson.java:377)
at com.rest.assured.RA_handson.equalTo(RA_handson.java:377)
at com.rest.assured.RA_handson.equalTo(RA_handson.java:377)
at com.rest.assured.RA_handson.equalTo(RA_handson.java:377)
at com.rest.assured.RA_handson.equalTo(RA_handson.java:377)
at com.rest.assured.RA_handson.equalTo(RA_handson.java:377)
at com.rest.assured.RA_handson.equalTo(RA_handson.java:377)
at com.rest.assured.RA_handson.equalTo(RA_handson.java:377)
at com.rest.assured.RA_handson.equalTo(RA_handson.java:377)
at com.rest.assured.RA_handson.equalTo(RA_handson.java:377)
at com.rest.assured.RA_handson.equalTo(RA_handson.java:377)
at com.rest.assured.RA_handson.equalTo(RA_handson.java:377)
at com.rest.assured.RA_handson.equalTo(RA_handson.java:377)
at com.rest.assured.RA_handson.equalTo(RA_handson.java:377)
at com.rest.assured.RA_handson.equalTo(RA_handson.java:377)
at com.rest.assured.RA_handson.equalTo(RA_handson.java:377)
at com.rest.assured.RA_handson.equalTo(RA_handson.java:377)
at com.rest.assured.RA_handson.equalTo(RA_handson.java:377)
at com.rest.assured.RA_handson.equalTo(RA_handson.java:377)
at com.rest.assured.RA_handson.equalTo(RA_handson.java:377)
at com.rest.assured.RA_handson.equalTo(RA_handson.java:377)
at com.rest.assured.RA_handson.equalTo(RA_handson.java:377)
at com.rest.assured.RA_handson.equalTo(RA_handson.java:377)
at com.rest.assured.RA_handson.equalTo(RA_handson.java:377)
at com.rest.assured.RA_handson.equalTo(RA_handson.java:377)
at com.rest.assured.RA_handson.equalTo(RA_handson.java:377)
at com.rest.assured.RA_handson.equalTo(RA_handson.java:377)
at com.rest.assured.RA_handson.equalTo(RA_handson.java:377)
at com.rest.assured.RA_handson.equalTo(RA_handson.java:377)
at com.rest.assured.RA_handson.equalTo(RA_handson.java:377)
at com.rest.assured.RA_handson.equalTo(RA_handson.java:377)
at com.rest.assured.RA_handson.equalTo(RA_handson.java:377)
at com.rest.assured.RA_handson.equalTo(RA_handson.java:377)
at com.rest.assured.RA_handson.equalTo(RA_handson.java:377)
at com.rest.assured.RA_handson.equalTo(RA_handson.java:377)
at com.rest.assured.RA_handson.equalTo(RA_handson.java:377)
at com.rest.assured.RA_handson.equalTo(RA_handson.java:377)
at com.rest.assured.RA_handson.equalTo(RA_handson.java:377)
at com.rest.assured.RA_handson.equalTo(RA_handson.java:377)
at com.rest.assured.RA_handson.equalTo(RA_handson.java:377)
at com.rest.assured.RA_handson.equalTo(RA_handson.java:377)
at com.rest.assured.RA_handson.equalTo(RA_handson.java:377)
at com.rest.assured.RA_handson.equalTo(RA_handson.java:377)
at com.rest.assured.RA_handson.equalTo(RA_handson.java:377)
at com.rest.assured.RA_handson.equalTo(RA_handson.java:377)
at com.rest.assured.RA_handson.equalTo(RA_handson.java:377)
at com.rest.assured.RA_handson.equalTo(RA_handson.java:377)
at com.rest.assured.RA_handson.equalTo(RA_handson.java:377)
at com.rest.assured.RA_handson.equalTo(RA_handson.java:377)
at com.rest.assured.RA_handson.equalTo(RA_handson.java:377)
at com.rest.assured.RA_handson.equalTo(RA_handson.java:377)
at com.rest.assured.RA_handson.equalTo(RA_handson.java:377)
at com.rest.assured.RA_handson.equalTo(RA_handson.java:377)
at com.rest.assured.RA_handson.equalTo(RA_handson.java:377)
at com.rest.assured.RA_handson.equalTo(RA_handson.java:377)
at com.rest.assured.RA_handson.equalTo(RA_handson.java:377)
at com.rest.assured.RA_handson.equalTo(RA_handson.java:377)
at com.rest.assured.RA_handson.equalTo(RA_handson.java:377)
at com.rest.assured.RA_handson.equalTo(RA_handson.java:377)
at com.rest.assured.RA_handson.equalTo(RA_handson.java:377)
at com.rest.assured.RA_handson.equalTo(RA_handson.java:377)
at com.rest.assured.RA_handson.equalTo(RA_handson.java:377)
at com.rest.assured.RA_handson.equalTo(RA_handson.java:377)
at com.rest.assured.RA_handson.equalTo(RA_handson.java:377)
at com.rest.assured.RA_handson.equalTo(RA_handson.java:377)
at com.rest.assured.RA_handson.equalTo(RA_handson.java:377)
at com.rest.assured.RA_handson.equalTo(RA_handson.java:377)
at com.rest.assured.RA_handson.equalTo(RA_handson.java:377)
at com.rest.assured.RA_handson.equalTo(RA_handson.java:377)
at com.rest.assured.RA_handson.equalTo(RA_handson.java:377)
at com.rest.assured.RA_handson.equalTo(RA_handson.java:377)
at com.rest.assured.RA_handson.equalTo(RA_handson.java:377)
at com.rest.assured.RA_handson.equalTo(RA_handson.java:377)
at com.rest.assured.RA_handson.equalTo(RA_handson.java:377)
at com.rest.assured.RA_handson.equalTo(RA_handson.java:377)
at com.rest.assured.RA_handson.equalTo(RA_handson.java:377)
at com.rest.assured.RA_handson.equalTo(RA_handson.java:377)
at com.rest.assured.RA_handson.equalTo(RA_handson.java:377)
at com.rest.assured.RA_handson.equalTo(RA_handson.java:377)
at com.rest.assured.RA_handson.equalTo(RA_handson.java:377)
at com.rest.assured.RA_handson.equalTo(RA_handson.java:377)
at com.rest.assured.RA_handson.equalTo(RA_handson.java:377)
at com.rest.assured.RA_handson.equalTo(RA_handson.java:377)
at com.rest.assured.RA_handson.equalTo(RA_handson.java:377)
at com.rest.assured.RA_handson.equalTo(RA_handson.java:377)
at com.rest.assured.RA_handson.equalTo(RA_handson.java:377)
at com.rest.assured.RA_handson.equalTo(RA_handson.java:377)
at com.rest.assured.RA_handson.equalTo(RA_handson.java:377)
at com.rest.assured.RA_handson.equalTo(RA_handson.java:377)
at com.rest.assured.RA_handson.equalTo(RA_handson.java:377)
at com.rest.assured.RA_handson.equalTo(RA_handson.java:377)
at com.rest.assured.RA_handson.equalTo(RA_handson.java:377)
at com.rest.assured.RA_handson.equalTo(RA_handson.java:377)
at com.rest.assured.RA_handson.equalTo(RA_handson.java:377)
at com.rest.assured.RA_handson.equalTo(RA_handson.java:377)
at com.rest.assured.RA_handson.equalTo(RA_handson.java:377)
at com.rest.assured.RA_handson.equalTo(RA_handson.java:377)
at com.rest.assured.RA_handson.equalTo(RA_handson.java:377)
at com.rest.assured.RA_handson.equalTo(RA_handson.java:377)
at com.rest.assured.RA_handson.equalTo(RA_handson.java:377)
at com.rest.assured.RA_handson.equalTo(RA_handson.java:377)
at com.rest.assured.RA_handson.equalTo(RA_handson.java:377)
at com.rest.assured.RA_handson.equalTo(RA_handson.java:377)
at com.rest.assured.RA_handson.equalTo(RA_handson.java:377)
at com.rest.assured.RA_handson.equalTo(RA_handson.java:377)
at com.rest.assured.RA_handson.equalTo(RA_handson.java:377)
at com.rest.assured.RA_handson.equalTo(RA_handson.java:377)
at com.rest.assured.RA_handson.equalTo(RA_handson.java:377)
at com.rest.assured.RA_handson.equalTo(RA_handson.java:377)
at com.rest.assured.RA_handson.equalTo(RA_handson.java:377)
at com.rest.assured.RA_handson.equalTo(RA_handson.java:377)
at com.rest.assured.RA_handson.equalTo(RA_handson.java:377)
at com.rest.assured.RA_handson.equalTo(RA_handson.java:377)
at com.rest.assured.RA_handson.equalTo(RA_handson.java:377)
at com.rest.assured.RA_handson.equalTo(RA_handson.java:377)
at com.rest.assured.RA_handson.equalTo(RA_handson.java:377)
at com.rest.assured.RA_handson.equalTo(RA_handson.java:377)
at com.rest.assured.RA_handson.equalTo(RA_handson.java:377)
at com.rest.assured.RA_handson.equalTo(RA_handson.java:377)
at com.rest.assured.RA_handson.equalTo(RA_handson.java:377)
at com.rest.assured.RA_handson.equalTo(RA_handson.java:377)
at com.rest.assured.RA_handson.equalTo(RA_handson.java:377)
at com.rest.assured.RA_handson.equalTo(RA_handson.java:377)
at com.rest.assured.RA_handson.equalTo(RA_handson.java:377)
at com.rest.assured.RA_handson.equalTo(RA_handson.java:377)
at com.rest.assured.RA_handson.equalTo(RA_handson.java:377)
at com.rest.assured.RA_handson.equalTo(RA_handson.java:377)
at com.rest.assured.RA_handson.equalTo(RA_handson.java:377)
at com.rest.assured.RA_handson.equalTo(RA_handson.java:377)
at com.rest.assured.RA_handson.equalTo(RA_handson.java:377)
at com.rest.assured.RA_handson.equalTo(RA_handson.java:377)
at com.rest.assured.RA_handson.equalTo(RA_handson.java:377)
at com.rest.assured.RA_handson.equalTo(RA_handson.java:377)
at com.rest.assured.RA_handson.equalTo(RA_handson.java:377)
at com.rest.assured.RA_handson.equalTo(RA_handson.java:377)
at com.rest.assured.RA_handson.equalTo(RA_handson.java:377)
at com.rest.assured.RA_handson.equalTo(RA_handson.java:377)
at com.rest.assured.RA_handson.equalTo(RA_handson.java:377)
at com.rest.assured.RA_handson.equalTo(RA_handson.java:377)
at com.rest.assured.RA_handson.equalTo(RA_handson.java:377)
at com.rest.assured.RA_handson.equalTo(RA_handson.java:377)
at com.rest.assured.RA_handson.equalTo(RA_handson.java:377)
at com.rest.assured.RA_handson.equalTo(RA_handson.java:377)
at com.rest.assured.RA_handson.equalTo(RA_handson.java:377)
at com.rest.assured.RA_handson.equalTo(RA_handson.java:377)
at com.rest.assured.RA_handson.equalTo(RA_handson.java:377)
at com.rest.assured.RA_handson.equalTo(RA_handson.java:377)
at com.rest.assured.RA_handson.equalTo(RA_handson.java:377)
at com.rest.assured.RA_handson.equalTo(RA_handson.java:377)
at com.rest.assured.RA_handson.equalTo(RA_handson.java:377)
at com.rest.assured.RA_handson.equalTo(RA_handson.java:377)
at com.rest.assured.RA_handson.equalTo(RA_handson.java:377)
at com.rest.assured.RA_handson.equalTo(RA_handson.java:377)
at com.rest.assured.RA_handson.equalTo(RA_handson.java:377)
at com.rest.assured.RA_handson.equalTo(RA_handson.java:377)
at com.rest.assured.RA_handson.equalTo(RA_handson.java:377)
at com.rest.assured.RA_handson.equalTo(RA_handson.java:377)
at com.rest.assured.RA_handson.equalTo(RA_handson.java:377)
at com.rest.assured.RA_handson.equalTo(RA_handson.java:377)
at com.rest.assured.RA_handson.equalTo(RA_handson.java:377)
at com.rest.assured.RA_handson.equalTo(RA_handson.java:377)
at com.rest.assured.RA_handson.equalTo(RA_handson.java:377)
at com.rest.assured.RA_handson.equalTo(RA_handson.java:377)
at com.rest.assured.RA_handson.equalTo(RA_handson.java:377)
at com.rest.assured.RA_handson.equalTo(RA_handson.java:377)
at com.rest.assured.RA_handson.equalTo(RA_handson.java:377)
at com.rest.assured.RA_handson.equalTo(RA_handson.java:377)
at com.rest.assured.RA_handson.equalTo(RA_handson.java:377)
at com.rest.assured.RA_handson.equalTo(RA_handson.java:377)
at com.rest.assured.RA_handson.equalTo(RA_handson.java:377)
at com.rest.assured.RA_handson.equalTo(RA_handson.java:377)
at com.rest.assured.RA_handson.equalTo(RA_handson.java:377)
at com.rest.assured.RA_handson.equalTo(RA_handson.java:377)
at com.rest.assured.RA_handson.equalTo(RA_handson.java:377)
at com.rest.assured.RA_handson.equalTo(RA_handson.java:377)
at com.rest.assured.RA_handson.equalTo(RA_handson.java:377)
at com.rest.assured.RA_handson.equalTo(RA_handson.java:377)
at com.rest.assured.RA_handson.equalTo(RA_handson.java:377)
at com.rest.assured.RA_handson.equalTo(RA_handson.java:377)
at com.rest.assured.RA_handson.equalTo(RA_handson.java:377)
at com.rest.assured.RA_handson.equalTo(RA_handson.java:377)
at com.rest.assured.RA_handson.equalTo(RA_handson.java:377)
at com.rest.assured.RA_handson.equalTo(RA_handson.java:377)
at com.rest.assured.RA_handson.equalTo(RA_handson.java:377)
at com.rest.assured.RA_handson.equalTo(RA_handson.java:377)
at com.rest.assured.RA_handson.equalTo(RA_handson.java:377)
at com.rest.assured.RA_handson.equalTo(RA_handson.java:377)
at com.rest.assured.RA_handson.equalTo(RA_handson.java:377)
at com.rest.assured.RA_handson.equalTo(RA_handson.java:377)
at com.rest.assured.RA_handson.equalTo(RA_handson.java:377)
at com.rest.assured.RA_handson.equalTo(RA_handson.java:377)
at com.rest.assured.RA_handson.equalTo(RA_handson.java:377)
at com.rest.assured.RA_handson.equalTo(RA_handson.java:377)
at com.rest.assured.RA_handson.equalTo(RA_handson.java:377)
at com.rest.assured.RA_handson.equalTo(RA_handson.java:377)
at com.rest.assured.RA_handson.equalTo(RA_handson.java:377)
at com.rest.assured.RA_handson.equalTo(RA_handson.java:377)
at com.rest.assured.RA_handson.equalTo(RA_handson.java:377)
at com.rest.assured.RA_handson.equalTo(RA_handson.java:377)
]]>
            </full-stacktrace>
          </exception> <!-- java.lang.StackOverflowError -->
          <reporter-output>
          </reporter-output>
        </test-method> <!-- header -->
      </class> <!-- com.rest.assured.RA_handson -->
    </test> <!-- Default test -->
  </suite> <!-- Default suite -->
</testng-results>
